<!DOCTYPE html PUBLIC "-//W3C//DTD XHTML 1.1//EN" "https://www.w3.org/TR/xhtml11/DTD/xhtml11.dtd">
<html xmlns="https://www.w3.org/1999/xhtml">
<head>
<meta http-equiv="content-type" content="text/html; charset=UTF-8"/>
<title>TestNG Report</title>
<style type="text/css">table {margin-bottom:10px;border-collapse:collapse;empty-cells:show}th,td {border:1px solid #009;padding:.25em .5em}th {vertical-align:bottom}td {vertical-align:top}table a {font-weight:bold}.stripe td {background-color: #E6EBF9}.num {text-align:right}.passedodd td {background-color: #3F3}.passedeven td {background-color: #0A0}.skippedodd td {background-color: #DDD}.skippedeven td {background-color: #CCC}.failedodd td,.attn {background-color: #F33}.failedeven td,.stripe .attn {background-color: #D00}.stacktrace {white-space:pre;font-family:monospace}.totop {font-size:85%;text-align:center;border-bottom:2px solid #000}.invisible {display:none}</style>
</head>
<body>
<table>
<tr><th>Test</th><th># Passed</th><th># Skipped</th><th># Retried</th><th># Failed</th><th>Time (ms)</th><th>Included Groups</th><th>Excluded Groups</th></tr>
<tr><th colspan="8">Suite</th></tr>
<tr><td><a href="#t0">Test</a></td><td class="num">35</td><td class="num">0</td><td class="num">0</td><td class="num attn">7</td><td class="num">465,856</td><td></td><td></td></tr>
</table>
<table id='summary'><thead><tr><th>Class</th><th>Method</th><th>Start</th><th>Time (ms)</th></tr></thead><tbody><tr><th colspan="4">Suite</th></tr></tbody><tbody id="t0"><tr><th colspan="4">Test &#8212; failed</th></tr><tr class="failedeven"><td rowspan="2">tests.ContactAddTest</td><td><a href="#m0">testAddContact</a></td><td rowspan="2">1744666543331</td><td rowspan="2">19374</td></tr><tr class="failedeven"><td><a href="#m1">testAddContact</a></td></tr><tr class="failedodd"><td rowspan="2">tests.ContactDeleteTest</td><td><a href="#m2">testCancelDeleteContact</a></td><td rowspan="1">1744666688404</td><td rowspan="1">8358</td></tr><tr class="failedodd"><td><a href="#m3">testOtherContactsUnaffected</a></td><td rowspan="1">1744666716444</td><td rowspan="1">10040</td></tr><tr class="failedeven"><td rowspan="1">tests.ContactDisplayTest</td><td><a href="#m4">viewAndVerifyContactList</a></td><td rowspan="1">1744666606287</td><td rowspan="1">0</td></tr><tr class="failedodd"><td rowspan="1">tests.ContactEditTest</td><td><a href="#m5">testEditContact</a></td><td rowspan="1">1744666648516</td><td rowspan="1">4336</td></tr><tr class="failedeven"><td rowspan="1">tests.LogoutTest</td><td><a href="#m6">LogoutwithoutLogin</a></td><td rowspan="1">1744666750913</td><td rowspan="1">10017</td></tr><tr><th colspan="4">Test &#8212; passed</th></tr><tr class="passedeven"><td rowspan="4">tests.ContactAddTest</td><td><a href="#m7">testAddContact</a></td><td rowspan="4">1744666566894</td><td rowspan="4">9617</td></tr><tr class="passedeven"><td><a href="#m8">testAddContact</a></td></tr><tr class="passedeven"><td><a href="#m9">testAddContact</a></td></tr><tr class="passedeven"><td><a href="#m10">testAddContact</a></td></tr><tr class="passedodd"><td rowspan="2">tests.ContactDeleteTest</td><td><a href="#m11">testDeleteNonExistentContact</a></td><td rowspan="1">1744666701605</td><td rowspan="1">10041</td></tr><tr class="passedodd"><td><a href="#m12">testDeleteSingleContact</a></td><td rowspan="1">1744666675259</td><td rowspan="1">8498</td></tr><tr class="passedeven"><td rowspan="5">tests.ContactDisplayTest</td><td><a href="#m13">testAllEmailsValid</a></td><td rowspan="1">1744666633235</td><td rowspan="1">10658</td></tr><tr class="passedeven"><td><a href="#m14">testContactDisplayed</a></td><td rowspan="1">1744666610329</td><td rowspan="1">6507</td></tr><tr class="passedeven"><td><a href="#m15">testContactInfoByName</a></td><td rowspan="1">1744666620974</td><td rowspan="1">1769</td></tr><tr class="passedeven"><td><a href="#m16">testContactsSortedByName</a></td><td rowspan="1">1744666626978</td><td rowspan="1">1555</td></tr><tr class="passedeven"><td><a href="#m17">testPrintAllContacts</a></td><td rowspan="1">1744666604143</td><td rowspan="1">1905</td></tr><tr class="passedodd"><td rowspan="2">tests.ContactEditTest</td><td><a href="#m18">testEditContact</a></td><td rowspan="2">1744666665899</td><td rowspan="2">4332</td></tr><tr class="passedodd"><td><a href="#m19">testEditContact</a></td></tr><tr class="passedeven"><td rowspan="9">tests.LoginTest</td><td><a href="#m20">testValidLogin</a></td><td rowspan="9">1744666450312</td><td rowspan="9">5829</td></tr><tr class="passedeven"><td><a href="#m21">testValidLogin</a></td></tr><tr class="passedeven"><td><a href="#m22">testValidLogin</a></td></tr><tr class="passedeven"><td><a href="#m23">testValidLogin</a></td></tr><tr class="passedeven"><td><a href="#m24">testValidLogin</a></td></tr><tr class="passedeven"><td><a href="#m25">testValidLogin</a></td></tr><tr class="passedeven"><td><a href="#m26">testValidLogin</a></td></tr><tr class="passedeven"><td><a href="#m27">testValidLogin</a></td></tr><tr class="passedeven"><td><a href="#m28">testValidLogin</a></td></tr><tr class="passedodd"><td rowspan="4">tests.LogoutTest</td><td><a href="#m29">backButtonAfterLogout</a></td><td rowspan="1">1744666744959</td><td rowspan="1">1960</td></tr><tr class="passedodd"><td><a href="#m30">logoutBtnVisible</a></td><td rowspan="1">1744666730793</td><td rowspan="1">1339</td></tr><tr class="passedodd"><td><a href="#m31">refreshAfterLogout</a></td><td rowspan="1">1744666766535</td><td rowspan="1">2402</td></tr><tr class="passedodd"><td><a href="#m32">validLogout</a></td><td rowspan="1">1744666736636</td><td rowspan="1">4097</td></tr><tr class="passedeven"><td rowspan="9">tests.SignUpTest</td><td><a href="#m33">testSignUppage</a></td><td rowspan="9">1744666388873</td><td rowspan="9">6504</td></tr><tr class="passedeven"><td><a href="#m34">testSignUppage</a></td></tr><tr class="passedeven"><td><a href="#m35">testSignUppage</a></td></tr><tr class="passedeven"><td><a href="#m36">testSignUppage</a></td></tr><tr class="passedeven"><td><a href="#m37">testSignUppage</a></td></tr><tr class="passedeven"><td><a href="#m38">testSignUppage</a></td></tr><tr class="passedeven"><td><a href="#m39">testSignUppage</a></td></tr><tr class="passedeven"><td><a href="#m40">testSignUppage</a></td></tr><tr class="passedeven"><td><a href="#m41">testSignUppage</a></td></tr></tbody>
</table>
<h2>Test</h2><h3 id="m0">tests.ContactAddTest#testAddContact</h3><table class="result"><tr class="param"><th>Parameter #1</th><th>Parameter #2</th><th>Parameter #3</th><th>Parameter #4</th><th>Parameter #5</th><th>Parameter #6</th><th>Parameter #7</th><th>Parameter #8</th><th>Parameter #9</th><th>Parameter #10</th><th>Parameter #11</th><th>Parameter #12</th></tr><tr class="param stripe"><td>Bharathi</td><td>Magesh</td><td>1995-05-28</td><td>bharathu@gmail.com</td><td>9546218596</td><td>1540 S Stratford Rd</td><td>Winston-Salem</td><td>SF</td><td>North Carolina</td><td>27103</td><td>Canada</td><td>Fail(Invalid DOB Date)</td></tr><tr><th colspan="12">Exception</th></tr><tr><td colspan="12"><div class="stacktrace">org.openqa.selenium.NoSuchElementException: no such element: Unable to locate element: {&quot;method&quot;:&quot;css selector&quot;,&quot;selector&quot;:&quot;#error&quot;}
  (Session info: chrome=134.0.6998.89)
For documentation on this error, please visit: https://www.selenium.dev/documentation/webdriver/troubleshooting/errors#no-such-element-exception
Build info: version: &apos;4.21.0&apos;, revision: &apos;79ed462ef4&apos;
System info: os.name: &apos;Windows 11&apos;, os.arch: &apos;amd64&apos;, os.version: &apos;10.0&apos;, java.version: &apos;17.0.14&apos;
Driver info: org.openqa.selenium.chrome.ChromeDriver
Command: [afdd922097ccaff9d5c0b5c31182561e, findElement {using=id, value=error}]
Capabilities {acceptInsecureCerts: false, browserName: chrome, browserVersion: 134.0.6998.89, chrome: {chromedriverVersion: 134.0.6998.165 (fd886e2cb29..., userDataDir: C:\Users\madhu\AppData\Loca...}, fedcm:accounts: true, goog:chromeOptions: {debuggerAddress: localhost:49250}, networkConnectionEnabled: false, pageLoadStrategy: normal, platformName: windows, proxy: Proxy(), se:cdp: ws://localhost:49250/devtoo..., se:cdpVersion: 134.0.6998.89, setWindowRect: true, strictFileInteractability: false, timeouts: {implicit: 0, pageLoad: 300000, script: 30000}, unhandledPromptBehavior: dismiss and notify, webauthn:extension:credBlob: true, webauthn:extension:largeBlob: true, webauthn:extension:minPinLength: true, webauthn:extension:prf: true, webauthn:virtualAuthenticators: true}
Session ID: afdd922097ccaff9d5c0b5c31182561e
	at org.openqa.selenium.remote.ErrorCodec.decode(ErrorCodec.java:167)
	at org.openqa.selenium.remote.codec.w3c.W3CHttpResponseCodec.decode(W3CHttpResponseCodec.java:138)
	at org.openqa.selenium.remote.codec.w3c.W3CHttpResponseCodec.decode(W3CHttpResponseCodec.java:50)
	at org.openqa.selenium.remote.HttpCommandExecutor.execute(HttpCommandExecutor.java:190)
	at org.openqa.selenium.remote.service.DriverCommandExecutor.invokeExecute(DriverCommandExecutor.java:216)
	at org.openqa.selenium.remote.service.DriverCommandExecutor.execute(DriverCommandExecutor.java:174)
	at org.openqa.selenium.remote.RemoteWebDriver.execute(RemoteWebDriver.java:518)
	at org.openqa.selenium.remote.ElementLocation$ElementFinder$2.findElement(ElementLocation.java:165)
	at org.openqa.selenium.remote.ElementLocation.findElement(ElementLocation.java:59)
	at org.openqa.selenium.remote.RemoteWebDriver.findElement(RemoteWebDriver.java:355)
	at org.openqa.selenium.remote.RemoteWebDriver.findElement(RemoteWebDriver.java:349)
	at org.openqa.selenium.support.pagefactory.DefaultElementLocator.findElement(DefaultElementLocator.java:68)
	at org.openqa.selenium.support.pagefactory.internal.LocatingElementHandler.invoke(LocatingElementHandler.java:38)
	at jdk.proxy2/jdk.proxy2.$Proxy22.getSize(Unknown Source)
	at pages.ContactAddPage.isErrorDisplayed(ContactAddPage.java:135)
	at tests.ContactAddTest.testAddContact(ContactAddTest.java:62)
	at java.base/java.util.ArrayList.forEach(ArrayList.java:1511)
... Removed 32 stack frames</div></td></tr></table><p class="totop"><a href="#summary">back to summary</a></p>
<h3 id="m1">tests.ContactAddTest#testAddContact</h3><table class="result"><tr class="param"><th>Parameter #1</th><th>Parameter #2</th><th>Parameter #3</th><th>Parameter #4</th><th>Parameter #5</th><th>Parameter #6</th><th>Parameter #7</th><th>Parameter #8</th><th>Parameter #9</th><th>Parameter #10</th><th>Parameter #11</th><th>Parameter #12</th></tr><tr class="param stripe"><td>Guvi</td><td>Test</td><td>1995-05-30</td><td>mokthi@gmail.com</td><td>1548896285</td><td>485 R Vivi 59</td><td>TVT Road</td><td>NT</td><td>Onida</td><td>845962</td><td>Malaysia</td><td>Fail (Same Mail ID)</td></tr><tr><th colspan="12">Exception</th></tr><tr><td colspan="12"><div class="stacktrace">org.openqa.selenium.NoSuchElementException: no such element: Unable to locate element: {&quot;method&quot;:&quot;css selector&quot;,&quot;selector&quot;:&quot;#error&quot;}
  (Session info: chrome=134.0.6998.89)
For documentation on this error, please visit: https://www.selenium.dev/documentation/webdriver/troubleshooting/errors#no-such-element-exception
Build info: version: &apos;4.21.0&apos;, revision: &apos;79ed462ef4&apos;
System info: os.name: &apos;Windows 11&apos;, os.arch: &apos;amd64&apos;, os.version: &apos;10.0&apos;, java.version: &apos;17.0.14&apos;
Driver info: org.openqa.selenium.chrome.ChromeDriver
Command: [3436a6d4f9efd3d029c9b80c48165853, findElement {using=id, value=error}]
Capabilities {acceptInsecureCerts: false, browserName: chrome, browserVersion: 134.0.6998.89, chrome: {chromedriverVersion: 134.0.6998.165 (fd886e2cb29..., userDataDir: C:\Users\madhu\AppData\Loca...}, fedcm:accounts: true, goog:chromeOptions: {debuggerAddress: localhost:49318}, networkConnectionEnabled: false, pageLoadStrategy: normal, platformName: windows, proxy: Proxy(), se:cdp: ws://localhost:49318/devtoo..., se:cdpVersion: 134.0.6998.89, setWindowRect: true, strictFileInteractability: false, timeouts: {implicit: 0, pageLoad: 300000, script: 30000}, unhandledPromptBehavior: dismiss and notify, webauthn:extension:credBlob: true, webauthn:extension:largeBlob: true, webauthn:extension:minPinLength: true, webauthn:extension:prf: true, webauthn:virtualAuthenticators: true}
Session ID: 3436a6d4f9efd3d029c9b80c48165853
	at org.openqa.selenium.remote.ErrorCodec.decode(ErrorCodec.java:167)
	at org.openqa.selenium.remote.codec.w3c.W3CHttpResponseCodec.decode(W3CHttpResponseCodec.java:138)
	at org.openqa.selenium.remote.codec.w3c.W3CHttpResponseCodec.decode(W3CHttpResponseCodec.java:50)
	at org.openqa.selenium.remote.HttpCommandExecutor.execute(HttpCommandExecutor.java:190)
	at org.openqa.selenium.remote.service.DriverCommandExecutor.invokeExecute(DriverCommandExecutor.java:216)
	at org.openqa.selenium.remote.service.DriverCommandExecutor.execute(DriverCommandExecutor.java:174)
	at org.openqa.selenium.remote.RemoteWebDriver.execute(RemoteWebDriver.java:518)
	at org.openqa.selenium.remote.ElementLocation$ElementFinder$2.findElement(ElementLocation.java:165)
	at org.openqa.selenium.remote.ElementLocation.findElement(ElementLocation.java:59)
	at org.openqa.selenium.remote.RemoteWebDriver.findElement(RemoteWebDriver.java:355)
	at org.openqa.selenium.remote.RemoteWebDriver.findElement(RemoteWebDriver.java:349)
	at org.openqa.selenium.support.pagefactory.DefaultElementLocator.findElement(DefaultElementLocator.java:68)
	at org.openqa.selenium.support.pagefactory.internal.LocatingElementHandler.invoke(LocatingElementHandler.java:38)
	at jdk.proxy2/jdk.proxy2.$Proxy22.getSize(Unknown Source)
	at pages.ContactAddPage.isErrorDisplayed(ContactAddPage.java:135)
	at tests.ContactAddTest.testAddContact(ContactAddTest.java:62)
	at java.base/java.util.ArrayList.forEach(ArrayList.java:1511)
... Removed 32 stack frames</div></td></tr></table><p class="totop"><a href="#summary">back to summary</a></p>
<h3 id="m2">tests.ContactDeleteTest#testCancelDeleteContact</h3><table class="result"><tr><th>Exception</th></tr><tr><td><div class="stacktrace">org.openqa.selenium.NoAlertPresentException: no such alert
  (Session info: chrome=134.0.6998.89)
Build info: version: &apos;4.21.0&apos;, revision: &apos;79ed462ef4&apos;
System info: os.name: &apos;Windows 11&apos;, os.arch: &apos;amd64&apos;, os.version: &apos;10.0&apos;, java.version: &apos;17.0.14&apos;
Driver info: org.openqa.selenium.chrome.ChromeDriver
Command: [8ed0b59b9fd9650a5487a4687bdd05c4, getAlertText {}]
Capabilities {acceptInsecureCerts: false, browserName: chrome, browserVersion: 134.0.6998.89, chrome: {chromedriverVersion: 134.0.6998.165 (fd886e2cb29..., userDataDir: C:\Users\madhu\AppData\Loca...}, fedcm:accounts: true, goog:chromeOptions: {debuggerAddress: localhost:49869}, networkConnectionEnabled: false, pageLoadStrategy: normal, platformName: windows, proxy: Proxy(), se:cdp: ws://localhost:49869/devtoo..., se:cdpVersion: 134.0.6998.89, setWindowRect: true, strictFileInteractability: false, timeouts: {implicit: 0, pageLoad: 300000, script: 30000}, unhandledPromptBehavior: dismiss and notify, webauthn:extension:credBlob: true, webauthn:extension:largeBlob: true, webauthn:extension:minPinLength: true, webauthn:extension:prf: true, webauthn:virtualAuthenticators: true}
Session ID: 8ed0b59b9fd9650a5487a4687bdd05c4
	at org.openqa.selenium.remote.ErrorCodec.decode(ErrorCodec.java:167)
	at org.openqa.selenium.remote.codec.w3c.W3CHttpResponseCodec.decode(W3CHttpResponseCodec.java:138)
	at org.openqa.selenium.remote.codec.w3c.W3CHttpResponseCodec.decode(W3CHttpResponseCodec.java:50)
	at org.openqa.selenium.remote.HttpCommandExecutor.execute(HttpCommandExecutor.java:190)
	at org.openqa.selenium.remote.service.DriverCommandExecutor.invokeExecute(DriverCommandExecutor.java:216)
	at org.openqa.selenium.remote.service.DriverCommandExecutor.execute(DriverCommandExecutor.java:174)
	at org.openqa.selenium.remote.RemoteWebDriver.execute(RemoteWebDriver.java:518)
	at org.openqa.selenium.remote.RemoteWebDriver.execute(RemoteWebDriver.java:591)
	at org.openqa.selenium.remote.RemoteWebDriver.execute(RemoteWebDriver.java:595)
	at org.openqa.selenium.remote.RemoteWebDriver$RemoteTargetLocator.alert(RemoteWebDriver.java:1163)
	at tests.ContactDeleteTest.testCancelDeleteContact(ContactDeleteTest.java:74)
	at java.base/java.util.ArrayList.forEach(ArrayList.java:1511)
... Removed 32 stack frames</div></td></tr></table><p class="totop"><a href="#summary">back to summary</a></p>
<h3 id="m3">tests.ContactDeleteTest#testOtherContactsUnaffected</h3><table class="result"><tr><th>Exception</th></tr><tr><td><div class="stacktrace">java.lang.AssertionError: Unaffected contact missing expected [true] but found [false]
	at tests.ContactDeleteTest.testOtherContactsUnaffected(ContactDeleteTest.java:103)
	at java.base/java.util.ArrayList.forEach(ArrayList.java:1511)
... Removed 30 stack frames</div></td></tr></table><p class="totop"><a href="#summary">back to summary</a></p>
<h3 id="m4">tests.ContactDisplayTest#viewAndVerifyContactList</h3><table class="result"><tr><th>Exception</th></tr><tr><td><div class="stacktrace">org.testng.TestNGException: 
Cannot inject @Test annotated Method [viewAndVerifyContactList] with [class java.lang.String, class java.lang.String].
For more information on native dependency injection please refer to https://testng.org/#_dependency_injection
	at java.base/java.util.ArrayList.forEach(ArrayList.java:1511)
... Removed 26 stack frames</div></td></tr></table><p class="totop"><a href="#summary">back to summary</a></p>
<h3 id="m5">tests.ContactEditTest#testEditContact</h3><table class="result"><tr class="param"><th>Parameter #1</th><th>Parameter #2</th><th>Parameter #3</th><th>Parameter #4</th><th>Parameter #5</th><th>Parameter #6</th></tr><tr class="param stripe"><td>Ragini</td><td>Dass</td><td>ragini@gmail.com</td><td>8549657452</td><td>1993/02/02</td><td>Success</td></tr><tr><th colspan="6">Exception</th></tr><tr><td colspan="6"><div class="stacktrace">java.lang.AssertionError: Edit should be successful expected [true] but found [false]
	at tests.ContactEditTest.testEditContact(ContactEditTest.java:78)
	at java.base/java.util.ArrayList.forEach(ArrayList.java:1511)
... Removed 30 stack frames</div></td></tr></table><p class="totop"><a href="#summary">back to summary</a></p>
<h3 id="m6">tests.LogoutTest#LogoutwithoutLogin</h3><table class="result"><tr><th>Exception</th></tr><tr><td><div class="stacktrace">org.openqa.selenium.NoSuchElementException: no such element: Unable to locate element: {&quot;method&quot;:&quot;css selector&quot;,&quot;selector&quot;:&quot;#logout&quot;}
  (Session info: chrome=134.0.6998.89)
For documentation on this error, please visit: https://www.selenium.dev/documentation/webdriver/troubleshooting/errors#no-such-element-exception
Build info: version: &apos;4.21.0&apos;, revision: &apos;79ed462ef4&apos;
System info: os.name: &apos;Windows 11&apos;, os.arch: &apos;amd64&apos;, os.version: &apos;10.0&apos;, java.version: &apos;17.0.14&apos;
Driver info: org.openqa.selenium.chrome.ChromeDriver
Command: [4e25a91b08650f695f1fe5c74847de33, findElement {using=css selector, value=#logout}]
Capabilities {acceptInsecureCerts: false, browserName: chrome, browserVersion: 134.0.6998.89, chrome: {chromedriverVersion: 134.0.6998.165 (fd886e2cb29..., userDataDir: C:\Users\madhu\AppData\Loca...}, fedcm:accounts: true, goog:chromeOptions: {debuggerAddress: localhost:50037}, networkConnectionEnabled: false, pageLoadStrategy: normal, platformName: windows, proxy: Proxy(), se:cdp: ws://localhost:50037/devtoo..., se:cdpVersion: 134.0.6998.89, setWindowRect: true, strictFileInteractability: false, timeouts: {implicit: 0, pageLoad: 300000, script: 30000}, unhandledPromptBehavior: dismiss and notify, webauthn:extension:credBlob: true, webauthn:extension:largeBlob: true, webauthn:extension:minPinLength: true, webauthn:extension:prf: true, webauthn:virtualAuthenticators: true}
Session ID: 4e25a91b08650f695f1fe5c74847de33
	at org.openqa.selenium.remote.ErrorCodec.decode(ErrorCodec.java:167)
	at org.openqa.selenium.remote.codec.w3c.W3CHttpResponseCodec.decode(W3CHttpResponseCodec.java:138)
	at org.openqa.selenium.remote.codec.w3c.W3CHttpResponseCodec.decode(W3CHttpResponseCodec.java:50)
	at org.openqa.selenium.remote.HttpCommandExecutor.execute(HttpCommandExecutor.java:190)
	at org.openqa.selenium.remote.service.DriverCommandExecutor.invokeExecute(DriverCommandExecutor.java:216)
	at org.openqa.selenium.remote.service.DriverCommandExecutor.execute(DriverCommandExecutor.java:174)
	at org.openqa.selenium.remote.RemoteWebDriver.execute(RemoteWebDriver.java:518)
	at org.openqa.selenium.remote.ElementLocation$ElementFinder$2.findElement(ElementLocation.java:165)
	at org.openqa.selenium.remote.ElementLocation.findElement(ElementLocation.java:59)
	at org.openqa.selenium.remote.RemoteWebDriver.findElement(RemoteWebDriver.java:355)
	at org.openqa.selenium.remote.RemoteWebDriver.findElement(RemoteWebDriver.java:349)
	at pages.LogoutPage.isLogoutVisible(LogoutPage.java:28)
	at tests.LogoutTest.LogoutwithoutLogin(LogoutTest.java:76)
	at java.base/java.util.ArrayList.forEach(ArrayList.java:1511)
... Removed 32 stack frames</div></td></tr></table><p class="totop"><a href="#summary">back to summary</a></p>
<h3 id="m7">tests.ContactAddTest#testAddContact</h3><table class="result"><tr class="param"><th>Parameter #1</th><th>Parameter #2</th><th>Parameter #3</th><th>Parameter #4</th><th>Parameter #5</th><th>Parameter #6</th><th>Parameter #7</th><th>Parameter #8</th><th>Parameter #9</th><th>Parameter #10</th><th>Parameter #11</th><th>Parameter #12</th></tr><tr class="param stripe"><td>Test</td><td>User</td><td>1995-05-29</td><td>test@invalid_email</td><td>5698742685</td><td>9528 25 Hwy</td><td>9528 25 Hwy</td><td>Austin</td><td>Ontario</td><td>	L9T 2X7</td><td>Italy</td><td>Fail (Invalid Email)</td></tr></table><p class="totop"><a href="#summary">back to summary</a></p>
<h3 id="m8">tests.ContactAddTest#testAddContact</h3><table class="result"><tr class="param"><th>Parameter #1</th><th>Parameter #2</th><th>Parameter #3</th><th>Parameter #4</th><th>Parameter #5</th><th>Parameter #6</th><th>Parameter #7</th><th>Parameter #8</th><th>Parameter #9</th><th>Parameter #10</th><th>Parameter #11</th><th>Parameter #12</th></tr><tr class="param stripe"><td>Mokthi</td><td>Magesh</td><td>1995-05-26</td><td>mokthi@gmail.com</td><td>5454212185</td><td>456 Park Ave</td><td>West Palm Beach</td><td>NY</td><td>Florida</td><td>45879</td><td>United Kingdom</td><td>Success</td></tr></table><p class="totop"><a href="#summary">back to summary</a></p>
<h3 id="m9">tests.ContactAddTest#testAddContact</h3><table class="result"><tr class="param"><th>Parameter #1</th><th>Parameter #2</th><th>Parameter #3</th><th>Parameter #4</th><th>Parameter #5</th><th>Parameter #6</th><th>Parameter #7</th><th>Parameter #8</th><th>Parameter #9</th><th>Parameter #10</th><th>Parameter #11</th><th>Parameter #12</th></tr><tr class="param stripe"><td>Madhu</td><td>Mithra</td><td>1995-05-25</td><td>madhumithra2806@gmail.com</td><td>7845412339</td><td>123 Main St</td><td>Dessau Rd</td><td>LA</td><td>CA</td><td>90001</td><td>Germany</td><td>Success</td></tr></table><p class="totop"><a href="#summary">back to summary</a></p>
<h3 id="m10">tests.ContactAddTest#testAddContact</h3><table class="result"><tr class="param"><th>Parameter #1</th><th>Parameter #2</th><th>Parameter #3</th><th>Parameter #4</th><th>Parameter #5</th><th>Parameter #6</th><th>Parameter #7</th><th>Parameter #8</th><th>Parameter #9</th><th>Parameter #10</th><th>Parameter #11</th><th>Parameter #12</th></tr><tr class="param stripe"><td></td><td>Doe</td><td>1995-05-27</td><td>doe@gmail.com</td><td>9876543210</td><td>12632 S Rte 59</td><td>Illinois</td><td>LA</td><td>Plainfield</td><td>60585</td><td>United States</td><td>Fail(Missing FirstName)</td></tr></table><p class="totop"><a href="#summary">back to summary</a></p>
<h3 id="m11">tests.ContactDeleteTest#testDeleteNonExistentContact</h3><table class="result"><tr><th class="invisible"/></tr></table><p class="totop"><a href="#summary">back to summary</a></p>
<h3 id="m12">tests.ContactDeleteTest#testDeleteSingleContact</h3><table class="result"><tr><th class="invisible"/></tr></table><p class="totop"><a href="#summary">back to summary</a></p>
<h3 id="m13">tests.ContactDisplayTest#testAllEmailsValid</h3><table class="result"><tr><th class="invisible"/></tr></table><p class="totop"><a href="#summary">back to summary</a></p>
<h3 id="m14">tests.ContactDisplayTest#testContactDisplayed</h3><table class="result"><tr><th class="invisible"/></tr></table><p class="totop"><a href="#summary">back to summary</a></p>
<h3 id="m15">tests.ContactDisplayTest#testContactInfoByName</h3><table class="result"><tr><th class="invisible"/></tr></table><p class="totop"><a href="#summary">back to summary</a></p>
<h3 id="m16">tests.ContactDisplayTest#testContactsSortedByName</h3><table class="result"><tr><th class="invisible"/></tr></table><p class="totop"><a href="#summary">back to summary</a></p>
<h3 id="m17">tests.ContactDisplayTest#testPrintAllContacts</h3><table class="result"><tr><th class="invisible"/></tr></table><p class="totop"><a href="#summary">back to summary</a></p>
<h3 id="m18">tests.ContactEditTest#testEditContact</h3><table class="result"><tr class="param"><th>Parameter #1</th><th>Parameter #2</th><th>Parameter #3</th><th>Parameter #4</th><th>Parameter #5</th><th>Parameter #6</th></tr><tr class="param stripe"><td></td><td>Preethi</td><td>preethi@gmail.com</td><td>8451296584</td><td>2001/04/25</td><td>Fail</td></tr></table><p class="totop"><a href="#summary">back to summary</a></p>
<h3 id="m19">tests.ContactEditTest#testEditContact</h3><table class="result"><tr class="param"><th>Parameter #1</th><th>Parameter #2</th><th>Parameter #3</th><th>Parameter #4</th><th>Parameter #5</th><th>Parameter #6</th></tr><tr class="param stripe"><td>Princy</td><td>Sarojina</td><td>invalid.com</td><td>78465925hu</td><td>1995/01/25</td><td>Fail</td></tr></table><p class="totop"><a href="#summary">back to summary</a></p>
<h3 id="m20">tests.LoginTest#testValidLogin</h3><table class="result"><tr class="param"><th>Parameter #1</th><th>Parameter #2</th></tr><tr class="param stripe"><td>Madhu@123</td><td>madhu2mtha@gmail.com</td></tr></table><p class="totop"><a href="#summary">back to summary</a></p>
<h3 id="m21">tests.LoginTest#testValidLogin</h3><table class="result"><tr class="param"><th>Parameter #1</th><th>Parameter #2</th></tr><tr class="param stripe"><td>madhu2mtha@gmail.com</td><td>mitha@123</td></tr></table><p class="totop"><a href="#summary">back to summary</a></p>
<h3 id="m22">tests.LoginTest#testValidLogin</h3><table class="result"><tr class="param"><th>Parameter #1</th><th>Parameter #2</th></tr><tr class="param stripe"><td>madhu2mtha@gmail.com</td><td>Madhu@123</td></tr></table><p class="totop"><a href="#summary">back to summary</a></p>
<h3 id="m23">tests.LoginTest#testValidLogin</h3><table class="result"><tr class="param"><th>Parameter #1</th><th>Parameter #2</th></tr><tr class="param stripe"><td>divyab@gmail.com</td><td>Madhu@123</td></tr></table><p class="totop"><a href="#summary">back to summary</a></p>
<h3 id="m24">tests.LoginTest#testValidLogin</h3><table class="result"><tr class="param"><th>Parameter #1</th><th>Parameter #2</th></tr><tr class="param stripe"><td></td><td></td></tr></table><p class="totop"><a href="#summary">back to summary</a></p>
<h3 id="m25">tests.LoginTest#testValidLogin</h3><table class="result"><tr class="param"><th>Parameter #1</th><th>Parameter #2</th></tr><tr class="param stripe"><td>(&lt;script&gt;alert(&apos;Hacked&apos;)&lt;/script&gt;</td><td>(&lt;script&gt;alert(&apos;Hacked&apos;)&lt;/script&gt;</td></tr></table><p class="totop"><a href="#summary">back to summary</a></p>
<h3 id="m26">tests.LoginTest#testValidLogin</h3><table class="result"><tr class="param"><th>Parameter #1</th><th>Parameter #2</th></tr><tr class="param stripe"><td>mokthikaMD@gmail.com</td><td>mokthi@123</td></tr></table><p class="totop"><a href="#summary">back to summary</a></p>
<h3 id="m27">tests.LoginTest#testValidLogin</h3><table class="result"><tr class="param"><th>Parameter #1</th><th>Parameter #2</th></tr><tr class="param stripe"><td>madhu2mtha@gmail.com</td><td>M adhu@123</td></tr></table><p class="totop"><a href="#summary">back to summary</a></p>
<h3 id="m28">tests.LoginTest#testValidLogin</h3><table class="result"><tr class="param"><th>Parameter #1</th><th>Parameter #2</th></tr><tr class="param stripe"><td>admin&apos; --</td><td>admin&apos; --</td></tr></table><p class="totop"><a href="#summary">back to summary</a></p>
<h3 id="m29">tests.LogoutTest#backButtonAfterLogout</h3><table class="result"><tr><th class="invisible"/></tr></table><p class="totop"><a href="#summary">back to summary</a></p>
<h3 id="m30">tests.LogoutTest#logoutBtnVisible</h3><table class="result"><tr><th class="invisible"/></tr></table><p class="totop"><a href="#summary">back to summary</a></p>
<h3 id="m31">tests.LogoutTest#refreshAfterLogout</h3><table class="result"><tr><th class="invisible"/></tr></table><p class="totop"><a href="#summary">back to summary</a></p>
<h3 id="m32">tests.LogoutTest#validLogout</h3><table class="result"><tr><th class="invisible"/></tr></table><p class="totop"><a href="#summary">back to summary</a></p>
<h3 id="m33">tests.SignUpTest#testSignUppage</h3><table class="result"><tr class="param"><th>Parameter #1</th><th>Parameter #2</th><th>Parameter #3</th><th>Parameter #4</th></tr><tr class="param stripe"><td>Madhu</td><td>v250</td><td>v250@gmail.com</td><td></td></tr></table><p class="totop"><a href="#summary">back to summary</a></p>
<h3 id="m34">tests.SignUpTest#testSignUppage</h3><table class="result"><tr class="param"><th>Parameter #1</th><th>Parameter #2</th><th>Parameter #3</th><th>Parameter #4</th></tr><tr class="param stripe"><td>Madhu</td><td>Mitha</td><td>madhu2mtha@gmail.com</td><td>Madhu@123</td></tr></table><p class="totop"><a href="#summary">back to summary</a></p>
<h3 id="m35">tests.SignUpTest#testSignUppage</h3><table class="result"><tr class="param"><th>Parameter #1</th><th>Parameter #2</th><th>Parameter #3</th><th>Parameter #4</th></tr><tr class="param stripe"><td></td><td></td><td></td><td></td></tr></table><p class="totop"><a href="#summary">back to summary</a></p>
<h3 id="m36">tests.SignUpTest#testSignUppage</h3><table class="result"><tr class="param"><th>Parameter #1</th><th>Parameter #2</th><th>Parameter #3</th><th>Parameter #4</th></tr><tr class="param stripe"><td>Mokthi123</td><td>MD</td><td>mokthika@gmail.com</td><td>pass</td></tr></table><p class="totop"><a href="#summary">back to summary</a></p>
<h3 id="m37">tests.SignUpTest#testSignUppage</h3><table class="result"><tr class="param"><th>Parameter #1</th><th>Parameter #2</th><th>Parameter #3</th><th>Parameter #4</th></tr><tr class="param stripe"><td>MithaMithaMithaMithaMithaMithaMithaMithaMitha</td><td>V</td><td>mitha@gmail.com</td><td>Madhu2234</td></tr></table><p class="totop"><a href="#summary">back to summary</a></p>
<h3 id="m38">tests.SignUpTest#testSignUppage</h3><table class="result"><tr class="param"><th>Parameter #1</th><th>Parameter #2</th><th>Parameter #3</th><th>Parameter #4</th></tr><tr class="param stripe"><td></td><td></td><td>valid@gmail.com</td><td>Madhu@124</td></tr></table><p class="totop"><a href="#summary">back to summary</a></p>
<h3 id="m39">tests.SignUpTest#testSignUppage</h3><table class="result"><tr class="param"><th>Parameter #1</th><th>Parameter #2</th><th>Parameter #3</th><th>Parameter #4</th></tr><tr class="param stripe"><td>madhu</td><td>user</td><td>madhu@.com</td><td>Madhu@1234</td></tr></table><p class="totop"><a href="#summary">back to summary</a></p>
<h3 id="m40">tests.SignUpTest#testSignUppage</h3><table class="result"><tr class="param"><th>Parameter #1</th><th>Parameter #2</th><th>Parameter #3</th><th>Parameter #4</th></tr><tr class="param stripe"><td>M@dhu</td><td>V</td><td>madhu@gmail.com</td><td>madhuv123</td></tr></table><p class="totop"><a href="#summary">back to summary</a></p>
<h3 id="m41">tests.SignUpTest#testSignUppage</h3><table class="result"><tr class="param"><th>Parameter #1</th><th>Parameter #2</th><th>Parameter #3</th><th>Parameter #4</th></tr><tr class="param stripe"><td>Mimi</td><td>Bharathi</td><td>mimibi@gmail.com</td><td>Madhu@123</td></tr></table><p class="totop"><a href="#summary">back to summary</a></p>
</body>
</html>
