<?xml version="1.0" encoding="UTF-8"?>
<testng-results ignored="0" total="42" passed="35" failed="7" skipped="0">
  <reporter-output>
  </reporter-output>
  <suite started-at="2025-04-15T03:01:43 IST" name="Suite" finished-at="2025-04-15T03:09:29 IST" duration-ms="465856">
    <groups>
    </groups>
    <test started-at="2025-04-15T03:01:43 IST" name="Test" finished-at="2025-04-15T03:09:29 IST" duration-ms="465856">
      <class name="tests.LoginTest">
        <test-method is-config="true" signature="setup()[pri:0, instance:tests.LoginTest@69c81773]" started-at="2025-04-15T03:01:43 IST" name="setup" finished-at="2025-04-15T03:01:43 IST" duration-ms="2" status="PASS">
          <reporter-output>
          </reporter-output>
        </test-method> <!-- setup -->
        <test-method is-config="true" signature="testDetails()[pri:0, instance:tests.LoginTest@69c81773]" started-at="2025-04-15T03:03:26 IST" name="testDetails" finished-at="2025-04-15T03:03:26 IST" duration-ms="1" status="PASS">
          <reporter-output>
          </reporter-output>
        </test-method> <!-- testDetails -->
        <test-method is-config="true" signature="initializeDriver()[pri:0, instance:tests.LoginTest@69c81773]" started-at="2025-04-15T03:03:27 IST" name="initializeDriver" finished-at="2025-04-15T03:03:30 IST" duration-ms="3763" status="PASS">
          <reporter-output>
          </reporter-output>
        </test-method> <!-- initializeDriver -->
        <test-method signature="testValidLogin(java.lang.String,java.lang.String)[pri:1, instance:tests.LoginTest@69c81773]" started-at="2025-04-15T03:03:30 IST" name="testValidLogin" data-provider="Valid InvalidLoginSheet" finished-at="2025-04-15T03:03:36 IST" duration-ms="5644" status="PASS">
          <params>
            <param index="0">
              <value>
                <![CDATA[madhu2mtha@gmail.com]]>
              </value>
            </param>
            <param index="1">
              <value>
                <![CDATA[Madhu@123]]>
              </value>
            </param>
          </params>
          <reporter-output>
          </reporter-output>
        </test-method> <!-- testValidLogin -->
        <test-method is-config="true" signature="browserquit()[pri:0, instance:tests.LoginTest@69c81773]" started-at="2025-04-15T03:03:36 IST" name="browserquit" finished-at="2025-04-15T03:03:36 IST" duration-ms="274" status="PASS">
          <reporter-output>
          </reporter-output>
        </test-method> <!-- browserquit -->
        <test-method is-config="true" signature="initializeDriver()[pri:0, instance:tests.LoginTest@69c81773]" started-at="2025-04-15T03:03:36 IST" name="initializeDriver" finished-at="2025-04-15T03:03:40 IST" duration-ms="3627" status="PASS">
          <reporter-output>
          </reporter-output>
        </test-method> <!-- initializeDriver -->
        <test-method signature="testValidLogin(java.lang.String,java.lang.String)[pri:1, instance:tests.LoginTest@69c81773]" started-at="2025-04-15T03:03:40 IST" name="testValidLogin" data-provider="Valid InvalidLoginSheet" finished-at="2025-04-15T03:03:45 IST" duration-ms="5582" status="PASS">
          <params>
            <param index="0">
              <value>
                <![CDATA[divyab@gmail.com]]>
              </value>
            </param>
            <param index="1">
              <value>
                <![CDATA[Madhu@123]]>
              </value>
            </param>
          </params>
          <reporter-output>
          </reporter-output>
        </test-method> <!-- testValidLogin -->
        <test-method is-config="true" signature="browserquit()[pri:0, instance:tests.LoginTest@69c81773]" started-at="2025-04-15T03:03:45 IST" name="browserquit" finished-at="2025-04-15T03:03:46 IST" duration-ms="302" status="PASS">
          <reporter-output>
          </reporter-output>
        </test-method> <!-- browserquit -->
        <test-method is-config="true" signature="initializeDriver()[pri:0, instance:tests.LoginTest@69c81773]" started-at="2025-04-15T03:03:46 IST" name="initializeDriver" finished-at="2025-04-15T03:03:50 IST" duration-ms="3871" status="PASS">
          <reporter-output>
          </reporter-output>
        </test-method> <!-- initializeDriver -->
        <test-method signature="testValidLogin(java.lang.String,java.lang.String)[pri:1, instance:tests.LoginTest@69c81773]" started-at="2025-04-15T03:03:50 IST" name="testValidLogin" data-provider="Valid InvalidLoginSheet" finished-at="2025-04-15T03:03:55 IST" duration-ms="5724" status="PASS">
          <params>
            <param index="0">
              <value>
                <![CDATA[madhu2mtha@gmail.com]]>
              </value>
            </param>
            <param index="1">
              <value>
                <![CDATA[mitha@123]]>
              </value>
            </param>
          </params>
          <reporter-output>
          </reporter-output>
        </test-method> <!-- testValidLogin -->
        <test-method is-config="true" signature="browserquit()[pri:0, instance:tests.LoginTest@69c81773]" started-at="2025-04-15T03:03:55 IST" name="browserquit" finished-at="2025-04-15T03:03:56 IST" duration-ms="328" status="PASS">
          <reporter-output>
          </reporter-output>
        </test-method> <!-- browserquit -->
        <test-method is-config="true" signature="initializeDriver()[pri:0, instance:tests.LoginTest@69c81773]" started-at="2025-04-15T03:03:56 IST" name="initializeDriver" finished-at="2025-04-15T03:04:00 IST" duration-ms="3992" status="PASS">
          <reporter-output>
          </reporter-output>
        </test-method> <!-- initializeDriver -->
        <test-method signature="testValidLogin(java.lang.String,java.lang.String)[pri:1, instance:tests.LoginTest@69c81773]" started-at="2025-04-15T03:04:00 IST" name="testValidLogin" data-provider="Valid InvalidLoginSheet" finished-at="2025-04-15T03:04:05 IST" duration-ms="5678" status="PASS">
          <params>
            <param index="0">
              <value>
                <![CDATA[mokthikaMD@gmail.com]]>
              </value>
            </param>
            <param index="1">
              <value>
                <![CDATA[mokthi@123]]>
              </value>
            </param>
          </params>
          <reporter-output>
          </reporter-output>
        </test-method> <!-- testValidLogin -->
        <test-method is-config="true" signature="browserquit()[pri:0, instance:tests.LoginTest@69c81773]" started-at="2025-04-15T03:04:05 IST" name="browserquit" finished-at="2025-04-15T03:04:06 IST" duration-ms="260" status="PASS">
          <reporter-output>
          </reporter-output>
        </test-method> <!-- browserquit -->
        <test-method is-config="true" signature="initializeDriver()[pri:0, instance:tests.LoginTest@69c81773]" started-at="2025-04-15T03:04:06 IST" name="initializeDriver" finished-at="2025-04-15T03:04:10 IST" duration-ms="4155" status="PASS">
          <reporter-output>
          </reporter-output>
        </test-method> <!-- initializeDriver -->
        <test-method signature="testValidLogin(java.lang.String,java.lang.String)[pri:1, instance:tests.LoginTest@69c81773]" started-at="2025-04-15T03:04:10 IST" name="testValidLogin" data-provider="Valid InvalidLoginSheet" finished-at="2025-04-15T03:04:16 IST" duration-ms="5829" status="PASS">
          <params>
            <param index="0">
              <value>
                <![CDATA[Madhu@123]]>
              </value>
            </param>
            <param index="1">
              <value>
                <![CDATA[madhu2mtha@gmail.com]]>
              </value>
            </param>
          </params>
          <reporter-output>
          </reporter-output>
        </test-method> <!-- testValidLogin -->
        <test-method is-config="true" signature="browserquit()[pri:0, instance:tests.LoginTest@69c81773]" started-at="2025-04-15T03:04:16 IST" name="browserquit" finished-at="2025-04-15T03:04:16 IST" duration-ms="314" status="PASS">
          <reporter-output>
          </reporter-output>
        </test-method> <!-- browserquit -->
        <test-method is-config="true" signature="initializeDriver()[pri:0, instance:tests.LoginTest@69c81773]" started-at="2025-04-15T03:04:16 IST" name="initializeDriver" finished-at="2025-04-15T03:04:20 IST" duration-ms="3866" status="PASS">
          <reporter-output>
          </reporter-output>
        </test-method> <!-- initializeDriver -->
        <test-method signature="testValidLogin(java.lang.String,java.lang.String)[pri:1, instance:tests.LoginTest@69c81773]" started-at="2025-04-15T03:04:20 IST" name="testValidLogin" data-provider="Valid InvalidLoginSheet" finished-at="2025-04-15T03:04:25 IST" duration-ms="5617" status="PASS">
          <params>
            <param index="0">
              <value>
                <![CDATA[]]>
              </value>
            </param>
            <param index="1">
              <value>
                <![CDATA[]]>
              </value>
            </param>
          </params>
          <reporter-output>
          </reporter-output>
        </test-method> <!-- testValidLogin -->
        <test-method is-config="true" signature="browserquit()[pri:0, instance:tests.LoginTest@69c81773]" started-at="2025-04-15T03:04:25 IST" name="browserquit" finished-at="2025-04-15T03:04:26 IST" duration-ms="252" status="PASS">
          <reporter-output>
          </reporter-output>
        </test-method> <!-- browserquit -->
        <test-method is-config="true" signature="initializeDriver()[pri:0, instance:tests.LoginTest@69c81773]" started-at="2025-04-15T03:04:26 IST" name="initializeDriver" finished-at="2025-04-15T03:04:30 IST" duration-ms="4043" status="PASS">
          <reporter-output>
          </reporter-output>
        </test-method> <!-- initializeDriver -->
        <test-method signature="testValidLogin(java.lang.String,java.lang.String)[pri:1, instance:tests.LoginTest@69c81773]" started-at="2025-04-15T03:04:30 IST" name="testValidLogin" data-provider="Valid InvalidLoginSheet" finished-at="2025-04-15T03:04:36 IST" duration-ms="5991" status="PASS">
          <params>
            <param index="0">
              <value>
                <![CDATA[(<script>alert('Hacked')</script>]]>
              </value>
            </param>
            <param index="1">
              <value>
                <![CDATA[(<script>alert('Hacked')</script>]]>
              </value>
            </param>
          </params>
          <reporter-output>
          </reporter-output>
        </test-method> <!-- testValidLogin -->
        <test-method is-config="true" signature="browserquit()[pri:0, instance:tests.LoginTest@69c81773]" started-at="2025-04-15T03:04:36 IST" name="browserquit" finished-at="2025-04-15T03:04:36 IST" duration-ms="307" status="PASS">
          <reporter-output>
          </reporter-output>
        </test-method> <!-- browserquit -->
        <test-method is-config="true" signature="initializeDriver()[pri:0, instance:tests.LoginTest@69c81773]" started-at="2025-04-15T03:04:36 IST" name="initializeDriver" finished-at="2025-04-15T03:04:40 IST" duration-ms="3905" status="PASS">
          <reporter-output>
          </reporter-output>
        </test-method> <!-- initializeDriver -->
        <test-method signature="testValidLogin(java.lang.String,java.lang.String)[pri:1, instance:tests.LoginTest@69c81773]" started-at="2025-04-15T03:04:40 IST" name="testValidLogin" data-provider="Valid InvalidLoginSheet" finished-at="2025-04-15T03:04:46 IST" duration-ms="5681" status="PASS">
          <params>
            <param index="0">
              <value>
                <![CDATA[madhu2mtha@gmail.com]]>
              </value>
            </param>
            <param index="1">
              <value>
                <![CDATA[M adhu@123]]>
              </value>
            </param>
          </params>
          <reporter-output>
          </reporter-output>
        </test-method> <!-- testValidLogin -->
        <test-method is-config="true" signature="browserquit()[pri:0, instance:tests.LoginTest@69c81773]" started-at="2025-04-15T03:04:46 IST" name="browserquit" finished-at="2025-04-15T03:04:46 IST" duration-ms="280" status="PASS">
          <reporter-output>
          </reporter-output>
        </test-method> <!-- browserquit -->
        <test-method is-config="true" signature="initializeDriver()[pri:0, instance:tests.LoginTest@69c81773]" started-at="2025-04-15T03:04:46 IST" name="initializeDriver" finished-at="2025-04-15T03:04:50 IST" duration-ms="3701" status="PASS">
          <reporter-output>
          </reporter-output>
        </test-method> <!-- initializeDriver -->
        <test-method signature="testValidLogin(java.lang.String,java.lang.String)[pri:1, instance:tests.LoginTest@69c81773]" started-at="2025-04-15T03:04:50 IST" name="testValidLogin" data-provider="Valid InvalidLoginSheet" finished-at="2025-04-15T03:04:55 IST" duration-ms="5665" status="PASS">
          <params>
            <param index="0">
              <value>
                <![CDATA[admin' --]]>
              </value>
            </param>
            <param index="1">
              <value>
                <![CDATA[admin' --]]>
              </value>
            </param>
          </params>
          <reporter-output>
          </reporter-output>
        </test-method> <!-- testValidLogin -->
        <test-method is-config="true" signature="browserquit()[pri:0, instance:tests.LoginTest@69c81773]" started-at="2025-04-15T03:04:55 IST" name="browserquit" finished-at="2025-04-15T03:04:56 IST" duration-ms="305" status="PASS">
          <reporter-output>
          </reporter-output>
        </test-method> <!-- browserquit -->
      </class> <!-- tests.LoginTest -->
      <class name="tests.SignUpTest">
        <test-method is-config="true" signature="setupReport()[pri:0, instance:tests.SignUpTest@6f204a1a]" started-at="2025-04-15T03:01:42 IST" name="setupReport" finished-at="2025-04-15T03:01:43 IST" duration-ms="615" status="PASS">
          <reporter-output>
          </reporter-output>
        </test-method> <!-- setupReport -->
        <test-method is-config="true" signature="setup()[pri:0, instance:tests.SignUpTest@6f204a1a]" started-at="2025-04-15T03:01:43 IST" name="setup" finished-at="2025-04-15T03:01:43 IST" duration-ms="1" status="PASS">
          <reporter-output>
          </reporter-output>
        </test-method> <!-- setup -->
        <test-method is-config="true" signature="testDetails()[pri:0, instance:tests.SignUpTest@6f204a1a]" started-at="2025-04-15T03:01:43 IST" name="testDetails" finished-at="2025-04-15T03:01:43 IST" duration-ms="15" status="PASS">
          <reporter-output>
          </reporter-output>
        </test-method> <!-- testDetails -->
        <test-method is-config="true" signature="initializeDriver()[pri:0, instance:tests.SignUpTest@6f204a1a]" started-at="2025-04-15T03:01:45 IST" name="initializeDriver" finished-at="2025-04-15T03:01:50 IST" duration-ms="5103" status="PASS">
          <reporter-output>
          </reporter-output>
        </test-method> <!-- initializeDriver -->
        <test-method signature="testSignUppage(java.lang.String,java.lang.String,java.lang.String,java.lang.String)[pri:1, instance:tests.SignUpTest@6f204a1a]" started-at="2025-04-15T03:01:50 IST" name="testSignUppage" data-provider="signupData" finished-at="2025-04-15T03:01:56 IST" duration-ms="6593" status="PASS">
          <params>
            <param index="0">
              <value>
                <![CDATA[Mimi]]>
              </value>
            </param>
            <param index="1">
              <value>
                <![CDATA[Bharathi]]>
              </value>
            </param>
            <param index="2">
              <value>
                <![CDATA[mimibi@gmail.com]]>
              </value>
            </param>
            <param index="3">
              <value>
                <![CDATA[Madhu@123]]>
              </value>
            </param>
          </params>
          <reporter-output>
          </reporter-output>
        </test-method> <!-- testSignUppage -->
        <test-method is-config="true" signature="refreshPage()[pri:0, instance:tests.SignUpTest@6f204a1a]" started-at="2025-04-15T03:01:56 IST" name="refreshPage" finished-at="2025-04-15T03:01:57 IST" duration-ms="485" status="PASS">
          <reporter-output>
          </reporter-output>
        </test-method> <!-- refreshPage -->
        <test-method is-config="true" signature="browserquit()[pri:0, instance:tests.SignUpTest@6f204a1a]" started-at="2025-04-15T03:01:57 IST" name="browserquit" finished-at="2025-04-15T03:01:57 IST" duration-ms="367" status="PASS">
          <reporter-output>
          </reporter-output>
        </test-method> <!-- browserquit -->
        <test-method is-config="true" signature="initializeDriver()[pri:0, instance:tests.SignUpTest@6f204a1a]" started-at="2025-04-15T03:01:57 IST" name="initializeDriver" finished-at="2025-04-15T03:02:01 IST" duration-ms="4029" status="PASS">
          <reporter-output>
          </reporter-output>
        </test-method> <!-- initializeDriver -->
        <test-method signature="testSignUppage(java.lang.String,java.lang.String,java.lang.String,java.lang.String)[pri:1, instance:tests.SignUpTest@6f204a1a]" started-at="2025-04-15T03:02:01 IST" name="testSignUppage" data-provider="signupData" finished-at="2025-04-15T03:02:08 IST" duration-ms="6543" status="PASS">
          <params>
            <param index="0">
              <value>
                <![CDATA[Mokthi123]]>
              </value>
            </param>
            <param index="1">
              <value>
                <![CDATA[MD]]>
              </value>
            </param>
            <param index="2">
              <value>
                <![CDATA[mokthika@gmail.com]]>
              </value>
            </param>
            <param index="3">
              <value>
                <![CDATA[pass]]>
              </value>
            </param>
          </params>
          <reporter-output>
          </reporter-output>
        </test-method> <!-- testSignUppage -->
        <test-method is-config="true" signature="refreshPage()[pri:0, instance:tests.SignUpTest@6f204a1a]" started-at="2025-04-15T03:02:08 IST" name="refreshPage" finished-at="2025-04-15T03:02:08 IST" duration-ms="536" status="PASS">
          <reporter-output>
          </reporter-output>
        </test-method> <!-- refreshPage -->
        <test-method is-config="true" signature="browserquit()[pri:0, instance:tests.SignUpTest@6f204a1a]" started-at="2025-04-15T03:02:08 IST" name="browserquit" finished-at="2025-04-15T03:02:09 IST" duration-ms="317" status="PASS">
          <reporter-output>
          </reporter-output>
        </test-method> <!-- browserquit -->
        <test-method is-config="true" signature="initializeDriver()[pri:0, instance:tests.SignUpTest@6f204a1a]" started-at="2025-04-15T03:02:09 IST" name="initializeDriver" finished-at="2025-04-15T03:02:12 IST" duration-ms="3770" status="PASS">
          <reporter-output>
          </reporter-output>
        </test-method> <!-- initializeDriver -->
        <test-method signature="testSignUppage(java.lang.String,java.lang.String,java.lang.String,java.lang.String)[pri:1, instance:tests.SignUpTest@6f204a1a]" started-at="2025-04-15T03:02:12 IST" name="testSignUppage" data-provider="signupData" finished-at="2025-04-15T03:02:19 IST" duration-ms="6530" status="PASS">
          <params>
            <param index="0">
              <value>
                <![CDATA[M@dhu]]>
              </value>
            </param>
            <param index="1">
              <value>
                <![CDATA[V]]>
              </value>
            </param>
            <param index="2">
              <value>
                <![CDATA[madhu@gmail.com]]>
              </value>
            </param>
            <param index="3">
              <value>
                <![CDATA[madhuv123]]>
              </value>
            </param>
          </params>
          <reporter-output>
          </reporter-output>
        </test-method> <!-- testSignUppage -->
        <test-method is-config="true" signature="refreshPage()[pri:0, instance:tests.SignUpTest@6f204a1a]" started-at="2025-04-15T03:02:19 IST" name="refreshPage" finished-at="2025-04-15T03:02:19 IST" duration-ms="480" status="PASS">
          <reporter-output>
          </reporter-output>
        </test-method> <!-- refreshPage -->
        <test-method is-config="true" signature="browserquit()[pri:0, instance:tests.SignUpTest@6f204a1a]" started-at="2025-04-15T03:02:19 IST" name="browserquit" finished-at="2025-04-15T03:02:20 IST" duration-ms="309" status="PASS">
          <reporter-output>
          </reporter-output>
        </test-method> <!-- browserquit -->
        <test-method is-config="true" signature="initializeDriver()[pri:0, instance:tests.SignUpTest@6f204a1a]" started-at="2025-04-15T03:02:20 IST" name="initializeDriver" finished-at="2025-04-15T03:02:23 IST" duration-ms="3903" status="PASS">
          <reporter-output>
          </reporter-output>
        </test-method> <!-- initializeDriver -->
        <test-method signature="testSignUppage(java.lang.String,java.lang.String,java.lang.String,java.lang.String)[pri:1, instance:tests.SignUpTest@6f204a1a]" started-at="2025-04-15T03:02:23 IST" name="testSignUppage" data-provider="signupData" finished-at="2025-04-15T03:02:30 IST" duration-ms="6613" status="PASS">
          <params>
            <param index="0">
              <value>
                <![CDATA[MithaMithaMithaMithaMithaMithaMithaMithaMitha]]>
              </value>
            </param>
            <param index="1">
              <value>
                <![CDATA[V]]>
              </value>
            </param>
            <param index="2">
              <value>
                <![CDATA[mitha@gmail.com]]>
              </value>
            </param>
            <param index="3">
              <value>
                <![CDATA[Madhu2234]]>
              </value>
            </param>
          </params>
          <reporter-output>
          </reporter-output>
        </test-method> <!-- testSignUppage -->
        <test-method is-config="true" signature="refreshPage()[pri:0, instance:tests.SignUpTest@6f204a1a]" started-at="2025-04-15T03:02:30 IST" name="refreshPage" finished-at="2025-04-15T03:02:31 IST" duration-ms="521" status="PASS">
          <reporter-output>
          </reporter-output>
        </test-method> <!-- refreshPage -->
        <test-method is-config="true" signature="browserquit()[pri:0, instance:tests.SignUpTest@6f204a1a]" started-at="2025-04-15T03:02:31 IST" name="browserquit" finished-at="2025-04-15T03:02:31 IST" duration-ms="338" status="PASS">
          <reporter-output>
          </reporter-output>
        </test-method> <!-- browserquit -->
        <test-method is-config="true" signature="initializeDriver()[pri:0, instance:tests.SignUpTest@6f204a1a]" started-at="2025-04-15T03:02:31 IST" name="initializeDriver" finished-at="2025-04-15T03:02:35 IST" duration-ms="3875" status="PASS">
          <reporter-output>
          </reporter-output>
        </test-method> <!-- initializeDriver -->
        <test-method signature="testSignUppage(java.lang.String,java.lang.String,java.lang.String,java.lang.String)[pri:1, instance:tests.SignUpTest@6f204a1a]" started-at="2025-04-15T03:02:35 IST" name="testSignUppage" data-provider="signupData" finished-at="2025-04-15T03:02:41 IST" duration-ms="6483" status="PASS">
          <params>
            <param index="0">
              <value>
                <![CDATA[madhu]]>
              </value>
            </param>
            <param index="1">
              <value>
                <![CDATA[user]]>
              </value>
            </param>
            <param index="2">
              <value>
                <![CDATA[madhu@.com]]>
              </value>
            </param>
            <param index="3">
              <value>
                <![CDATA[Madhu@1234]]>
              </value>
            </param>
          </params>
          <reporter-output>
          </reporter-output>
        </test-method> <!-- testSignUppage -->
        <test-method is-config="true" signature="refreshPage()[pri:0, instance:tests.SignUpTest@6f204a1a]" started-at="2025-04-15T03:02:41 IST" name="refreshPage" finished-at="2025-04-15T03:02:42 IST" duration-ms="525" status="PASS">
          <reporter-output>
          </reporter-output>
        </test-method> <!-- refreshPage -->
        <test-method is-config="true" signature="browserquit()[pri:0, instance:tests.SignUpTest@6f204a1a]" started-at="2025-04-15T03:02:42 IST" name="browserquit" finished-at="2025-04-15T03:02:42 IST" duration-ms="295" status="PASS">
          <reporter-output>
          </reporter-output>
        </test-method> <!-- browserquit -->
        <test-method is-config="true" signature="initializeDriver()[pri:0, instance:tests.SignUpTest@6f204a1a]" started-at="2025-04-15T03:02:42 IST" name="initializeDriver" finished-at="2025-04-15T03:02:46 IST" duration-ms="3835" status="PASS">
          <reporter-output>
          </reporter-output>
        </test-method> <!-- initializeDriver -->
        <test-method signature="testSignUppage(java.lang.String,java.lang.String,java.lang.String,java.lang.String)[pri:1, instance:tests.SignUpTest@6f204a1a]" started-at="2025-04-15T03:02:46 IST" name="testSignUppage" data-provider="signupData" finished-at="2025-04-15T03:02:52 IST" duration-ms="6499" status="PASS">
          <params>
            <param index="0">
              <value>
                <![CDATA[Madhu]]>
              </value>
            </param>
            <param index="1">
              <value>
                <![CDATA[Mitha]]>
              </value>
            </param>
            <param index="2">
              <value>
                <![CDATA[madhu2mtha@gmail.com]]>
              </value>
            </param>
            <param index="3">
              <value>
                <![CDATA[Madhu@123]]>
              </value>
            </param>
          </params>
          <reporter-output>
          </reporter-output>
        </test-method> <!-- testSignUppage -->
        <test-method is-config="true" signature="refreshPage()[pri:0, instance:tests.SignUpTest@6f204a1a]" started-at="2025-04-15T03:02:52 IST" name="refreshPage" finished-at="2025-04-15T03:02:53 IST" duration-ms="511" status="PASS">
          <reporter-output>
          </reporter-output>
        </test-method> <!-- refreshPage -->
        <test-method is-config="true" signature="browserquit()[pri:0, instance:tests.SignUpTest@6f204a1a]" started-at="2025-04-15T03:02:53 IST" name="browserquit" finished-at="2025-04-15T03:02:53 IST" duration-ms="298" status="PASS">
          <reporter-output>
          </reporter-output>
        </test-method> <!-- browserquit -->
        <test-method is-config="true" signature="initializeDriver()[pri:0, instance:tests.SignUpTest@6f204a1a]" started-at="2025-04-15T03:02:53 IST" name="initializeDriver" finished-at="2025-04-15T03:02:57 IST" duration-ms="3992" status="PASS">
          <reporter-output>
          </reporter-output>
        </test-method> <!-- initializeDriver -->
        <test-method signature="testSignUppage(java.lang.String,java.lang.String,java.lang.String,java.lang.String)[pri:1, instance:tests.SignUpTest@6f204a1a]" started-at="2025-04-15T03:02:57 IST" name="testSignUppage" data-provider="signupData" finished-at="2025-04-15T03:03:04 IST" duration-ms="6388" status="PASS">
          <params>
            <param index="0">
              <value>
                <![CDATA[]]>
              </value>
            </param>
            <param index="1">
              <value>
                <![CDATA[]]>
              </value>
            </param>
            <param index="2">
              <value>
                <![CDATA[valid@gmail.com]]>
              </value>
            </param>
            <param index="3">
              <value>
                <![CDATA[Madhu@124]]>
              </value>
            </param>
          </params>
          <reporter-output>
          </reporter-output>
        </test-method> <!-- testSignUppage -->
        <test-method is-config="true" signature="refreshPage()[pri:0, instance:tests.SignUpTest@6f204a1a]" started-at="2025-04-15T03:03:04 IST" name="refreshPage" finished-at="2025-04-15T03:03:04 IST" duration-ms="495" status="PASS">
          <reporter-output>
          </reporter-output>
        </test-method> <!-- refreshPage -->
        <test-method is-config="true" signature="browserquit()[pri:0, instance:tests.SignUpTest@6f204a1a]" started-at="2025-04-15T03:03:04 IST" name="browserquit" finished-at="2025-04-15T03:03:05 IST" duration-ms="323" status="PASS">
          <reporter-output>
          </reporter-output>
        </test-method> <!-- browserquit -->
        <test-method is-config="true" signature="initializeDriver()[pri:0, instance:tests.SignUpTest@6f204a1a]" started-at="2025-04-15T03:03:05 IST" name="initializeDriver" finished-at="2025-04-15T03:03:08 IST" duration-ms="3872" status="PASS">
          <reporter-output>
          </reporter-output>
        </test-method> <!-- initializeDriver -->
        <test-method signature="testSignUppage(java.lang.String,java.lang.String,java.lang.String,java.lang.String)[pri:1, instance:tests.SignUpTest@6f204a1a]" started-at="2025-04-15T03:03:08 IST" name="testSignUppage" data-provider="signupData" finished-at="2025-04-15T03:03:15 IST" duration-ms="6504" status="PASS">
          <params>
            <param index="0">
              <value>
                <![CDATA[Madhu]]>
              </value>
            </param>
            <param index="1">
              <value>
                <![CDATA[v250]]>
              </value>
            </param>
            <param index="2">
              <value>
                <![CDATA[v250@gmail.com]]>
              </value>
            </param>
            <param index="3">
              <value>
                <![CDATA[]]>
              </value>
            </param>
          </params>
          <reporter-output>
          </reporter-output>
        </test-method> <!-- testSignUppage -->
        <test-method is-config="true" signature="refreshPage()[pri:0, instance:tests.SignUpTest@6f204a1a]" started-at="2025-04-15T03:03:15 IST" name="refreshPage" finished-at="2025-04-15T03:03:15 IST" duration-ms="492" status="PASS">
          <reporter-output>
          </reporter-output>
        </test-method> <!-- refreshPage -->
        <test-method is-config="true" signature="browserquit()[pri:0, instance:tests.SignUpTest@6f204a1a]" started-at="2025-04-15T03:03:15 IST" name="browserquit" finished-at="2025-04-15T03:03:16 IST" duration-ms="276" status="PASS">
          <reporter-output>
          </reporter-output>
        </test-method> <!-- browserquit -->
        <test-method is-config="true" signature="initializeDriver()[pri:0, instance:tests.SignUpTest@6f204a1a]" started-at="2025-04-15T03:03:16 IST" name="initializeDriver" finished-at="2025-04-15T03:03:19 IST" duration-ms="3740" status="PASS">
          <reporter-output>
          </reporter-output>
        </test-method> <!-- initializeDriver -->
        <test-method signature="testSignUppage(java.lang.String,java.lang.String,java.lang.String,java.lang.String)[pri:1, instance:tests.SignUpTest@6f204a1a]" started-at="2025-04-15T03:03:19 IST" name="testSignUppage" data-provider="signupData" finished-at="2025-04-15T03:03:26 IST" duration-ms="6297" status="PASS">
          <params>
            <param index="0">
              <value>
                <![CDATA[]]>
              </value>
            </param>
            <param index="1">
              <value>
                <![CDATA[]]>
              </value>
            </param>
            <param index="2">
              <value>
                <![CDATA[]]>
              </value>
            </param>
            <param index="3">
              <value>
                <![CDATA[]]>
              </value>
            </param>
          </params>
          <reporter-output>
          </reporter-output>
        </test-method> <!-- testSignUppage -->
        <test-method is-config="true" signature="refreshPage()[pri:0, instance:tests.SignUpTest@6f204a1a]" started-at="2025-04-15T03:03:26 IST" name="refreshPage" finished-at="2025-04-15T03:03:26 IST" duration-ms="498" status="PASS">
          <reporter-output>
          </reporter-output>
        </test-method> <!-- refreshPage -->
        <test-method is-config="true" signature="browserquit()[pri:0, instance:tests.SignUpTest@6f204a1a]" started-at="2025-04-15T03:03:26 IST" name="browserquit" finished-at="2025-04-15T03:03:26 IST" duration-ms="269" status="PASS">
          <reporter-output>
          </reporter-output>
        </test-method> <!-- browserquit -->
        <test-method is-config="true" signature="reportClose()[pri:0, instance:tests.SignUpTest@6f204a1a]" started-at="2025-04-15T03:09:29 IST" name="reportClose" finished-at="2025-04-15T03:09:30 IST" duration-ms="808" status="PASS">
          <reporter-output>
          </reporter-output>
        </test-method> <!-- reportClose -->
      </class> <!-- tests.SignUpTest -->
      <class name="tests.ContactEditTest">
        <test-method is-config="true" signature="setup()[pri:0, instance:tests.ContactEditTest@c05fddc]" started-at="2025-04-15T03:01:43 IST" name="setup" finished-at="2025-04-15T03:01:43 IST" duration-ms="66" status="PASS">
          <reporter-output>
          </reporter-output>
        </test-method> <!-- setup -->
        <test-method is-config="true" signature="testDetails()[pri:0, instance:tests.ContactEditTest@c05fddc]" started-at="2025-04-15T03:07:24 IST" name="testDetails" finished-at="2025-04-15T03:07:24 IST" duration-ms="1" status="PASS">
          <reporter-output>
          </reporter-output>
        </test-method> <!-- testDetails -->
        <test-method is-config="true" signature="initializeDriver()[pri:0, instance:tests.ContactEditTest@c05fddc]" started-at="2025-04-15T03:07:24 IST" name="initializeDriver" finished-at="2025-04-15T03:07:28 IST" duration-ms="3832" status="PASS">
          <reporter-output>
          </reporter-output>
        </test-method> <!-- initializeDriver -->
        <test-method signature="testEditContact(java.lang.String,java.lang.String,java.lang.String,java.lang.String,java.lang.String,java.lang.String)[pri:0, instance:tests.ContactEditTest@c05fddc]" started-at="2025-04-15T03:07:28 IST" name="testEditContact" data-provider="ContactEditData" finished-at="2025-04-15T03:07:32 IST" duration-ms="4336" status="FAIL">
          <params>
            <param index="0">
              <value>
                <![CDATA[Ragini]]>
              </value>
            </param>
            <param index="1">
              <value>
                <![CDATA[Dass]]>
              </value>
            </param>
            <param index="2">
              <value>
                <![CDATA[ragini@gmail.com]]>
              </value>
            </param>
            <param index="3">
              <value>
                <![CDATA[8549657452]]>
              </value>
            </param>
            <param index="4">
              <value>
                <![CDATA[1993/02/02]]>
              </value>
            </param>
            <param index="5">
              <value>
                <![CDATA[Success]]>
              </value>
            </param>
          </params>
          <exception class="java.lang.AssertionError">
            <message>
              <![CDATA[Edit should be successful expected [true] but found [false]]]>
            </message>
            <full-stacktrace>
              <![CDATA[java.lang.AssertionError: Edit should be successful expected [true] but found [false]
at org.testng.Assert.fail(Assert.java:111)
at org.testng.Assert.failNotEquals(Assert.java:1578)
at org.testng.Assert.assertTrue(Assert.java:57)
at tests.ContactEditTest.testEditContact(ContactEditTest.java:78)
at java.base/jdk.internal.reflect.NativeMethodAccessorImpl.invoke0(Native Method)
at java.base/jdk.internal.reflect.NativeMethodAccessorImpl.invoke(NativeMethodAccessorImpl.java:77)
at java.base/jdk.internal.reflect.DelegatingMethodAccessorImpl.invoke(DelegatingMethodAccessorImpl.java:43)
at java.base/java.lang.reflect.Method.invoke(Method.java:569)
at org.testng.internal.invokers.MethodInvocationHelper.invokeMethod(MethodInvocationHelper.java:141)
at org.testng.internal.invokers.TestInvoker.invokeMethod(TestInvoker.java:686)
at org.testng.internal.invokers.TestInvoker.invokeTestMethod(TestInvoker.java:230)
at org.testng.internal.invokers.MethodRunner.runInSequence(MethodRunner.java:63)
at org.testng.internal.invokers.TestInvoker$MethodInvocationAgent.invoke(TestInvoker.java:992)
at org.testng.internal.invokers.TestInvoker.invokeTestMethods(TestInvoker.java:203)
at org.testng.internal.invokers.TestMethodWorker.invokeTestMethods(TestMethodWorker.java:154)
at org.testng.internal.invokers.TestMethodWorker.run(TestMethodWorker.java:134)
at java.base/java.util.ArrayList.forEach(ArrayList.java:1511)
at org.testng.TestRunner.privateRun(TestRunner.java:739)
at org.testng.TestRunner.run(TestRunner.java:614)
at org.testng.SuiteRunner.runTest(SuiteRunner.java:421)
at org.testng.SuiteRunner.runSequentially(SuiteRunner.java:413)
at org.testng.SuiteRunner.privateRun(SuiteRunner.java:373)
at org.testng.SuiteRunner.run(SuiteRunner.java:312)
at org.testng.SuiteRunnerWorker.runSuite(SuiteRunnerWorker.java:52)
at org.testng.SuiteRunnerWorker.run(SuiteRunnerWorker.java:95)
at org.testng.TestNG.runSuitesSequentially(TestNG.java:1274)
at org.testng.TestNG.runSuitesLocally(TestNG.java:1208)
at org.testng.TestNG.runSuites(TestNG.java:1112)
at org.testng.TestNG.run(TestNG.java:1079)
at org.testng.remote.AbstractRemoteTestNG.run(AbstractRemoteTestNG.java:115)
at org.testng.remote.RemoteTestNG.initAndRun(RemoteTestNG.java:293)
at org.testng.remote.RemoteTestNG.main(RemoteTestNG.java:91)
]]>
            </full-stacktrace>
          </exception> <!-- java.lang.AssertionError -->
          <reporter-output>
          </reporter-output>
        </test-method> <!-- testEditContact -->
        <test-method is-config="true" signature="browserquit()[pri:0, instance:tests.ContactEditTest@c05fddc]" started-at="2025-04-15T03:07:32 IST" name="browserquit" finished-at="2025-04-15T03:07:33 IST" duration-ms="269" status="PASS">
          <reporter-output>
          </reporter-output>
        </test-method> <!-- browserquit -->
        <test-method is-config="true" signature="initializeDriver()[pri:0, instance:tests.ContactEditTest@c05fddc]" started-at="2025-04-15T03:07:33 IST" name="initializeDriver" finished-at="2025-04-15T03:07:37 IST" duration-ms="4292" status="PASS">
          <reporter-output>
          </reporter-output>
        </test-method> <!-- initializeDriver -->
        <test-method signature="testEditContact(java.lang.String,java.lang.String,java.lang.String,java.lang.String,java.lang.String,java.lang.String)[pri:0, instance:tests.ContactEditTest@c05fddc]" started-at="2025-04-15T03:07:37 IST" name="testEditContact" data-provider="ContactEditData" finished-at="2025-04-15T03:07:41 IST" duration-ms="4414" status="PASS">
          <params>
            <param index="0">
              <value>
                <![CDATA[Princy]]>
              </value>
            </param>
            <param index="1">
              <value>
                <![CDATA[Sarojina]]>
              </value>
            </param>
            <param index="2">
              <value>
                <![CDATA[invalid.com]]>
              </value>
            </param>
            <param index="3">
              <value>
                <![CDATA[78465925hu]]>
              </value>
            </param>
            <param index="4">
              <value>
                <![CDATA[1995/01/25]]>
              </value>
            </param>
            <param index="5">
              <value>
                <![CDATA[Fail]]>
              </value>
            </param>
          </params>
          <reporter-output>
          </reporter-output>
        </test-method> <!-- testEditContact -->
        <test-method is-config="true" signature="browserquit()[pri:0, instance:tests.ContactEditTest@c05fddc]" started-at="2025-04-15T03:07:41 IST" name="browserquit" finished-at="2025-04-15T03:07:42 IST" duration-ms="247" status="PASS">
          <reporter-output>
          </reporter-output>
        </test-method> <!-- browserquit -->
        <test-method is-config="true" signature="initializeDriver()[pri:0, instance:tests.ContactEditTest@c05fddc]" started-at="2025-04-15T03:07:42 IST" name="initializeDriver" finished-at="2025-04-15T03:07:45 IST" duration-ms="3820" status="PASS">
          <reporter-output>
          </reporter-output>
        </test-method> <!-- initializeDriver -->
        <test-method signature="testEditContact(java.lang.String,java.lang.String,java.lang.String,java.lang.String,java.lang.String,java.lang.String)[pri:0, instance:tests.ContactEditTest@c05fddc]" started-at="2025-04-15T03:07:45 IST" name="testEditContact" data-provider="ContactEditData" finished-at="2025-04-15T03:07:50 IST" duration-ms="4332" status="PASS">
          <params>
            <param index="0">
              <value>
                <![CDATA[]]>
              </value>
            </param>
            <param index="1">
              <value>
                <![CDATA[Preethi]]>
              </value>
            </param>
            <param index="2">
              <value>
                <![CDATA[preethi@gmail.com]]>
              </value>
            </param>
            <param index="3">
              <value>
                <![CDATA[8451296584]]>
              </value>
            </param>
            <param index="4">
              <value>
                <![CDATA[2001/04/25]]>
              </value>
            </param>
            <param index="5">
              <value>
                <![CDATA[Fail]]>
              </value>
            </param>
          </params>
          <reporter-output>
          </reporter-output>
        </test-method> <!-- testEditContact -->
        <test-method is-config="true" signature="browserquit()[pri:0, instance:tests.ContactEditTest@c05fddc]" started-at="2025-04-15T03:07:50 IST" name="browserquit" finished-at="2025-04-15T03:07:50 IST" duration-ms="277" status="PASS">
          <reporter-output>
          </reporter-output>
        </test-method> <!-- browserquit -->
      </class> <!-- tests.ContactEditTest -->
      <class name="tests.ContactDisplayTest">
        <test-method is-config="true" signature="setup()[pri:0, instance:tests.ContactDisplayTest@7e990ed7]" started-at="2025-04-15T03:01:43 IST" name="setup" finished-at="2025-04-15T03:01:43 IST" duration-ms="0" status="PASS">
          <reporter-output>
          </reporter-output>
        </test-method> <!-- setup -->
        <test-method is-config="true" signature="testDetails()[pri:0, instance:tests.ContactDisplayTest@7e990ed7]" started-at="2025-04-15T03:06:40 IST" name="testDetails" finished-at="2025-04-15T03:06:40 IST" duration-ms="1" status="PASS">
          <reporter-output>
          </reporter-output>
        </test-method> <!-- testDetails -->
        <test-method is-config="true" signature="initializeDriver()[pri:0, instance:tests.ContactDisplayTest@7e990ed7]" started-at="2025-04-15T03:06:40 IST" name="initializeDriver" finished-at="2025-04-15T03:06:44 IST" duration-ms="3850" status="PASS">
          <reporter-output>
          </reporter-output>
        </test-method> <!-- initializeDriver -->
        <test-method signature="testPrintAllContacts()[pri:1, instance:tests.ContactDisplayTest@7e990ed7]" started-at="2025-04-15T03:06:44 IST" name="testPrintAllContacts" finished-at="2025-04-15T03:06:46 IST" duration-ms="1905" status="PASS">
          <reporter-output>
          </reporter-output>
        </test-method> <!-- testPrintAllContacts -->
        <test-method is-config="true" signature="browserquit()[pri:0, instance:tests.ContactDisplayTest@7e990ed7]" started-at="2025-04-15T03:06:46 IST" name="browserquit" finished-at="2025-04-15T03:06:46 IST" duration-ms="235" status="PASS">
          <reporter-output>
          </reporter-output>
        </test-method> <!-- browserquit -->
        <test-method signature="viewAndVerifyContactList(java.lang.String,java.lang.String)[pri:2, instance:tests.ContactDisplayTest@7e990ed7]" started-at="2025-04-15T03:06:46 IST" name="viewAndVerifyContactList" finished-at="2025-04-15T03:06:46 IST" duration-ms="0" status="FAIL">
          <exception class="org.testng.TestNGException">
            <message>
              <![CDATA[
Cannot inject @Test annotated Method [viewAndVerifyContactList] with [class java.lang.String, class java.lang.String].
For more information on native dependency injection please refer to https://testng.org/#_dependency_injection]]>
            </message>
            <full-stacktrace>
              <![CDATA[org.testng.TestNGException: 
Cannot inject @Test annotated Method [viewAndVerifyContactList] with [class java.lang.String, class java.lang.String].
For more information on native dependency injection please refer to https://testng.org/#_dependency_injection
at org.testng.internal.Parameters.checkParameterTypes(Parameters.java:442)
at org.testng.internal.Parameters.createParametersForMethod(Parameters.java:347)
at org.testng.internal.Parameters.createParameters(Parameters.java:699)
at org.testng.internal.Parameters.handleParameters(Parameters.java:885)
at org.testng.internal.Parameters.handleParameters(Parameters.java:734)
at org.testng.internal.invokers.ParameterHandler.handleParameters(ParameterHandler.java:72)
at org.testng.internal.invokers.ParameterHandler.createParameters(ParameterHandler.java:51)
at org.testng.internal.invokers.TestInvoker$MethodInvocationAgent.invoke(TestInvoker.java:946)
at org.testng.internal.invokers.TestInvoker.invokeTestMethods(TestInvoker.java:203)
at org.testng.internal.invokers.TestMethodWorker.invokeTestMethods(TestMethodWorker.java:154)
at org.testng.internal.invokers.TestMethodWorker.run(TestMethodWorker.java:134)
at java.base/java.util.ArrayList.forEach(ArrayList.java:1511)
at org.testng.TestRunner.privateRun(TestRunner.java:739)
at org.testng.TestRunner.run(TestRunner.java:614)
at org.testng.SuiteRunner.runTest(SuiteRunner.java:421)
at org.testng.SuiteRunner.runSequentially(SuiteRunner.java:413)
at org.testng.SuiteRunner.privateRun(SuiteRunner.java:373)
at org.testng.SuiteRunner.run(SuiteRunner.java:312)
at org.testng.SuiteRunnerWorker.runSuite(SuiteRunnerWorker.java:52)
at org.testng.SuiteRunnerWorker.run(SuiteRunnerWorker.java:95)
at org.testng.TestNG.runSuitesSequentially(TestNG.java:1274)
at org.testng.TestNG.runSuitesLocally(TestNG.java:1208)
at org.testng.TestNG.runSuites(TestNG.java:1112)
at org.testng.TestNG.run(TestNG.java:1079)
at org.testng.remote.AbstractRemoteTestNG.run(AbstractRemoteTestNG.java:115)
at org.testng.remote.RemoteTestNG.initAndRun(RemoteTestNG.java:293)
at org.testng.remote.RemoteTestNG.main(RemoteTestNG.java:91)
]]>
            </full-stacktrace>
          </exception> <!-- org.testng.TestNGException -->
          <reporter-output>
          </reporter-output>
        </test-method> <!-- viewAndVerifyContactList -->
        <test-method is-config="true" signature="initializeDriver()[pri:0, instance:tests.ContactDisplayTest@7e990ed7]" started-at="2025-04-15T03:06:46 IST" name="initializeDriver" finished-at="2025-04-15T03:06:50 IST" duration-ms="4036" status="PASS">
          <reporter-output>
          </reporter-output>
        </test-method> <!-- initializeDriver -->
        <test-method signature="testContactDisplayed()[pri:3, instance:tests.ContactDisplayTest@7e990ed7]" started-at="2025-04-15T03:06:50 IST" name="testContactDisplayed" finished-at="2025-04-15T03:06:56 IST" duration-ms="6507" status="PASS">
          <reporter-output>
          </reporter-output>
        </test-method> <!-- testContactDisplayed -->
        <test-method is-config="true" signature="browserquit()[pri:0, instance:tests.ContactDisplayTest@7e990ed7]" started-at="2025-04-15T03:06:56 IST" name="browserquit" finished-at="2025-04-15T03:06:57 IST" duration-ms="282" status="PASS">
          <reporter-output>
          </reporter-output>
        </test-method> <!-- browserquit -->
        <test-method is-config="true" signature="initializeDriver()[pri:0, instance:tests.ContactDisplayTest@7e990ed7]" started-at="2025-04-15T03:06:57 IST" name="initializeDriver" finished-at="2025-04-15T03:07:00 IST" duration-ms="3852" status="PASS">
          <reporter-output>
          </reporter-output>
        </test-method> <!-- initializeDriver -->
        <test-method signature="testContactInfoByName()[pri:4, instance:tests.ContactDisplayTest@7e990ed7]" started-at="2025-04-15T03:07:00 IST" name="testContactInfoByName" finished-at="2025-04-15T03:07:02 IST" duration-ms="1769" status="PASS">
          <reporter-output>
          </reporter-output>
        </test-method> <!-- testContactInfoByName -->
        <test-method is-config="true" signature="browserquit()[pri:0, instance:tests.ContactDisplayTest@7e990ed7]" started-at="2025-04-15T03:07:02 IST" name="browserquit" finished-at="2025-04-15T03:07:03 IST" duration-ms="331" status="PASS">
          <reporter-output>
          </reporter-output>
        </test-method> <!-- browserquit -->
        <test-method is-config="true" signature="initializeDriver()[pri:0, instance:tests.ContactDisplayTest@7e990ed7]" started-at="2025-04-15T03:07:03 IST" name="initializeDriver" finished-at="2025-04-15T03:07:06 IST" duration-ms="3902" status="PASS">
          <reporter-output>
          </reporter-output>
        </test-method> <!-- initializeDriver -->
        <test-method signature="testContactsSortedByName()[pri:5, instance:tests.ContactDisplayTest@7e990ed7]" started-at="2025-04-15T03:07:06 IST" name="testContactsSortedByName" finished-at="2025-04-15T03:07:08 IST" duration-ms="1555" status="PASS">
          <reporter-output>
          </reporter-output>
        </test-method> <!-- testContactsSortedByName -->
        <test-method is-config="true" signature="browserquit()[pri:0, instance:tests.ContactDisplayTest@7e990ed7]" started-at="2025-04-15T03:07:08 IST" name="browserquit" finished-at="2025-04-15T03:07:08 IST" duration-ms="267" status="PASS">
          <reporter-output>
          </reporter-output>
        </test-method> <!-- browserquit -->
        <test-method is-config="true" signature="initializeDriver()[pri:0, instance:tests.ContactDisplayTest@7e990ed7]" started-at="2025-04-15T03:07:08 IST" name="initializeDriver" finished-at="2025-04-15T03:07:13 IST" duration-ms="4430" status="PASS">
          <reporter-output>
          </reporter-output>
        </test-method> <!-- initializeDriver -->
        <test-method signature="testAllEmailsValid()[pri:6, instance:tests.ContactDisplayTest@7e990ed7]" started-at="2025-04-15T03:07:13 IST" name="testAllEmailsValid" finished-at="2025-04-15T03:07:23 IST" duration-ms="10658" status="PASS">
          <reporter-output>
          </reporter-output>
        </test-method> <!-- testAllEmailsValid -->
        <test-method is-config="true" signature="browserquit()[pri:0, instance:tests.ContactDisplayTest@7e990ed7]" started-at="2025-04-15T03:07:23 IST" name="browserquit" finished-at="2025-04-15T03:07:24 IST" duration-ms="697" status="PASS">
          <reporter-output>
          </reporter-output>
        </test-method> <!-- browserquit -->
      </class> <!-- tests.ContactDisplayTest -->
      <class name="tests.ContactAddTest">
        <test-method is-config="true" signature="setup()[pri:0, instance:tests.ContactAddTest@4d14b6c2]" started-at="2025-04-15T03:01:43 IST" name="setup" finished-at="2025-04-15T03:01:43 IST" duration-ms="1" status="PASS">
          <reporter-output>
          </reporter-output>
        </test-method> <!-- setup -->
        <test-method is-config="true" signature="testDetails()[pri:0, instance:tests.ContactAddTest@4d14b6c2]" started-at="2025-04-15T03:04:56 IST" name="testDetails" finished-at="2025-04-15T03:04:56 IST" duration-ms="1" status="PASS">
          <reporter-output>
          </reporter-output>
        </test-method> <!-- testDetails -->
        <test-method is-config="true" signature="initializeDriver()[pri:0, instance:tests.ContactAddTest@4d14b6c2]" started-at="2025-04-15T03:04:56 IST" name="initializeDriver" finished-at="2025-04-15T03:05:00 IST" duration-ms="4002" status="PASS">
          <reporter-output>
          </reporter-output>
        </test-method> <!-- initializeDriver -->
        <test-method signature="testAddContact(java.lang.String,java.lang.String,java.lang.String,java.lang.String,java.lang.String,java.lang.String,java.lang.String,java.lang.String,java.lang.String,java.lang.String,java.lang.String,java.lang.String)[pri:1, instance:tests.ContactAddTest@4d14b6c2]" started-at="2025-04-15T03:05:00 IST" name="testAddContact" data-provider="ContactData" finished-at="2025-04-15T03:05:09 IST" duration-ms="9749" status="PASS">
          <params>
            <param index="0">
              <value>
                <![CDATA[Madhu]]>
              </value>
            </param>
            <param index="1">
              <value>
                <![CDATA[Mithra]]>
              </value>
            </param>
            <param index="2">
              <value>
                <![CDATA[1995-05-25]]>
              </value>
            </param>
            <param index="3">
              <value>
                <![CDATA[madhumithra2806@gmail.com]]>
              </value>
            </param>
            <param index="4">
              <value>
                <![CDATA[7845412339]]>
              </value>
            </param>
            <param index="5">
              <value>
                <![CDATA[123 Main St]]>
              </value>
            </param>
            <param index="6">
              <value>
                <![CDATA[Dessau Rd]]>
              </value>
            </param>
            <param index="7">
              <value>
                <![CDATA[LA]]>
              </value>
            </param>
            <param index="8">
              <value>
                <![CDATA[CA]]>
              </value>
            </param>
            <param index="9">
              <value>
                <![CDATA[90001]]>
              </value>
            </param>
            <param index="10">
              <value>
                <![CDATA[Germany]]>
              </value>
            </param>
            <param index="11">
              <value>
                <![CDATA[Success]]>
              </value>
            </param>
          </params>
          <reporter-output>
          </reporter-output>
        </test-method> <!-- testAddContact -->
        <test-method is-config="true" signature="browserquit()[pri:0, instance:tests.ContactAddTest@4d14b6c2]" started-at="2025-04-15T03:05:09 IST" name="browserquit" finished-at="2025-04-15T03:05:10 IST" duration-ms="367" status="PASS">
          <reporter-output>
          </reporter-output>
        </test-method> <!-- browserquit -->
        <test-method is-config="true" signature="initializeDriver()[pri:0, instance:tests.ContactAddTest@4d14b6c2]" started-at="2025-04-15T03:05:10 IST" name="initializeDriver" finished-at="2025-04-15T03:05:14 IST" duration-ms="3790" status="PASS">
          <reporter-output>
          </reporter-output>
        </test-method> <!-- initializeDriver -->
        <test-method signature="testAddContact(java.lang.String,java.lang.String,java.lang.String,java.lang.String,java.lang.String,java.lang.String,java.lang.String,java.lang.String,java.lang.String,java.lang.String,java.lang.String,java.lang.String)[pri:1, instance:tests.ContactAddTest@4d14b6c2]" started-at="2025-04-15T03:05:14 IST" name="testAddContact" data-provider="ContactData" finished-at="2025-04-15T03:05:24 IST" duration-ms="10204" status="PASS">
          <params>
            <param index="0">
              <value>
                <![CDATA[Mokthi]]>
              </value>
            </param>
            <param index="1">
              <value>
                <![CDATA[Magesh]]>
              </value>
            </param>
            <param index="2">
              <value>
                <![CDATA[1995-05-26]]>
              </value>
            </param>
            <param index="3">
              <value>
                <![CDATA[mokthi@gmail.com]]>
              </value>
            </param>
            <param index="4">
              <value>
                <![CDATA[5454212185]]>
              </value>
            </param>
            <param index="5">
              <value>
                <![CDATA[456 Park Ave]]>
              </value>
            </param>
            <param index="6">
              <value>
                <![CDATA[West Palm Beach]]>
              </value>
            </param>
            <param index="7">
              <value>
                <![CDATA[NY]]>
              </value>
            </param>
            <param index="8">
              <value>
                <![CDATA[Florida]]>
              </value>
            </param>
            <param index="9">
              <value>
                <![CDATA[45879]]>
              </value>
            </param>
            <param index="10">
              <value>
                <![CDATA[United Kingdom]]>
              </value>
            </param>
            <param index="11">
              <value>
                <![CDATA[Success]]>
              </value>
            </param>
          </params>
          <reporter-output>
          </reporter-output>
        </test-method> <!-- testAddContact -->
        <test-method is-config="true" signature="browserquit()[pri:0, instance:tests.ContactAddTest@4d14b6c2]" started-at="2025-04-15T03:05:24 IST" name="browserquit" finished-at="2025-04-15T03:05:24 IST" duration-ms="336" status="PASS">
          <reporter-output>
          </reporter-output>
        </test-method> <!-- browserquit -->
        <test-method is-config="true" signature="initializeDriver()[pri:0, instance:tests.ContactAddTest@4d14b6c2]" started-at="2025-04-15T03:05:24 IST" name="initializeDriver" finished-at="2025-04-15T03:05:28 IST" duration-ms="3766" status="PASS">
          <reporter-output>
          </reporter-output>
        </test-method> <!-- initializeDriver -->
        <test-method signature="testAddContact(java.lang.String,java.lang.String,java.lang.String,java.lang.String,java.lang.String,java.lang.String,java.lang.String,java.lang.String,java.lang.String,java.lang.String,java.lang.String,java.lang.String)[pri:1, instance:tests.ContactAddTest@4d14b6c2]" started-at="2025-04-15T03:05:28 IST" name="testAddContact" data-provider="ContactData" finished-at="2025-04-15T03:05:38 IST" duration-ms="9966" status="PASS">
          <params>
            <param index="0">
              <value>
                <![CDATA[]]>
              </value>
            </param>
            <param index="1">
              <value>
                <![CDATA[Doe]]>
              </value>
            </param>
            <param index="2">
              <value>
                <![CDATA[1995-05-27]]>
              </value>
            </param>
            <param index="3">
              <value>
                <![CDATA[doe@gmail.com]]>
              </value>
            </param>
            <param index="4">
              <value>
                <![CDATA[9876543210]]>
              </value>
            </param>
            <param index="5">
              <value>
                <![CDATA[12632 S Rte 59]]>
              </value>
            </param>
            <param index="6">
              <value>
                <![CDATA[Illinois]]>
              </value>
            </param>
            <param index="7">
              <value>
                <![CDATA[LA]]>
              </value>
            </param>
            <param index="8">
              <value>
                <![CDATA[Plainfield]]>
              </value>
            </param>
            <param index="9">
              <value>
                <![CDATA[60585]]>
              </value>
            </param>
            <param index="10">
              <value>
                <![CDATA[United States]]>
              </value>
            </param>
            <param index="11">
              <value>
                <![CDATA[Fail(Missing FirstName)]]>
              </value>
            </param>
          </params>
          <reporter-output>
          </reporter-output>
        </test-method> <!-- testAddContact -->
        <test-method is-config="true" signature="browserquit()[pri:0, instance:tests.ContactAddTest@4d14b6c2]" started-at="2025-04-15T03:05:38 IST" name="browserquit" finished-at="2025-04-15T03:05:39 IST" duration-ms="1075" status="PASS">
          <reporter-output>
          </reporter-output>
        </test-method> <!-- browserquit -->
        <test-method is-config="true" signature="initializeDriver()[pri:0, instance:tests.ContactAddTest@4d14b6c2]" started-at="2025-04-15T03:05:39 IST" name="initializeDriver" finished-at="2025-04-15T03:05:43 IST" duration-ms="3846" status="PASS">
          <reporter-output>
          </reporter-output>
        </test-method> <!-- initializeDriver -->
        <test-method signature="testAddContact(java.lang.String,java.lang.String,java.lang.String,java.lang.String,java.lang.String,java.lang.String,java.lang.String,java.lang.String,java.lang.String,java.lang.String,java.lang.String,java.lang.String)[pri:1, instance:tests.ContactAddTest@4d14b6c2]" started-at="2025-04-15T03:05:43 IST" name="testAddContact" data-provider="ContactData" finished-at="2025-04-15T03:06:02 IST" duration-ms="19374" status="FAIL">
          <params>
            <param index="0">
              <value>
                <![CDATA[Bharathi]]>
              </value>
            </param>
            <param index="1">
              <value>
                <![CDATA[Magesh]]>
              </value>
            </param>
            <param index="2">
              <value>
                <![CDATA[1995-05-28]]>
              </value>
            </param>
            <param index="3">
              <value>
                <![CDATA[bharathu@gmail.com]]>
              </value>
            </param>
            <param index="4">
              <value>
                <![CDATA[9546218596]]>
              </value>
            </param>
            <param index="5">
              <value>
                <![CDATA[1540 S Stratford Rd]]>
              </value>
            </param>
            <param index="6">
              <value>
                <![CDATA[Winston-Salem]]>
              </value>
            </param>
            <param index="7">
              <value>
                <![CDATA[SF]]>
              </value>
            </param>
            <param index="8">
              <value>
                <![CDATA[North Carolina]]>
              </value>
            </param>
            <param index="9">
              <value>
                <![CDATA[27103]]>
              </value>
            </param>
            <param index="10">
              <value>
                <![CDATA[Canada]]>
              </value>
            </param>
            <param index="11">
              <value>
                <![CDATA[Fail(Invalid DOB Date)]]>
              </value>
            </param>
          </params>
          <exception class="org.openqa.selenium.NoSuchElementException">
            <message>
              <![CDATA[no such element: Unable to locate element: {"method":"css selector","selector":"#error"}
  (Session info: chrome=134.0.6998.89)
For documentation on this error, please visit: https://www.selenium.dev/documentation/webdriver/troubleshooting/errors#no-such-element-exception
Build info: version: '4.21.0', revision: '79ed462ef4'
System info: os.name: 'Windows 11', os.arch: 'amd64', os.version: '10.0', java.version: '17.0.14'
Driver info: org.openqa.selenium.chrome.ChromeDriver
Command: [afdd922097ccaff9d5c0b5c31182561e, findElement {using=id, value=error}]
Capabilities {acceptInsecureCerts: false, browserName: chrome, browserVersion: 134.0.6998.89, chrome: {chromedriverVersion: 134.0.6998.165 (fd886e2cb29..., userDataDir: C:\Users\madhu\AppData\Loca...}, fedcm:accounts: true, goog:chromeOptions: {debuggerAddress: localhost:49250}, networkConnectionEnabled: false, pageLoadStrategy: normal, platformName: windows, proxy: Proxy(), se:cdp: ws://localhost:49250/devtoo..., se:cdpVersion: 134.0.6998.89, setWindowRect: true, strictFileInteractability: false, timeouts: {implicit: 0, pageLoad: 300000, script: 30000}, unhandledPromptBehavior: dismiss and notify, webauthn:extension:credBlob: true, webauthn:extension:largeBlob: true, webauthn:extension:minPinLength: true, webauthn:extension:prf: true, webauthn:virtualAuthenticators: true}
Session ID: afdd922097ccaff9d5c0b5c31182561e]]>
            </message>
            <full-stacktrace>
              <![CDATA[org.openqa.selenium.NoSuchElementException: no such element: Unable to locate element: {"method":"css selector","selector":"#error"}
  (Session info: chrome=134.0.6998.89)
For documentation on this error, please visit: https://www.selenium.dev/documentation/webdriver/troubleshooting/errors#no-such-element-exception
Build info: version: '4.21.0', revision: '79ed462ef4'
System info: os.name: 'Windows 11', os.arch: 'amd64', os.version: '10.0', java.version: '17.0.14'
Driver info: org.openqa.selenium.chrome.ChromeDriver
Command: [afdd922097ccaff9d5c0b5c31182561e, findElement {using=id, value=error}]
Capabilities {acceptInsecureCerts: false, browserName: chrome, browserVersion: 134.0.6998.89, chrome: {chromedriverVersion: 134.0.6998.165 (fd886e2cb29..., userDataDir: C:\Users\madhu\AppData\Loca...}, fedcm:accounts: true, goog:chromeOptions: {debuggerAddress: localhost:49250}, networkConnectionEnabled: false, pageLoadStrategy: normal, platformName: windows, proxy: Proxy(), se:cdp: ws://localhost:49250/devtoo..., se:cdpVersion: 134.0.6998.89, setWindowRect: true, strictFileInteractability: false, timeouts: {implicit: 0, pageLoad: 300000, script: 30000}, unhandledPromptBehavior: dismiss and notify, webauthn:extension:credBlob: true, webauthn:extension:largeBlob: true, webauthn:extension:minPinLength: true, webauthn:extension:prf: true, webauthn:virtualAuthenticators: true}
Session ID: afdd922097ccaff9d5c0b5c31182561e
at java.base/jdk.internal.reflect.NativeConstructorAccessorImpl.newInstance0(Native Method)
at java.base/jdk.internal.reflect.NativeConstructorAccessorImpl.newInstance(NativeConstructorAccessorImpl.java:77)
at java.base/jdk.internal.reflect.DelegatingConstructorAccessorImpl.newInstance(DelegatingConstructorAccessorImpl.java:45)
at java.base/java.lang.reflect.Constructor.newInstanceWithCaller(Constructor.java:500)
at java.base/java.lang.reflect.Constructor.newInstance(Constructor.java:481)
at org.openqa.selenium.remote.ErrorCodec.decode(ErrorCodec.java:167)
at org.openqa.selenium.remote.codec.w3c.W3CHttpResponseCodec.decode(W3CHttpResponseCodec.java:138)
at org.openqa.selenium.remote.codec.w3c.W3CHttpResponseCodec.decode(W3CHttpResponseCodec.java:50)
at org.openqa.selenium.remote.HttpCommandExecutor.execute(HttpCommandExecutor.java:190)
at org.openqa.selenium.remote.service.DriverCommandExecutor.invokeExecute(DriverCommandExecutor.java:216)
at org.openqa.selenium.remote.service.DriverCommandExecutor.execute(DriverCommandExecutor.java:174)
at org.openqa.selenium.remote.RemoteWebDriver.execute(RemoteWebDriver.java:518)
at org.openqa.selenium.remote.ElementLocation$ElementFinder$2.findElement(ElementLocation.java:165)
at org.openqa.selenium.remote.ElementLocation.findElement(ElementLocation.java:59)
at org.openqa.selenium.remote.RemoteWebDriver.findElement(RemoteWebDriver.java:355)
at org.openqa.selenium.remote.RemoteWebDriver.findElement(RemoteWebDriver.java:349)
at org.openqa.selenium.support.pagefactory.DefaultElementLocator.findElement(DefaultElementLocator.java:68)
at org.openqa.selenium.support.pagefactory.internal.LocatingElementHandler.invoke(LocatingElementHandler.java:38)
at jdk.proxy2/jdk.proxy2.$Proxy22.getSize(Unknown Source)
at pages.ContactAddPage.isErrorDisplayed(ContactAddPage.java:135)
at tests.ContactAddTest.testAddContact(ContactAddTest.java:62)
at java.base/jdk.internal.reflect.NativeMethodAccessorImpl.invoke0(Native Method)
at java.base/jdk.internal.reflect.NativeMethodAccessorImpl.invoke(NativeMethodAccessorImpl.java:77)
at java.base/jdk.internal.reflect.DelegatingMethodAccessorImpl.invoke(DelegatingMethodAccessorImpl.java:43)
at java.base/java.lang.reflect.Method.invoke(Method.java:569)
at org.testng.internal.invokers.MethodInvocationHelper.invokeMethod(MethodInvocationHelper.java:141)
at org.testng.internal.invokers.TestInvoker.invokeMethod(TestInvoker.java:686)
at org.testng.internal.invokers.TestInvoker.invokeTestMethod(TestInvoker.java:230)
at org.testng.internal.invokers.MethodRunner.runInSequence(MethodRunner.java:63)
at org.testng.internal.invokers.TestInvoker$MethodInvocationAgent.invoke(TestInvoker.java:992)
at org.testng.internal.invokers.TestInvoker.invokeTestMethods(TestInvoker.java:203)
at org.testng.internal.invokers.TestMethodWorker.invokeTestMethods(TestMethodWorker.java:154)
at org.testng.internal.invokers.TestMethodWorker.run(TestMethodWorker.java:134)
at java.base/java.util.ArrayList.forEach(ArrayList.java:1511)
at org.testng.TestRunner.privateRun(TestRunner.java:739)
at org.testng.TestRunner.run(TestRunner.java:614)
at org.testng.SuiteRunner.runTest(SuiteRunner.java:421)
at org.testng.SuiteRunner.runSequentially(SuiteRunner.java:413)
at org.testng.SuiteRunner.privateRun(SuiteRunner.java:373)
at org.testng.SuiteRunner.run(SuiteRunner.java:312)
at org.testng.SuiteRunnerWorker.runSuite(SuiteRunnerWorker.java:52)
at org.testng.SuiteRunnerWorker.run(SuiteRunnerWorker.java:95)
at org.testng.TestNG.runSuitesSequentially(TestNG.java:1274)
at org.testng.TestNG.runSuitesLocally(TestNG.java:1208)
at org.testng.TestNG.runSuites(TestNG.java:1112)
at org.testng.TestNG.run(TestNG.java:1079)
at org.testng.remote.AbstractRemoteTestNG.run(AbstractRemoteTestNG.java:115)
at org.testng.remote.RemoteTestNG.initAndRun(RemoteTestNG.java:293)
at org.testng.remote.RemoteTestNG.main(RemoteTestNG.java:91)
]]>
            </full-stacktrace>
          </exception> <!-- org.openqa.selenium.NoSuchElementException -->
          <reporter-output>
          </reporter-output>
        </test-method> <!-- testAddContact -->
        <test-method is-config="true" signature="browserquit()[pri:0, instance:tests.ContactAddTest@4d14b6c2]" started-at="2025-04-15T03:06:02 IST" name="browserquit" finished-at="2025-04-15T03:06:03 IST" duration-ms="416" status="PASS">
          <reporter-output>
          </reporter-output>
        </test-method> <!-- browserquit -->
        <test-method is-config="true" signature="initializeDriver()[pri:0, instance:tests.ContactAddTest@4d14b6c2]" started-at="2025-04-15T03:06:03 IST" name="initializeDriver" finished-at="2025-04-15T03:06:06 IST" duration-ms="3767" status="PASS">
          <reporter-output>
          </reporter-output>
        </test-method> <!-- initializeDriver -->
        <test-method signature="testAddContact(java.lang.String,java.lang.String,java.lang.String,java.lang.String,java.lang.String,java.lang.String,java.lang.String,java.lang.String,java.lang.String,java.lang.String,java.lang.String,java.lang.String)[pri:1, instance:tests.ContactAddTest@4d14b6c2]" started-at="2025-04-15T03:06:06 IST" name="testAddContact" data-provider="ContactData" finished-at="2025-04-15T03:06:16 IST" duration-ms="9617" status="PASS">
          <params>
            <param index="0">
              <value>
                <![CDATA[Test]]>
              </value>
            </param>
            <param index="1">
              <value>
                <![CDATA[User]]>
              </value>
            </param>
            <param index="2">
              <value>
                <![CDATA[1995-05-29]]>
              </value>
            </param>
            <param index="3">
              <value>
                <![CDATA[test@invalid_email]]>
              </value>
            </param>
            <param index="4">
              <value>
                <![CDATA[5698742685]]>
              </value>
            </param>
            <param index="5">
              <value>
                <![CDATA[9528 25 Hwy]]>
              </value>
            </param>
            <param index="6">
              <value>
                <![CDATA[9528 25 Hwy]]>
              </value>
            </param>
            <param index="7">
              <value>
                <![CDATA[Austin]]>
              </value>
            </param>
            <param index="8">
              <value>
                <![CDATA[Ontario]]>
              </value>
            </param>
            <param index="9">
              <value>
                <![CDATA[L9T 2X7]]>
              </value>
            </param>
            <param index="10">
              <value>
                <![CDATA[Italy]]>
              </value>
            </param>
            <param index="11">
              <value>
                <![CDATA[Fail (Invalid Email)]]>
              </value>
            </param>
          </params>
          <reporter-output>
          </reporter-output>
        </test-method> <!-- testAddContact -->
        <test-method is-config="true" signature="browserquit()[pri:0, instance:tests.ContactAddTest@4d14b6c2]" started-at="2025-04-15T03:06:16 IST" name="browserquit" finished-at="2025-04-15T03:06:16 IST" duration-ms="346" status="PASS">
          <reporter-output>
          </reporter-output>
        </test-method> <!-- browserquit -->
        <test-method is-config="true" signature="initializeDriver()[pri:0, instance:tests.ContactAddTest@4d14b6c2]" started-at="2025-04-15T03:06:16 IST" name="initializeDriver" finished-at="2025-04-15T03:06:20 IST" duration-ms="4060" status="PASS">
          <reporter-output>
          </reporter-output>
        </test-method> <!-- initializeDriver -->
        <test-method signature="testAddContact(java.lang.String,java.lang.String,java.lang.String,java.lang.String,java.lang.String,java.lang.String,java.lang.String,java.lang.String,java.lang.String,java.lang.String,java.lang.String,java.lang.String)[pri:1, instance:tests.ContactAddTest@4d14b6c2]" started-at="2025-04-15T03:06:20 IST" name="testAddContact" data-provider="ContactData" finished-at="2025-04-15T03:06:39 IST" duration-ms="19010" status="FAIL">
          <params>
            <param index="0">
              <value>
                <![CDATA[Guvi]]>
              </value>
            </param>
            <param index="1">
              <value>
                <![CDATA[Test]]>
              </value>
            </param>
            <param index="2">
              <value>
                <![CDATA[1995-05-30]]>
              </value>
            </param>
            <param index="3">
              <value>
                <![CDATA[mokthi@gmail.com]]>
              </value>
            </param>
            <param index="4">
              <value>
                <![CDATA[1548896285]]>
              </value>
            </param>
            <param index="5">
              <value>
                <![CDATA[485 R Vivi 59]]>
              </value>
            </param>
            <param index="6">
              <value>
                <![CDATA[TVT Road]]>
              </value>
            </param>
            <param index="7">
              <value>
                <![CDATA[NT]]>
              </value>
            </param>
            <param index="8">
              <value>
                <![CDATA[Onida]]>
              </value>
            </param>
            <param index="9">
              <value>
                <![CDATA[845962]]>
              </value>
            </param>
            <param index="10">
              <value>
                <![CDATA[Malaysia]]>
              </value>
            </param>
            <param index="11">
              <value>
                <![CDATA[Fail (Same Mail ID)]]>
              </value>
            </param>
          </params>
          <exception class="org.openqa.selenium.NoSuchElementException">
            <message>
              <![CDATA[no such element: Unable to locate element: {"method":"css selector","selector":"#error"}
  (Session info: chrome=134.0.6998.89)
For documentation on this error, please visit: https://www.selenium.dev/documentation/webdriver/troubleshooting/errors#no-such-element-exception
Build info: version: '4.21.0', revision: '79ed462ef4'
System info: os.name: 'Windows 11', os.arch: 'amd64', os.version: '10.0', java.version: '17.0.14'
Driver info: org.openqa.selenium.chrome.ChromeDriver
Command: [3436a6d4f9efd3d029c9b80c48165853, findElement {using=id, value=error}]
Capabilities {acceptInsecureCerts: false, browserName: chrome, browserVersion: 134.0.6998.89, chrome: {chromedriverVersion: 134.0.6998.165 (fd886e2cb29..., userDataDir: C:\Users\madhu\AppData\Loca...}, fedcm:accounts: true, goog:chromeOptions: {debuggerAddress: localhost:49318}, networkConnectionEnabled: false, pageLoadStrategy: normal, platformName: windows, proxy: Proxy(), se:cdp: ws://localhost:49318/devtoo..., se:cdpVersion: 134.0.6998.89, setWindowRect: true, strictFileInteractability: false, timeouts: {implicit: 0, pageLoad: 300000, script: 30000}, unhandledPromptBehavior: dismiss and notify, webauthn:extension:credBlob: true, webauthn:extension:largeBlob: true, webauthn:extension:minPinLength: true, webauthn:extension:prf: true, webauthn:virtualAuthenticators: true}
Session ID: 3436a6d4f9efd3d029c9b80c48165853]]>
            </message>
            <full-stacktrace>
              <![CDATA[org.openqa.selenium.NoSuchElementException: no such element: Unable to locate element: {"method":"css selector","selector":"#error"}
  (Session info: chrome=134.0.6998.89)
For documentation on this error, please visit: https://www.selenium.dev/documentation/webdriver/troubleshooting/errors#no-such-element-exception
Build info: version: '4.21.0', revision: '79ed462ef4'
System info: os.name: 'Windows 11', os.arch: 'amd64', os.version: '10.0', java.version: '17.0.14'
Driver info: org.openqa.selenium.chrome.ChromeDriver
Command: [3436a6d4f9efd3d029c9b80c48165853, findElement {using=id, value=error}]
Capabilities {acceptInsecureCerts: false, browserName: chrome, browserVersion: 134.0.6998.89, chrome: {chromedriverVersion: 134.0.6998.165 (fd886e2cb29..., userDataDir: C:\Users\madhu\AppData\Loca...}, fedcm:accounts: true, goog:chromeOptions: {debuggerAddress: localhost:49318}, networkConnectionEnabled: false, pageLoadStrategy: normal, platformName: windows, proxy: Proxy(), se:cdp: ws://localhost:49318/devtoo..., se:cdpVersion: 134.0.6998.89, setWindowRect: true, strictFileInteractability: false, timeouts: {implicit: 0, pageLoad: 300000, script: 30000}, unhandledPromptBehavior: dismiss and notify, webauthn:extension:credBlob: true, webauthn:extension:largeBlob: true, webauthn:extension:minPinLength: true, webauthn:extension:prf: true, webauthn:virtualAuthenticators: true}
Session ID: 3436a6d4f9efd3d029c9b80c48165853
at java.base/jdk.internal.reflect.NativeConstructorAccessorImpl.newInstance0(Native Method)
at java.base/jdk.internal.reflect.NativeConstructorAccessorImpl.newInstance(NativeConstructorAccessorImpl.java:77)
at java.base/jdk.internal.reflect.DelegatingConstructorAccessorImpl.newInstance(DelegatingConstructorAccessorImpl.java:45)
at java.base/java.lang.reflect.Constructor.newInstanceWithCaller(Constructor.java:500)
at java.base/java.lang.reflect.Constructor.newInstance(Constructor.java:481)
at org.openqa.selenium.remote.ErrorCodec.decode(ErrorCodec.java:167)
at org.openqa.selenium.remote.codec.w3c.W3CHttpResponseCodec.decode(W3CHttpResponseCodec.java:138)
at org.openqa.selenium.remote.codec.w3c.W3CHttpResponseCodec.decode(W3CHttpResponseCodec.java:50)
at org.openqa.selenium.remote.HttpCommandExecutor.execute(HttpCommandExecutor.java:190)
at org.openqa.selenium.remote.service.DriverCommandExecutor.invokeExecute(DriverCommandExecutor.java:216)
at org.openqa.selenium.remote.service.DriverCommandExecutor.execute(DriverCommandExecutor.java:174)
at org.openqa.selenium.remote.RemoteWebDriver.execute(RemoteWebDriver.java:518)
at org.openqa.selenium.remote.ElementLocation$ElementFinder$2.findElement(ElementLocation.java:165)
at org.openqa.selenium.remote.ElementLocation.findElement(ElementLocation.java:59)
at org.openqa.selenium.remote.RemoteWebDriver.findElement(RemoteWebDriver.java:355)
at org.openqa.selenium.remote.RemoteWebDriver.findElement(RemoteWebDriver.java:349)
at org.openqa.selenium.support.pagefactory.DefaultElementLocator.findElement(DefaultElementLocator.java:68)
at org.openqa.selenium.support.pagefactory.internal.LocatingElementHandler.invoke(LocatingElementHandler.java:38)
at jdk.proxy2/jdk.proxy2.$Proxy22.getSize(Unknown Source)
at pages.ContactAddPage.isErrorDisplayed(ContactAddPage.java:135)
at tests.ContactAddTest.testAddContact(ContactAddTest.java:62)
at java.base/jdk.internal.reflect.NativeMethodAccessorImpl.invoke0(Native Method)
at java.base/jdk.internal.reflect.NativeMethodAccessorImpl.invoke(NativeMethodAccessorImpl.java:77)
at java.base/jdk.internal.reflect.DelegatingMethodAccessorImpl.invoke(DelegatingMethodAccessorImpl.java:43)
at java.base/java.lang.reflect.Method.invoke(Method.java:569)
at org.testng.internal.invokers.MethodInvocationHelper.invokeMethod(MethodInvocationHelper.java:141)
at org.testng.internal.invokers.TestInvoker.invokeMethod(TestInvoker.java:686)
at org.testng.internal.invokers.TestInvoker.invokeTestMethod(TestInvoker.java:230)
at org.testng.internal.invokers.MethodRunner.runInSequence(MethodRunner.java:63)
at org.testng.internal.invokers.TestInvoker$MethodInvocationAgent.invoke(TestInvoker.java:992)
at org.testng.internal.invokers.TestInvoker.invokeTestMethods(TestInvoker.java:203)
at org.testng.internal.invokers.TestMethodWorker.invokeTestMethods(TestMethodWorker.java:154)
at org.testng.internal.invokers.TestMethodWorker.run(TestMethodWorker.java:134)
at java.base/java.util.ArrayList.forEach(ArrayList.java:1511)
at org.testng.TestRunner.privateRun(TestRunner.java:739)
at org.testng.TestRunner.run(TestRunner.java:614)
at org.testng.SuiteRunner.runTest(SuiteRunner.java:421)
at org.testng.SuiteRunner.runSequentially(SuiteRunner.java:413)
at org.testng.SuiteRunner.privateRun(SuiteRunner.java:373)
at org.testng.SuiteRunner.run(SuiteRunner.java:312)
at org.testng.SuiteRunnerWorker.runSuite(SuiteRunnerWorker.java:52)
at org.testng.SuiteRunnerWorker.run(SuiteRunnerWorker.java:95)
at org.testng.TestNG.runSuitesSequentially(TestNG.java:1274)
at org.testng.TestNG.runSuitesLocally(TestNG.java:1208)
at org.testng.TestNG.runSuites(TestNG.java:1112)
at org.testng.TestNG.run(TestNG.java:1079)
at org.testng.remote.AbstractRemoteTestNG.run(AbstractRemoteTestNG.java:115)
at org.testng.remote.RemoteTestNG.initAndRun(RemoteTestNG.java:293)
at org.testng.remote.RemoteTestNG.main(RemoteTestNG.java:91)
]]>
            </full-stacktrace>
          </exception> <!-- org.openqa.selenium.NoSuchElementException -->
          <reporter-output>
          </reporter-output>
        </test-method> <!-- testAddContact -->
        <test-method is-config="true" signature="browserquit()[pri:0, instance:tests.ContactAddTest@4d14b6c2]" started-at="2025-04-15T03:06:39 IST" name="browserquit" finished-at="2025-04-15T03:06:40 IST" duration-ms="355" status="PASS">
          <reporter-output>
          </reporter-output>
        </test-method> <!-- browserquit -->
      </class> <!-- tests.ContactAddTest -->
      <class name="tests.ContactDeleteTest">
        <test-method is-config="true" signature="setup()[pri:0, instance:tests.ContactDeleteTest@25df00a0]" started-at="2025-04-15T03:01:43 IST" name="setup" finished-at="2025-04-15T03:01:43 IST" duration-ms="2" status="PASS">
          <reporter-output>
          </reporter-output>
        </test-method> <!-- setup -->
        <test-method is-config="true" signature="testDetails()[pri:0, instance:tests.ContactDeleteTest@25df00a0]" started-at="2025-04-15T03:07:50 IST" name="testDetails" finished-at="2025-04-15T03:07:50 IST" duration-ms="0" status="PASS">
          <reporter-output>
          </reporter-output>
        </test-method> <!-- testDetails -->
        <test-method is-config="true" signature="initializeDriver()[pri:0, instance:tests.ContactDeleteTest@25df00a0]" started-at="2025-04-15T03:07:50 IST" name="initializeDriver" finished-at="2025-04-15T03:07:55 IST" duration-ms="4748" status="PASS">
          <reporter-output>
          </reporter-output>
        </test-method> <!-- initializeDriver -->
        <test-method signature="testDeleteSingleContact()[pri:1, instance:tests.ContactDeleteTest@25df00a0]" started-at="2025-04-15T03:07:55 IST" name="testDeleteSingleContact" finished-at="2025-04-15T03:08:03 IST" duration-ms="8498" status="PASS">
          <reporter-output>
          </reporter-output>
        </test-method> <!-- testDeleteSingleContact -->
        <test-method is-config="true" signature="browserquit()[pri:0, instance:tests.ContactDeleteTest@25df00a0]" started-at="2025-04-15T03:08:03 IST" name="browserquit" finished-at="2025-04-15T03:08:04 IST" duration-ms="906" status="PASS">
          <reporter-output>
          </reporter-output>
        </test-method> <!-- browserquit -->
        <test-method is-config="true" signature="initializeDriver()[pri:0, instance:tests.ContactDeleteTest@25df00a0]" started-at="2025-04-15T03:08:04 IST" name="initializeDriver" finished-at="2025-04-15T03:08:08 IST" duration-ms="3738" status="PASS">
          <reporter-output>
          </reporter-output>
        </test-method> <!-- initializeDriver -->
        <test-method signature="testCancelDeleteContact()[pri:2, instance:tests.ContactDeleteTest@25df00a0]" started-at="2025-04-15T03:08:08 IST" name="testCancelDeleteContact" finished-at="2025-04-15T03:08:16 IST" duration-ms="8358" status="FAIL">
          <exception class="org.openqa.selenium.NoAlertPresentException">
            <message>
              <![CDATA[no such alert
  (Session info: chrome=134.0.6998.89)
Build info: version: '4.21.0', revision: '79ed462ef4'
System info: os.name: 'Windows 11', os.arch: 'amd64', os.version: '10.0', java.version: '17.0.14'
Driver info: org.openqa.selenium.chrome.ChromeDriver
Command: [8ed0b59b9fd9650a5487a4687bdd05c4, getAlertText {}]
Capabilities {acceptInsecureCerts: false, browserName: chrome, browserVersion: 134.0.6998.89, chrome: {chromedriverVersion: 134.0.6998.165 (fd886e2cb29..., userDataDir: C:\Users\madhu\AppData\Loca...}, fedcm:accounts: true, goog:chromeOptions: {debuggerAddress: localhost:49869}, networkConnectionEnabled: false, pageLoadStrategy: normal, platformName: windows, proxy: Proxy(), se:cdp: ws://localhost:49869/devtoo..., se:cdpVersion: 134.0.6998.89, setWindowRect: true, strictFileInteractability: false, timeouts: {implicit: 0, pageLoad: 300000, script: 30000}, unhandledPromptBehavior: dismiss and notify, webauthn:extension:credBlob: true, webauthn:extension:largeBlob: true, webauthn:extension:minPinLength: true, webauthn:extension:prf: true, webauthn:virtualAuthenticators: true}
Session ID: 8ed0b59b9fd9650a5487a4687bdd05c4]]>
            </message>
            <full-stacktrace>
              <![CDATA[org.openqa.selenium.NoAlertPresentException: no such alert
  (Session info: chrome=134.0.6998.89)
Build info: version: '4.21.0', revision: '79ed462ef4'
System info: os.name: 'Windows 11', os.arch: 'amd64', os.version: '10.0', java.version: '17.0.14'
Driver info: org.openqa.selenium.chrome.ChromeDriver
Command: [8ed0b59b9fd9650a5487a4687bdd05c4, getAlertText {}]
Capabilities {acceptInsecureCerts: false, browserName: chrome, browserVersion: 134.0.6998.89, chrome: {chromedriverVersion: 134.0.6998.165 (fd886e2cb29..., userDataDir: C:\Users\madhu\AppData\Loca...}, fedcm:accounts: true, goog:chromeOptions: {debuggerAddress: localhost:49869}, networkConnectionEnabled: false, pageLoadStrategy: normal, platformName: windows, proxy: Proxy(), se:cdp: ws://localhost:49869/devtoo..., se:cdpVersion: 134.0.6998.89, setWindowRect: true, strictFileInteractability: false, timeouts: {implicit: 0, pageLoad: 300000, script: 30000}, unhandledPromptBehavior: dismiss and notify, webauthn:extension:credBlob: true, webauthn:extension:largeBlob: true, webauthn:extension:minPinLength: true, webauthn:extension:prf: true, webauthn:virtualAuthenticators: true}
Session ID: 8ed0b59b9fd9650a5487a4687bdd05c4
at java.base/jdk.internal.reflect.NativeConstructorAccessorImpl.newInstance0(Native Method)
at java.base/jdk.internal.reflect.NativeConstructorAccessorImpl.newInstance(NativeConstructorAccessorImpl.java:77)
at java.base/jdk.internal.reflect.DelegatingConstructorAccessorImpl.newInstance(DelegatingConstructorAccessorImpl.java:45)
at java.base/java.lang.reflect.Constructor.newInstanceWithCaller(Constructor.java:500)
at java.base/java.lang.reflect.Constructor.newInstance(Constructor.java:481)
at org.openqa.selenium.remote.ErrorCodec.decode(ErrorCodec.java:167)
at org.openqa.selenium.remote.codec.w3c.W3CHttpResponseCodec.decode(W3CHttpResponseCodec.java:138)
at org.openqa.selenium.remote.codec.w3c.W3CHttpResponseCodec.decode(W3CHttpResponseCodec.java:50)
at org.openqa.selenium.remote.HttpCommandExecutor.execute(HttpCommandExecutor.java:190)
at org.openqa.selenium.remote.service.DriverCommandExecutor.invokeExecute(DriverCommandExecutor.java:216)
at org.openqa.selenium.remote.service.DriverCommandExecutor.execute(DriverCommandExecutor.java:174)
at org.openqa.selenium.remote.RemoteWebDriver.execute(RemoteWebDriver.java:518)
at org.openqa.selenium.remote.RemoteWebDriver.execute(RemoteWebDriver.java:591)
at org.openqa.selenium.remote.RemoteWebDriver.execute(RemoteWebDriver.java:595)
at org.openqa.selenium.remote.RemoteWebDriver$RemoteTargetLocator.alert(RemoteWebDriver.java:1163)
at tests.ContactDeleteTest.testCancelDeleteContact(ContactDeleteTest.java:74)
at java.base/jdk.internal.reflect.NativeMethodAccessorImpl.invoke0(Native Method)
at java.base/jdk.internal.reflect.NativeMethodAccessorImpl.invoke(NativeMethodAccessorImpl.java:77)
at java.base/jdk.internal.reflect.DelegatingMethodAccessorImpl.invoke(DelegatingMethodAccessorImpl.java:43)
at java.base/java.lang.reflect.Method.invoke(Method.java:569)
at org.testng.internal.invokers.MethodInvocationHelper.invokeMethod(MethodInvocationHelper.java:141)
at org.testng.internal.invokers.TestInvoker.invokeMethod(TestInvoker.java:686)
at org.testng.internal.invokers.TestInvoker.invokeTestMethod(TestInvoker.java:230)
at org.testng.internal.invokers.MethodRunner.runInSequence(MethodRunner.java:63)
at org.testng.internal.invokers.TestInvoker$MethodInvocationAgent.invoke(TestInvoker.java:992)
at org.testng.internal.invokers.TestInvoker.invokeTestMethods(TestInvoker.java:203)
at org.testng.internal.invokers.TestMethodWorker.invokeTestMethods(TestMethodWorker.java:154)
at org.testng.internal.invokers.TestMethodWorker.run(TestMethodWorker.java:134)
at java.base/java.util.ArrayList.forEach(ArrayList.java:1511)
at org.testng.TestRunner.privateRun(TestRunner.java:739)
at org.testng.TestRunner.run(TestRunner.java:614)
at org.testng.SuiteRunner.runTest(SuiteRunner.java:421)
at org.testng.SuiteRunner.runSequentially(SuiteRunner.java:413)
at org.testng.SuiteRunner.privateRun(SuiteRunner.java:373)
at org.testng.SuiteRunner.run(SuiteRunner.java:312)
at org.testng.SuiteRunnerWorker.runSuite(SuiteRunnerWorker.java:52)
at org.testng.SuiteRunnerWorker.run(SuiteRunnerWorker.java:95)
at org.testng.TestNG.runSuitesSequentially(TestNG.java:1274)
at org.testng.TestNG.runSuitesLocally(TestNG.java:1208)
at org.testng.TestNG.runSuites(TestNG.java:1112)
at org.testng.TestNG.run(TestNG.java:1079)
at org.testng.remote.AbstractRemoteTestNG.run(AbstractRemoteTestNG.java:115)
at org.testng.remote.RemoteTestNG.initAndRun(RemoteTestNG.java:293)
at org.testng.remote.RemoteTestNG.main(RemoteTestNG.java:91)
]]>
            </full-stacktrace>
          </exception> <!-- org.openqa.selenium.NoAlertPresentException -->
          <reporter-output>
          </reporter-output>
        </test-method> <!-- testCancelDeleteContact -->
        <test-method is-config="true" signature="browserquit()[pri:0, instance:tests.ContactDeleteTest@25df00a0]" started-at="2025-04-15T03:08:16 IST" name="browserquit" finished-at="2025-04-15T03:08:17 IST" duration-ms="1099" status="PASS">
          <reporter-output>
          </reporter-output>
        </test-method> <!-- browserquit -->
        <test-method is-config="true" signature="initializeDriver()[pri:0, instance:tests.ContactDeleteTest@25df00a0]" started-at="2025-04-15T03:08:17 IST" name="initializeDriver" finished-at="2025-04-15T03:08:21 IST" duration-ms="3739" status="PASS">
          <reporter-output>
          </reporter-output>
        </test-method> <!-- initializeDriver -->
        <test-method signature="testDeleteNonExistentContact()[pri:3, instance:tests.ContactDeleteTest@25df00a0]" started-at="2025-04-15T03:08:21 IST" name="testDeleteNonExistentContact" finished-at="2025-04-15T03:08:31 IST" duration-ms="10041" status="PASS">
          <reporter-output>
          </reporter-output>
        </test-method> <!-- testDeleteNonExistentContact -->
        <test-method is-config="true" signature="browserquit()[pri:0, instance:tests.ContactDeleteTest@25df00a0]" started-at="2025-04-15T03:08:31 IST" name="browserquit" finished-at="2025-04-15T03:08:32 IST" duration-ms="982" status="PASS">
          <reporter-output>
          </reporter-output>
        </test-method> <!-- browserquit -->
        <test-method is-config="true" signature="initializeDriver()[pri:0, instance:tests.ContactDeleteTest@25df00a0]" started-at="2025-04-15T03:08:32 IST" name="initializeDriver" finished-at="2025-04-15T03:08:36 IST" duration-ms="3812" status="PASS">
          <reporter-output>
          </reporter-output>
        </test-method> <!-- initializeDriver -->
        <test-method signature="testOtherContactsUnaffected()[pri:4, instance:tests.ContactDeleteTest@25df00a0]" started-at="2025-04-15T03:08:36 IST" name="testOtherContactsUnaffected" finished-at="2025-04-15T03:08:46 IST" duration-ms="10040" status="FAIL">
          <exception class="java.lang.AssertionError">
            <message>
              <![CDATA[Unaffected contact missing expected [true] but found [false]]]>
            </message>
            <full-stacktrace>
              <![CDATA[java.lang.AssertionError: Unaffected contact missing expected [true] but found [false]
at org.testng.Assert.fail(Assert.java:111)
at org.testng.Assert.failNotEquals(Assert.java:1578)
at org.testng.Assert.assertTrue(Assert.java:57)
at tests.ContactDeleteTest.testOtherContactsUnaffected(ContactDeleteTest.java:103)
at java.base/jdk.internal.reflect.NativeMethodAccessorImpl.invoke0(Native Method)
at java.base/jdk.internal.reflect.NativeMethodAccessorImpl.invoke(NativeMethodAccessorImpl.java:77)
at java.base/jdk.internal.reflect.DelegatingMethodAccessorImpl.invoke(DelegatingMethodAccessorImpl.java:43)
at java.base/java.lang.reflect.Method.invoke(Method.java:569)
at org.testng.internal.invokers.MethodInvocationHelper.invokeMethod(MethodInvocationHelper.java:141)
at org.testng.internal.invokers.TestInvoker.invokeMethod(TestInvoker.java:686)
at org.testng.internal.invokers.TestInvoker.invokeTestMethod(TestInvoker.java:230)
at org.testng.internal.invokers.MethodRunner.runInSequence(MethodRunner.java:63)
at org.testng.internal.invokers.TestInvoker$MethodInvocationAgent.invoke(TestInvoker.java:992)
at org.testng.internal.invokers.TestInvoker.invokeTestMethods(TestInvoker.java:203)
at org.testng.internal.invokers.TestMethodWorker.invokeTestMethods(TestMethodWorker.java:154)
at org.testng.internal.invokers.TestMethodWorker.run(TestMethodWorker.java:134)
at java.base/java.util.ArrayList.forEach(ArrayList.java:1511)
at org.testng.TestRunner.privateRun(TestRunner.java:739)
at org.testng.TestRunner.run(TestRunner.java:614)
at org.testng.SuiteRunner.runTest(SuiteRunner.java:421)
at org.testng.SuiteRunner.runSequentially(SuiteRunner.java:413)
at org.testng.SuiteRunner.privateRun(SuiteRunner.java:373)
at org.testng.SuiteRunner.run(SuiteRunner.java:312)
at org.testng.SuiteRunnerWorker.runSuite(SuiteRunnerWorker.java:52)
at org.testng.SuiteRunnerWorker.run(SuiteRunnerWorker.java:95)
at org.testng.TestNG.runSuitesSequentially(TestNG.java:1274)
at org.testng.TestNG.runSuitesLocally(TestNG.java:1208)
at org.testng.TestNG.runSuites(TestNG.java:1112)
at org.testng.TestNG.run(TestNG.java:1079)
at org.testng.remote.AbstractRemoteTestNG.run(AbstractRemoteTestNG.java:115)
at org.testng.remote.RemoteTestNG.initAndRun(RemoteTestNG.java:293)
at org.testng.remote.RemoteTestNG.main(RemoteTestNG.java:91)
]]>
            </full-stacktrace>
          </exception> <!-- java.lang.AssertionError -->
          <reporter-output>
          </reporter-output>
        </test-method> <!-- testOtherContactsUnaffected -->
        <test-method is-config="true" signature="browserquit()[pri:0, instance:tests.ContactDeleteTest@25df00a0]" started-at="2025-04-15T03:08:46 IST" name="browserquit" finished-at="2025-04-15T03:08:46 IST" duration-ms="305" status="PASS">
          <reporter-output>
          </reporter-output>
        </test-method> <!-- browserquit -->
      </class> <!-- tests.ContactDeleteTest -->
      <class name="tests.LogoutTest">
        <test-method is-config="true" signature="setupTestDetails()[pri:0, instance:tests.LogoutTest@4d15107f]" started-at="2025-04-15T03:01:43 IST" name="setupTestDetails" finished-at="2025-04-15T03:01:43 IST" duration-ms="0" status="PASS">
          <reporter-output>
          </reporter-output>
        </test-method> <!-- setupTestDetails -->
        <test-method is-config="true" signature="testDetails()[pri:0, instance:tests.LogoutTest@4d15107f]" started-at="2025-04-15T03:08:46 IST" name="testDetails" finished-at="2025-04-15T03:08:46 IST" duration-ms="0" status="PASS">
          <reporter-output>
          </reporter-output>
        </test-method> <!-- testDetails -->
        <test-method is-config="true" signature="initializeDriver()[pri:0, instance:tests.LogoutTest@4d15107f]" started-at="2025-04-15T03:08:46 IST" name="initializeDriver" finished-at="2025-04-15T03:08:50 IST" duration-ms="3998" status="PASS">
          <reporter-output>
          </reporter-output>
        </test-method> <!-- initializeDriver -->
        <test-method signature="logoutBtnVisible()[pri:1, instance:tests.LogoutTest@4d15107f]" started-at="2025-04-15T03:08:50 IST" name="logoutBtnVisible" finished-at="2025-04-15T03:08:52 IST" duration-ms="1339" status="PASS">
          <reporter-output>
          </reporter-output>
        </test-method> <!-- logoutBtnVisible -->
        <test-method is-config="true" signature="browserquit()[pri:0, instance:tests.LogoutTest@4d15107f]" started-at="2025-04-15T03:08:52 IST" name="browserquit" finished-at="2025-04-15T03:08:52 IST" duration-ms="325" status="PASS">
          <reporter-output>
          </reporter-output>
        </test-method> <!-- browserquit -->
        <test-method is-config="true" signature="initializeDriver()[pri:0, instance:tests.LogoutTest@4d15107f]" started-at="2025-04-15T03:08:52 IST" name="initializeDriver" finished-at="2025-04-15T03:08:56 IST" duration-ms="4178" status="PASS">
          <reporter-output>
          </reporter-output>
        </test-method> <!-- initializeDriver -->
        <test-method signature="validLogout()[pri:2, instance:tests.LogoutTest@4d15107f]" started-at="2025-04-15T03:08:56 IST" name="validLogout" finished-at="2025-04-15T03:09:00 IST" duration-ms="4097" status="PASS">
          <reporter-output>
          </reporter-output>
        </test-method> <!-- validLogout -->
        <test-method is-config="true" signature="browserquit()[pri:0, instance:tests.LogoutTest@4d15107f]" started-at="2025-04-15T03:09:00 IST" name="browserquit" finished-at="2025-04-15T03:09:01 IST" duration-ms="334" status="PASS">
          <reporter-output>
          </reporter-output>
        </test-method> <!-- browserquit -->
        <test-method is-config="true" signature="initializeDriver()[pri:0, instance:tests.LogoutTest@4d15107f]" started-at="2025-04-15T03:09:01 IST" name="initializeDriver" finished-at="2025-04-15T03:09:04 IST" duration-ms="3889" status="PASS">
          <reporter-output>
          </reporter-output>
        </test-method> <!-- initializeDriver -->
        <test-method signature="backButtonAfterLogout()[pri:3, instance:tests.LogoutTest@4d15107f]" started-at="2025-04-15T03:09:04 IST" name="backButtonAfterLogout" finished-at="2025-04-15T03:09:06 IST" duration-ms="1960" status="PASS">
          <reporter-output>
          </reporter-output>
        </test-method> <!-- backButtonAfterLogout -->
        <test-method is-config="true" signature="browserquit()[pri:0, instance:tests.LogoutTest@4d15107f]" started-at="2025-04-15T03:09:06 IST" name="browserquit" finished-at="2025-04-15T03:09:07 IST" duration-ms="309" status="PASS">
          <reporter-output>
          </reporter-output>
        </test-method> <!-- browserquit -->
        <test-method is-config="true" signature="initializeDriver()[pri:0, instance:tests.LogoutTest@4d15107f]" started-at="2025-04-15T03:09:07 IST" name="initializeDriver" finished-at="2025-04-15T03:09:10 IST" duration-ms="3684" status="PASS">
          <reporter-output>
          </reporter-output>
        </test-method> <!-- initializeDriver -->
        <test-method signature="LogoutwithoutLogin()[pri:4, instance:tests.LogoutTest@4d15107f]" started-at="2025-04-15T03:09:10 IST" name="LogoutwithoutLogin" finished-at="2025-04-15T03:09:20 IST" duration-ms="10017" status="FAIL">
          <exception class="org.openqa.selenium.NoSuchElementException">
            <message>
              <![CDATA[no such element: Unable to locate element: {"method":"css selector","selector":"#logout"}
  (Session info: chrome=134.0.6998.89)
For documentation on this error, please visit: https://www.selenium.dev/documentation/webdriver/troubleshooting/errors#no-such-element-exception
Build info: version: '4.21.0', revision: '79ed462ef4'
System info: os.name: 'Windows 11', os.arch: 'amd64', os.version: '10.0', java.version: '17.0.14'
Driver info: org.openqa.selenium.chrome.ChromeDriver
Command: [4e25a91b08650f695f1fe5c74847de33, findElement {using=css selector, value=#logout}]
Capabilities {acceptInsecureCerts: false, browserName: chrome, browserVersion: 134.0.6998.89, chrome: {chromedriverVersion: 134.0.6998.165 (fd886e2cb29..., userDataDir: C:\Users\madhu\AppData\Loca...}, fedcm:accounts: true, goog:chromeOptions: {debuggerAddress: localhost:50037}, networkConnectionEnabled: false, pageLoadStrategy: normal, platformName: windows, proxy: Proxy(), se:cdp: ws://localhost:50037/devtoo..., se:cdpVersion: 134.0.6998.89, setWindowRect: true, strictFileInteractability: false, timeouts: {implicit: 0, pageLoad: 300000, script: 30000}, unhandledPromptBehavior: dismiss and notify, webauthn:extension:credBlob: true, webauthn:extension:largeBlob: true, webauthn:extension:minPinLength: true, webauthn:extension:prf: true, webauthn:virtualAuthenticators: true}
Session ID: 4e25a91b08650f695f1fe5c74847de33]]>
            </message>
            <full-stacktrace>
              <![CDATA[org.openqa.selenium.NoSuchElementException: no such element: Unable to locate element: {"method":"css selector","selector":"#logout"}
  (Session info: chrome=134.0.6998.89)
For documentation on this error, please visit: https://www.selenium.dev/documentation/webdriver/troubleshooting/errors#no-such-element-exception
Build info: version: '4.21.0', revision: '79ed462ef4'
System info: os.name: 'Windows 11', os.arch: 'amd64', os.version: '10.0', java.version: '17.0.14'
Driver info: org.openqa.selenium.chrome.ChromeDriver
Command: [4e25a91b08650f695f1fe5c74847de33, findElement {using=css selector, value=#logout}]
Capabilities {acceptInsecureCerts: false, browserName: chrome, browserVersion: 134.0.6998.89, chrome: {chromedriverVersion: 134.0.6998.165 (fd886e2cb29..., userDataDir: C:\Users\madhu\AppData\Loca...}, fedcm:accounts: true, goog:chromeOptions: {debuggerAddress: localhost:50037}, networkConnectionEnabled: false, pageLoadStrategy: normal, platformName: windows, proxy: Proxy(), se:cdp: ws://localhost:50037/devtoo..., se:cdpVersion: 134.0.6998.89, setWindowRect: true, strictFileInteractability: false, timeouts: {implicit: 0, pageLoad: 300000, script: 30000}, unhandledPromptBehavior: dismiss and notify, webauthn:extension:credBlob: true, webauthn:extension:largeBlob: true, webauthn:extension:minPinLength: true, webauthn:extension:prf: true, webauthn:virtualAuthenticators: true}
Session ID: 4e25a91b08650f695f1fe5c74847de33
at java.base/jdk.internal.reflect.NativeConstructorAccessorImpl.newInstance0(Native Method)
at java.base/jdk.internal.reflect.NativeConstructorAccessorImpl.newInstance(NativeConstructorAccessorImpl.java:77)
at java.base/jdk.internal.reflect.DelegatingConstructorAccessorImpl.newInstance(DelegatingConstructorAccessorImpl.java:45)
at java.base/java.lang.reflect.Constructor.newInstanceWithCaller(Constructor.java:500)
at java.base/java.lang.reflect.Constructor.newInstance(Constructor.java:481)
at org.openqa.selenium.remote.ErrorCodec.decode(ErrorCodec.java:167)
at org.openqa.selenium.remote.codec.w3c.W3CHttpResponseCodec.decode(W3CHttpResponseCodec.java:138)
at org.openqa.selenium.remote.codec.w3c.W3CHttpResponseCodec.decode(W3CHttpResponseCodec.java:50)
at org.openqa.selenium.remote.HttpCommandExecutor.execute(HttpCommandExecutor.java:190)
at org.openqa.selenium.remote.service.DriverCommandExecutor.invokeExecute(DriverCommandExecutor.java:216)
at org.openqa.selenium.remote.service.DriverCommandExecutor.execute(DriverCommandExecutor.java:174)
at org.openqa.selenium.remote.RemoteWebDriver.execute(RemoteWebDriver.java:518)
at org.openqa.selenium.remote.ElementLocation$ElementFinder$2.findElement(ElementLocation.java:165)
at org.openqa.selenium.remote.ElementLocation.findElement(ElementLocation.java:59)
at org.openqa.selenium.remote.RemoteWebDriver.findElement(RemoteWebDriver.java:355)
at org.openqa.selenium.remote.RemoteWebDriver.findElement(RemoteWebDriver.java:349)
at pages.LogoutPage.isLogoutVisible(LogoutPage.java:28)
at tests.LogoutTest.LogoutwithoutLogin(LogoutTest.java:76)
at java.base/jdk.internal.reflect.NativeMethodAccessorImpl.invoke0(Native Method)
at java.base/jdk.internal.reflect.NativeMethodAccessorImpl.invoke(NativeMethodAccessorImpl.java:77)
at java.base/jdk.internal.reflect.DelegatingMethodAccessorImpl.invoke(DelegatingMethodAccessorImpl.java:43)
at java.base/java.lang.reflect.Method.invoke(Method.java:569)
at org.testng.internal.invokers.MethodInvocationHelper.invokeMethod(MethodInvocationHelper.java:141)
at org.testng.internal.invokers.TestInvoker.invokeMethod(TestInvoker.java:686)
at org.testng.internal.invokers.TestInvoker.invokeTestMethod(TestInvoker.java:230)
at org.testng.internal.invokers.MethodRunner.runInSequence(MethodRunner.java:63)
at org.testng.internal.invokers.TestInvoker$MethodInvocationAgent.invoke(TestInvoker.java:992)
at org.testng.internal.invokers.TestInvoker.invokeTestMethods(TestInvoker.java:203)
at org.testng.internal.invokers.TestMethodWorker.invokeTestMethods(TestMethodWorker.java:154)
at org.testng.internal.invokers.TestMethodWorker.run(TestMethodWorker.java:134)
at java.base/java.util.ArrayList.forEach(ArrayList.java:1511)
at org.testng.TestRunner.privateRun(TestRunner.java:739)
at org.testng.TestRunner.run(TestRunner.java:614)
at org.testng.SuiteRunner.runTest(SuiteRunner.java:421)
at org.testng.SuiteRunner.runSequentially(SuiteRunner.java:413)
at org.testng.SuiteRunner.privateRun(SuiteRunner.java:373)
at org.testng.SuiteRunner.run(SuiteRunner.java:312)
at org.testng.SuiteRunnerWorker.runSuite(SuiteRunnerWorker.java:52)
at org.testng.SuiteRunnerWorker.run(SuiteRunnerWorker.java:95)
at org.testng.TestNG.runSuitesSequentially(TestNG.java:1274)
at org.testng.TestNG.runSuitesLocally(TestNG.java:1208)
at org.testng.TestNG.runSuites(TestNG.java:1112)
at org.testng.TestNG.run(TestNG.java:1079)
at org.testng.remote.AbstractRemoteTestNG.run(AbstractRemoteTestNG.java:115)
at org.testng.remote.RemoteTestNG.initAndRun(RemoteTestNG.java:293)
at org.testng.remote.RemoteTestNG.main(RemoteTestNG.java:91)
]]>
            </full-stacktrace>
          </exception> <!-- org.openqa.selenium.NoSuchElementException -->
          <reporter-output>
          </reporter-output>
        </test-method> <!-- LogoutwithoutLogin -->
        <test-method is-config="true" signature="browserquit()[pri:0, instance:tests.LogoutTest@4d15107f]" started-at="2025-04-15T03:09:20 IST" name="browserquit" finished-at="2025-04-15T03:09:22 IST" duration-ms="1883" status="PASS">
          <reporter-output>
          </reporter-output>
        </test-method> <!-- browserquit -->
        <test-method is-config="true" signature="initializeDriver()[pri:0, instance:tests.LogoutTest@4d15107f]" started-at="2025-04-15T03:09:22 IST" name="initializeDriver" finished-at="2025-04-15T03:09:26 IST" duration-ms="3719" status="PASS">
          <reporter-output>
          </reporter-output>
        </test-method> <!-- initializeDriver -->
        <test-method signature="refreshAfterLogout()[pri:5, instance:tests.LogoutTest@4d15107f]" started-at="2025-04-15T03:09:26 IST" name="refreshAfterLogout" finished-at="2025-04-15T03:09:28 IST" duration-ms="2402" status="PASS">
          <reporter-output>
          </reporter-output>
        </test-method> <!-- refreshAfterLogout -->
        <test-method is-config="true" signature="browserquit()[pri:0, instance:tests.LogoutTest@4d15107f]" started-at="2025-04-15T03:09:28 IST" name="browserquit" finished-at="2025-04-15T03:09:29 IST" duration-ms="294" status="PASS">
          <reporter-output>
          </reporter-output>
        </test-method> <!-- browserquit -->
      </class> <!-- tests.LogoutTest -->
    </test> <!-- Test -->
  </suite> <!-- Suite -->
</testng-results>
