<?xml version="1.0" encoding="UTF-8"?>
<!-- Generated by org.testng.reporters.JUnitXMLReporter -->
<testsuite ignored="0" hostname="LAPTOP-RAGTTIV5" failures="7" tests="8" name="EdgeTest" time="43.624" errors="0" timestamp="2025-04-11T00:53:31 IST">
  <testcase classname="tests.SignUpTest" name="verifySignupButtonVisibility" time="0.122"/>
  <testcase classname="tests.SignUpTest" name="verifySignupModalOpens" time="0.279">
    <failure type="java.lang.AssertionError" message="Sign up modal did not open. expected [true] but found [false]">
      <![CDATA[java.lang.AssertionError: Sign up modal did not open. expected [true] but found [false]
at tests.SignUpTest.verifySignupModalOpens(SignUpTest.java:51)
at java.base/java.util.ArrayList.forEach(ArrayList.java:1511)
... Removed 30 stack frames]]>
    </failure>
  </testcase> <!-- verifySignupModalOpens -->
  <testcase classname="tests.SignUpTest" name="testSignUppageMultipleData" time="0.003">
    <failure type="java.lang.NullPointerException" message="Cannot invoke &amp;quot;com.aventstack.extentreports.ExtentReports.createTest(String)&amp;quot; because &amp;quot;tests.SignUpTest.extent&amp;quot; is null">
      <![CDATA[java.lang.NullPointerException: Cannot invoke "com.aventstack.extentreports.ExtentReports.createTest(String)" because "tests.SignUpTest.extent" is null
at tests.SignUpTest.testSignUppageMultipleData(SignUpTest.java:57)
at java.base/java.util.ArrayList.forEach(ArrayList.java:1511)
... Removed 27 stack frames]]>
    </failure>
  </testcase> <!-- testSignUppageMultipleData -->
  <testcase classname="tests.SignUpTest" name="testSignUppageMultipleData" time="0.006">
    <failure type="java.lang.NullPointerException" message="Cannot invoke &amp;quot;com.aventstack.extentreports.ExtentReports.createTest(String)&amp;quot; because &amp;quot;tests.SignUpTest.extent&amp;quot; is null">
      <![CDATA[java.lang.NullPointerException: Cannot invoke "com.aventstack.extentreports.ExtentReports.createTest(String)" because "tests.SignUpTest.extent" is null
at tests.SignUpTest.testSignUppageMultipleData(SignUpTest.java:57)
at java.base/java.util.ArrayList.forEach(ArrayList.java:1511)
... Removed 27 stack frames]]>
    </failure>
  </testcase> <!-- testSignUppageMultipleData -->
  <testcase classname="tests.SignUpTest" name="testSignUppageMultipleData" time="0.004">
    <failure type="java.lang.NullPointerException" message="Cannot invoke &amp;quot;com.aventstack.extentreports.ExtentReports.createTest(String)&amp;quot; because &amp;quot;tests.SignUpTest.extent&amp;quot; is null">
      <![CDATA[java.lang.NullPointerException: Cannot invoke "com.aventstack.extentreports.ExtentReports.createTest(String)" because "tests.SignUpTest.extent" is null
at tests.SignUpTest.testSignUppageMultipleData(SignUpTest.java:57)
at java.base/java.util.ArrayList.forEach(ArrayList.java:1511)
... Removed 27 stack frames]]>
    </failure>
  </testcase> <!-- testSignUppageMultipleData -->
  <testcase classname="tests.SignUpTest" name="testSignUppageMultipleData" time="0.002">
    <failure type="java.lang.NullPointerException" message="Cannot invoke &amp;quot;com.aventstack.extentreports.ExtentReports.createTest(String)&amp;quot; because &amp;quot;tests.SignUpTest.extent&amp;quot; is null">
      <![CDATA[java.lang.NullPointerException: Cannot invoke "com.aventstack.extentreports.ExtentReports.createTest(String)" because "tests.SignUpTest.extent" is null
at tests.SignUpTest.testSignUppageMultipleData(SignUpTest.java:57)
at java.base/java.util.ArrayList.forEach(ArrayList.java:1511)
... Removed 27 stack frames]]>
    </failure>
  </testcase> <!-- testSignUppageMultipleData -->
  <testcase classname="tests.SignUpTest" name="testSignUppageMultipleData" time="0.004">
    <failure type="java.lang.NullPointerException" message="Cannot invoke &amp;quot;com.aventstack.extentreports.ExtentReports.createTest(String)&amp;quot; because &amp;quot;tests.SignUpTest.extent&amp;quot; is null">
      <![CDATA[java.lang.NullPointerException: Cannot invoke "com.aventstack.extentreports.ExtentReports.createTest(String)" because "tests.SignUpTest.extent" is null
at tests.SignUpTest.testSignUppageMultipleData(SignUpTest.java:57)
at java.base/java.util.ArrayList.forEach(ArrayList.java:1511)
... Removed 27 stack frames]]>
    </failure>
  </testcase> <!-- testSignUppageMultipleData -->
  <testcase classname="tests.SignUpTest" name="testSignUppageMultipleData" time="0.001">
    <failure type="java.lang.NullPointerException" message="Cannot invoke &amp;quot;com.aventstack.extentreports.ExtentReports.createTest(String)&amp;quot; because &amp;quot;tests.SignUpTest.extent&amp;quot; is null">
      <![CDATA[java.lang.NullPointerException: Cannot invoke "com.aventstack.extentreports.ExtentReports.createTest(String)" because "tests.SignUpTest.extent" is null
at tests.SignUpTest.testSignUppageMultipleData(SignUpTest.java:57)
at java.base/java.util.ArrayList.forEach(ArrayList.java:1511)
... Removed 27 stack frames]]>
    </failure>
  </testcase> <!-- testSignUppageMultipleData -->
</testsuite> <!-- EdgeTest -->
