<?xml version="1.0" encoding="UTF-8"?>
<!-- Generated by org.testng.reporters.JUnitXMLReporter -->
<testsuite ignored="0" hostname="LAPTOP-RAGTTIV5" failures="10" tests="33" name="Test" time="59.215" errors="0" timestamp="2025-04-09T05:07:37 IST">
  <testcase classname="base.BaseTest" name="@AfterMethod captureResult" time="0.32">
    <failure type="java.lang.NullPointerException" message="Cannot invoke &amp;quot;com.aventstack.extentreports.ExtentTest.fail(String)&amp;quot; because &amp;quot;this.test&amp;quot; is null">
      <![CDATA[java.lang.NullPointerException: Cannot invoke "com.aventstack.extentreports.ExtentTest.fail(String)" because "this.test" is null
at base.BaseTest.captureResult(BaseTest.java:75)
at java.base/java.util.ArrayList.forEach(ArrayList.java:1511)
... Removed 32 stack frames]]>
    </failure>
  </testcase> <!-- @AfterMethod captureResult -->
  <testcase classname="base.BaseTest" name="@BeforeMethod launchingBrowserandLoadingURL" time="0.0">
    <skipped/>
  </testcase> <!-- @BeforeMethod launchingBrowserandLoadingURL -->
  <testcase classname="base.BaseTest" name="@AfterMethod captureResult" time="0.0">
    <skipped/>
  </testcase> <!-- @AfterMethod captureResult -->
  <testcase classname="base.BaseTest" name="@BeforeMethod launchingBrowserandLoadingURL" time="0.0">
    <skipped/>
  </testcase> <!-- @BeforeMethod launchingBrowserandLoadingURL -->
  <testcase classname="base.BaseTest" name="@AfterMethod captureResult" time="0.0">
    <skipped/>
  </testcase> <!-- @AfterMethod captureResult -->
  <testcase classname="base.BaseTest" name="@BeforeMethod launchingBrowserandLoadingURL" time="0.0">
    <skipped/>
  </testcase> <!-- @BeforeMethod launchingBrowserandLoadingURL -->
  <testcase classname="base.BaseTest" name="@AfterMethod captureResult" time="0.0">
    <skipped/>
  </testcase> <!-- @AfterMethod captureResult -->
  <testcase classname="base.BaseTest" name="@BeforeMethod launchingBrowserandLoadingURL" time="0.0">
    <skipped/>
  </testcase> <!-- @BeforeMethod launchingBrowserandLoadingURL -->
  <testcase classname="base.BaseTest" name="@AfterMethod captureResult" time="0.0">
    <skipped/>
  </testcase> <!-- @AfterMethod captureResult -->
  <testcase classname="base.BaseTest" name="@BeforeMethod launchingBrowserandLoadingURL" time="0.0">
    <skipped/>
  </testcase> <!-- @BeforeMethod launchingBrowserandLoadingURL -->
  <testcase classname="base.BaseTest" name="@AfterMethod captureResult" time="0.0">
    <skipped/>
  </testcase> <!-- @AfterMethod captureResult -->
  <testcase classname="base.BaseTest" name="@BeforeMethod launchingBrowserandLoadingURL" time="0.0">
    <skipped/>
  </testcase> <!-- @BeforeMethod launchingBrowserandLoadingURL -->
  <testcase classname="base.BaseTest" name="@AfterMethod captureResult" time="0.0">
    <skipped/>
  </testcase> <!-- @AfterMethod captureResult -->
  <testcase classname="base.BaseTest" name="@AfterClass browserquit" time="0.0">
    <skipped/>
  </testcase> <!-- @AfterClass browserquit -->
  <testcase classname="base.BaseTest" name="@AfterMethod captureResult" time="0.446">
    <failure type="java.lang.NullPointerException" message="Cannot invoke &amp;quot;com.aventstack.extentreports.ExtentTest.fail(String)&amp;quot; because &amp;quot;this.test&amp;quot; is null">
      <![CDATA[java.lang.NullPointerException: Cannot invoke "com.aventstack.extentreports.ExtentTest.fail(String)" because "this.test" is null
at base.BaseTest.captureResult(BaseTest.java:75)
at java.base/java.util.ArrayList.forEach(ArrayList.java:1511)
... Removed 32 stack frames]]>
    </failure>
  </testcase> <!-- @AfterMethod captureResult -->
  <testcase classname="base.BaseTest" name="@BeforeMethod launchingBrowserandLoadingURL" time="0.0">
    <skipped/>
  </testcase> <!-- @BeforeMethod launchingBrowserandLoadingURL -->
  <testcase classname="base.BaseTest" name="@AfterMethod captureResult" time="0.0">
    <skipped/>
  </testcase> <!-- @AfterMethod captureResult -->
  <testcase classname="base.BaseTest" name="@AfterClass browserquit" time="0.0">
    <skipped/>
  </testcase> <!-- @AfterClass browserquit -->
  <testcase classname="base.BaseTest" name="@AfterMethod captureResult" time="0.0">
    <failure type="java.lang.NullPointerException" message="Cannot invoke &amp;quot;com.aventstack.extentreports.ExtentTest.log(com.aventstack.extentreports.Status, String)&amp;quot; because &amp;quot;this.test&amp;quot; is null">
      <![CDATA[java.lang.NullPointerException: Cannot invoke "com.aventstack.extentreports.ExtentTest.log(com.aventstack.extentreports.Status, String)" because "this.test" is null
at base.BaseTest.captureResult(BaseTest.java:77)
at java.base/java.util.ArrayList.forEach(ArrayList.java:1511)
... Removed 32 stack frames]]>
    </failure>
  </testcase> <!-- @AfterMethod captureResult -->
  <testcase classname="base.BaseTest" name="@BeforeMethod launchingBrowserandLoadingURL" time="0.0">
    <skipped/>
  </testcase> <!-- @BeforeMethod launchingBrowserandLoadingURL -->
  <testcase classname="base.BaseTest" name="@AfterMethod captureResult" time="0.0">
    <skipped/>
  </testcase> <!-- @AfterMethod captureResult -->
  <testcase classname="base.BaseTest" name="@BeforeMethod launchingBrowserandLoadingURL" time="0.0">
    <skipped/>
  </testcase> <!-- @BeforeMethod launchingBrowserandLoadingURL -->
  <testcase classname="base.BaseTest" name="@AfterMethod captureResult" time="0.0">
    <skipped/>
  </testcase> <!-- @AfterMethod captureResult -->
  <testcase classname="base.BaseTest" name="@BeforeMethod launchingBrowserandLoadingURL" time="0.0">
    <skipped/>
  </testcase> <!-- @BeforeMethod launchingBrowserandLoadingURL -->
  <testcase classname="base.BaseTest" name="@AfterMethod captureResult" time="0.0">
    <skipped/>
  </testcase> <!-- @AfterMethod captureResult -->
  <testcase classname="base.BaseTest" name="@BeforeMethod launchingBrowserandLoadingURL" time="0.0">
    <skipped/>
  </testcase> <!-- @BeforeMethod launchingBrowserandLoadingURL -->
  <testcase classname="base.BaseTest" name="@AfterMethod captureResult" time="0.0">
    <skipped/>
  </testcase> <!-- @AfterMethod captureResult -->
  <testcase classname="base.BaseTest" name="@AfterClass browserquit" time="0.0">
    <skipped/>
  </testcase> <!-- @AfterClass browserquit -->
  <testcase classname="base.BaseTest" name="@AfterMethod captureResult" time="0.335">
    <failure type="java.lang.NullPointerException" message="Cannot invoke &amp;quot;com.aventstack.extentreports.ExtentTest.fail(String)&amp;quot; because &amp;quot;this.test&amp;quot; is null">
      <![CDATA[java.lang.NullPointerException: Cannot invoke "com.aventstack.extentreports.ExtentTest.fail(String)" because "this.test" is null
at base.BaseTest.captureResult(BaseTest.java:75)
at java.base/java.util.ArrayList.forEach(ArrayList.java:1511)
... Removed 32 stack frames]]>
    </failure>
  </testcase> <!-- @AfterMethod captureResult -->
  <testcase classname="base.BaseTest" name="@AfterClass browserquit" time="0.0">
    <skipped/>
  </testcase> <!-- @AfterClass browserquit -->
  <testcase classname="base.BaseTest" name="@AfterMethod captureResult" time="0.342">
    <failure type="java.lang.NullPointerException" message="Cannot invoke &amp;quot;com.aventstack.extentreports.ExtentTest.fail(String)&amp;quot; because &amp;quot;this.test&amp;quot; is null">
      <![CDATA[java.lang.NullPointerException: Cannot invoke "com.aventstack.extentreports.ExtentTest.fail(String)" because "this.test" is null
at base.BaseTest.captureResult(BaseTest.java:75)
at java.base/java.util.ArrayList.forEach(ArrayList.java:1511)
... Removed 32 stack frames]]>
    </failure>
  </testcase> <!-- @AfterMethod captureResult -->
  <testcase classname="base.BaseTest" name="@BeforeMethod launchingBrowserandLoadingURL" time="0.0">
    <skipped/>
  </testcase> <!-- @BeforeMethod launchingBrowserandLoadingURL -->
  <testcase classname="base.BaseTest" name="@AfterMethod captureResult" time="0.0">
    <skipped/>
  </testcase> <!-- @AfterMethod captureResult -->
  <testcase classname="base.BaseTest" name="@BeforeMethod launchingBrowserandLoadingURL" time="0.0">
    <skipped/>
  </testcase> <!-- @BeforeMethod launchingBrowserandLoadingURL -->
  <testcase classname="base.BaseTest" name="@AfterMethod captureResult" time="0.0">
    <skipped/>
  </testcase> <!-- @AfterMethod captureResult -->
  <testcase classname="base.BaseTest" name="@BeforeMethod launchingBrowserandLoadingURL" time="0.0">
    <skipped/>
  </testcase> <!-- @BeforeMethod launchingBrowserandLoadingURL -->
  <testcase classname="base.BaseTest" name="@AfterMethod captureResult" time="0.0">
    <skipped/>
  </testcase> <!-- @AfterMethod captureResult -->
  <testcase classname="base.BaseTest" name="@BeforeMethod launchingBrowserandLoadingURL" time="0.0">
    <skipped/>
  </testcase> <!-- @BeforeMethod launchingBrowserandLoadingURL -->
  <testcase classname="base.BaseTest" name="@AfterMethod captureResult" time="0.0">
    <skipped/>
  </testcase> <!-- @AfterMethod captureResult -->
  <testcase classname="base.BaseTest" name="@BeforeMethod launchingBrowserandLoadingURL" time="0.0">
    <skipped/>
  </testcase> <!-- @BeforeMethod launchingBrowserandLoadingURL -->
  <testcase classname="base.BaseTest" name="@AfterMethod captureResult" time="0.0">
    <skipped/>
  </testcase> <!-- @AfterMethod captureResult -->
  <testcase classname="base.BaseTest" name="@AfterClass browserquit" time="0.0">
    <skipped/>
  </testcase> <!-- @AfterClass browserquit -->
  <testcase classname="base.BaseTest" name="@AfterMethod captureResult" time="0.548">
    <failure type="java.lang.NullPointerException" message="Cannot invoke &amp;quot;com.aventstack.extentreports.ExtentTest.fail(String)&amp;quot; because &amp;quot;this.test&amp;quot; is null">
      <![CDATA[java.lang.NullPointerException: Cannot invoke "com.aventstack.extentreports.ExtentTest.fail(String)" because "this.test" is null
at base.BaseTest.captureResult(BaseTest.java:75)
at java.base/java.util.ArrayList.forEach(ArrayList.java:1511)
... Removed 32 stack frames]]>
    </failure>
  </testcase> <!-- @AfterMethod captureResult -->
  <testcase classname="base.BaseTest" name="@BeforeMethod launchingBrowserandLoadingURL" time="0.0">
    <skipped/>
  </testcase> <!-- @BeforeMethod launchingBrowserandLoadingURL -->
  <testcase classname="base.BaseTest" name="@AfterMethod captureResult" time="0.0">
    <skipped/>
  </testcase> <!-- @AfterMethod captureResult -->
  <testcase classname="base.BaseTest" name="@BeforeMethod launchingBrowserandLoadingURL" time="0.0">
    <skipped/>
  </testcase> <!-- @BeforeMethod launchingBrowserandLoadingURL -->
  <testcase classname="base.BaseTest" name="@AfterMethod captureResult" time="0.0">
    <skipped/>
  </testcase> <!-- @AfterMethod captureResult -->
  <testcase classname="base.BaseTest" name="@BeforeMethod launchingBrowserandLoadingURL" time="0.0">
    <skipped/>
  </testcase> <!-- @BeforeMethod launchingBrowserandLoadingURL -->
  <testcase classname="base.BaseTest" name="@AfterMethod captureResult" time="0.0">
    <skipped/>
  </testcase> <!-- @AfterMethod captureResult -->
  <testcase classname="base.BaseTest" name="@BeforeMethod launchingBrowserandLoadingURL" time="0.0">
    <skipped/>
  </testcase> <!-- @BeforeMethod launchingBrowserandLoadingURL -->
  <testcase classname="base.BaseTest" name="@AfterMethod captureResult" time="0.0">
    <skipped/>
  </testcase> <!-- @AfterMethod captureResult -->
  <testcase classname="base.BaseTest" name="@BeforeMethod launchingBrowserandLoadingURL" time="0.0">
    <skipped/>
  </testcase> <!-- @BeforeMethod launchingBrowserandLoadingURL -->
  <testcase classname="base.BaseTest" name="@AfterMethod captureResult" time="0.0">
    <skipped/>
  </testcase> <!-- @AfterMethod captureResult -->
  <testcase classname="base.BaseTest" name="@AfterClass browserquit" time="0.0">
    <skipped/>
  </testcase> <!-- @AfterClass browserquit -->
  <testcase classname="tests.SignUpTest" name="testSignUppageMultipleData" time="0.809">
    <failure type="org.openqa.selenium.NoAlertPresentException" message="no such alert
  (Session info: chrome=134.0.6998.89)
Build info: version: &amp;apos;4.21.0&amp;apos;, revision: &amp;apos;79ed462ef4&amp;apos;
System info: os.name: &amp;apos;Windows 11&amp;apos;, os.arch: &amp;apos;amd64&amp;apos;, os.version: &amp;apos;10.0&amp;apos;, java.version: &amp;apos;17.0.14&amp;apos;
Driver info: org.openqa.selenium.chrome.ChromeDriver
Command: [70438f6044d37127d0c821a8ebadb4f4, getAlertText {}]
Capabilities {acceptInsecureCerts: false, browserName: chrome, browserVersion: 134.0.6998.89, chrome: {chromedriverVersion: 134.0.6998.165 (fd886e2cb29..., userDataDir: C:\Users\madhu\AppData\Loca...}, fedcm:accounts: true, goog:chromeOptions: {debuggerAddress: localhost:53697}, networkConnectionEnabled: false, pageLoadStrategy: normal, platformName: windows, proxy: Proxy(), se:cdp: ws://localhost:53697/devtoo..., se:cdpVersion: 134.0.6998.89, setWindowRect: true, strictFileInteractability: false, timeouts: {implicit: 0, pageLoad: 300000, script: 30000}, unhandledPromptBehavior: dismiss and notify, webauthn:extension:credBlob: true, webauthn:extension:largeBlob: true, webauthn:extension:minPinLength: true, webauthn:extension:prf: true, webauthn:virtualAuthenticators: true}
Session ID: 70438f6044d37127d0c821a8ebadb4f4">
      <![CDATA[org.openqa.selenium.NoAlertPresentException: no such alert
  (Session info: chrome=134.0.6998.89)
Build info: version: '4.21.0', revision: '79ed462ef4'
System info: os.name: 'Windows 11', os.arch: 'amd64', os.version: '10.0', java.version: '17.0.14'
Driver info: org.openqa.selenium.chrome.ChromeDriver
Command: [70438f6044d37127d0c821a8ebadb4f4, getAlertText {}]
Capabilities {acceptInsecureCerts: false, browserName: chrome, browserVersion: 134.0.6998.89, chrome: {chromedriverVersion: 134.0.6998.165 (fd886e2cb29..., userDataDir: C:\Users\madhu\AppData\Loca...}, fedcm:accounts: true, goog:chromeOptions: {debuggerAddress: localhost:53697}, networkConnectionEnabled: false, pageLoadStrategy: normal, platformName: windows, proxy: Proxy(), se:cdp: ws://localhost:53697/devtoo..., se:cdpVersion: 134.0.6998.89, setWindowRect: true, strictFileInteractability: false, timeouts: {implicit: 0, pageLoad: 300000, script: 30000}, unhandledPromptBehavior: dismiss and notify, webauthn:extension:credBlob: true, webauthn:extension:largeBlob: true, webauthn:extension:minPinLength: true, webauthn:extension:prf: true, webauthn:virtualAuthenticators: true}
Session ID: 70438f6044d37127d0c821a8ebadb4f4
at org.openqa.selenium.remote.ErrorCodec.decode(ErrorCodec.java:167)
at org.openqa.selenium.remote.codec.w3c.W3CHttpResponseCodec.decode(W3CHttpResponseCodec.java:138)
at org.openqa.selenium.remote.codec.w3c.W3CHttpResponseCodec.decode(W3CHttpResponseCodec.java:50)
at org.openqa.selenium.remote.HttpCommandExecutor.execute(HttpCommandExecutor.java:190)
at org.openqa.selenium.remote.service.DriverCommandExecutor.invokeExecute(DriverCommandExecutor.java:216)
at org.openqa.selenium.remote.service.DriverCommandExecutor.execute(DriverCommandExecutor.java:174)
at org.openqa.selenium.remote.RemoteWebDriver.execute(RemoteWebDriver.java:518)
at org.openqa.selenium.remote.RemoteWebDriver.execute(RemoteWebDriver.java:591)
at org.openqa.selenium.remote.RemoteWebDriver.execute(RemoteWebDriver.java:595)
at org.openqa.selenium.remote.RemoteWebDriver$RemoteTargetLocator.alert(RemoteWebDriver.java:1163)
at pages.SignUpPage.getAlertText(SignUpPage.java:45)
at tests.SignUpTest.testSignUppageMultipleData(SignUpTest.java:63)
at java.base/java.util.ArrayList.forEach(ArrayList.java:1511)
... Removed 32 stack frames]]>
    </failure>
  </testcase> <!-- testSignUppageMultipleData -->
  <testcase classname="tests.SignUpTest" name="testSignUppageMultipleData" time="0.744">
    <failure type="org.openqa.selenium.NoAlertPresentException" message="no such alert
  (Session info: chrome=134.0.6998.89)
Build info: version: &amp;apos;4.21.0&amp;apos;, revision: &amp;apos;79ed462ef4&amp;apos;
System info: os.name: &amp;apos;Windows 11&amp;apos;, os.arch: &amp;apos;amd64&amp;apos;, os.version: &amp;apos;10.0&amp;apos;, java.version: &amp;apos;17.0.14&amp;apos;
Driver info: org.openqa.selenium.chrome.ChromeDriver
Command: [49da80b90a6c277ae7380900d3397617, getAlertText {}]
Capabilities {acceptInsecureCerts: false, browserName: chrome, browserVersion: 134.0.6998.89, chrome: {chromedriverVersion: 134.0.6998.165 (fd886e2cb29..., userDataDir: C:\Users\madhu\AppData\Loca...}, fedcm:accounts: true, goog:chromeOptions: {debuggerAddress: localhost:53718}, networkConnectionEnabled: false, pageLoadStrategy: normal, platformName: windows, proxy: Proxy(), se:cdp: ws://localhost:53718/devtoo..., se:cdpVersion: 134.0.6998.89, setWindowRect: true, strictFileInteractability: false, timeouts: {implicit: 0, pageLoad: 300000, script: 30000}, unhandledPromptBehavior: dismiss and notify, webauthn:extension:credBlob: true, webauthn:extension:largeBlob: true, webauthn:extension:minPinLength: true, webauthn:extension:prf: true, webauthn:virtualAuthenticators: true}
Session ID: 49da80b90a6c277ae7380900d3397617">
      <![CDATA[org.openqa.selenium.NoAlertPresentException: no such alert
  (Session info: chrome=134.0.6998.89)
Build info: version: '4.21.0', revision: '79ed462ef4'
System info: os.name: 'Windows 11', os.arch: 'amd64', os.version: '10.0', java.version: '17.0.14'
Driver info: org.openqa.selenium.chrome.ChromeDriver
Command: [49da80b90a6c277ae7380900d3397617, getAlertText {}]
Capabilities {acceptInsecureCerts: false, browserName: chrome, browserVersion: 134.0.6998.89, chrome: {chromedriverVersion: 134.0.6998.165 (fd886e2cb29..., userDataDir: C:\Users\madhu\AppData\Loca...}, fedcm:accounts: true, goog:chromeOptions: {debuggerAddress: localhost:53718}, networkConnectionEnabled: false, pageLoadStrategy: normal, platformName: windows, proxy: Proxy(), se:cdp: ws://localhost:53718/devtoo..., se:cdpVersion: 134.0.6998.89, setWindowRect: true, strictFileInteractability: false, timeouts: {implicit: 0, pageLoad: 300000, script: 30000}, unhandledPromptBehavior: dismiss and notify, webauthn:extension:credBlob: true, webauthn:extension:largeBlob: true, webauthn:extension:minPinLength: true, webauthn:extension:prf: true, webauthn:virtualAuthenticators: true}
Session ID: 49da80b90a6c277ae7380900d3397617
at org.openqa.selenium.remote.ErrorCodec.decode(ErrorCodec.java:167)
at org.openqa.selenium.remote.codec.w3c.W3CHttpResponseCodec.decode(W3CHttpResponseCodec.java:138)
at org.openqa.selenium.remote.codec.w3c.W3CHttpResponseCodec.decode(W3CHttpResponseCodec.java:50)
at org.openqa.selenium.remote.HttpCommandExecutor.execute(HttpCommandExecutor.java:190)
at org.openqa.selenium.remote.service.DriverCommandExecutor.invokeExecute(DriverCommandExecutor.java:216)
at org.openqa.selenium.remote.service.DriverCommandExecutor.execute(DriverCommandExecutor.java:174)
at org.openqa.selenium.remote.RemoteWebDriver.execute(RemoteWebDriver.java:518)
at org.openqa.selenium.remote.RemoteWebDriver.execute(RemoteWebDriver.java:591)
at org.openqa.selenium.remote.RemoteWebDriver.execute(RemoteWebDriver.java:595)
at org.openqa.selenium.remote.RemoteWebDriver$RemoteTargetLocator.alert(RemoteWebDriver.java:1163)
at pages.SignUpPage.getAlertText(SignUpPage.java:45)
at tests.SignUpTest.testSignUppageMultipleData(SignUpTest.java:63)
at java.base/java.util.ArrayList.forEach(ArrayList.java:1511)
... Removed 32 stack frames]]>
    </failure>
  </testcase> <!-- testSignUppageMultipleData -->
  <testcase classname="tests.SignUpTest" name="testSignUppageMultipleData" time="0.699"/>
  <testcase classname="tests.SignUpTest" name="testSignUppageMultipleData" time="0.835">
    <failure type="org.openqa.selenium.NoAlertPresentException" message="no such alert
  (Session info: chrome=134.0.6998.89)
Build info: version: &amp;apos;4.21.0&amp;apos;, revision: &amp;apos;79ed462ef4&amp;apos;
System info: os.name: &amp;apos;Windows 11&amp;apos;, os.arch: &amp;apos;amd64&amp;apos;, os.version: &amp;apos;10.0&amp;apos;, java.version: &amp;apos;17.0.14&amp;apos;
Driver info: org.openqa.selenium.chrome.ChromeDriver
Command: [6039c4bbe7c5afba3d17a3bd4d41646c, getAlertText {}]
Capabilities {acceptInsecureCerts: false, browserName: chrome, browserVersion: 134.0.6998.89, chrome: {chromedriverVersion: 134.0.6998.165 (fd886e2cb29..., userDataDir: C:\Users\madhu\AppData\Loca...}, fedcm:accounts: true, goog:chromeOptions: {debuggerAddress: localhost:53763}, networkConnectionEnabled: false, pageLoadStrategy: normal, platformName: windows, proxy: Proxy(), se:cdp: ws://localhost:53763/devtoo..., se:cdpVersion: 134.0.6998.89, setWindowRect: true, strictFileInteractability: false, timeouts: {implicit: 0, pageLoad: 300000, script: 30000}, unhandledPromptBehavior: dismiss and notify, webauthn:extension:credBlob: true, webauthn:extension:largeBlob: true, webauthn:extension:minPinLength: true, webauthn:extension:prf: true, webauthn:virtualAuthenticators: true}
Session ID: 6039c4bbe7c5afba3d17a3bd4d41646c">
      <![CDATA[org.openqa.selenium.NoAlertPresentException: no such alert
  (Session info: chrome=134.0.6998.89)
Build info: version: '4.21.0', revision: '79ed462ef4'
System info: os.name: 'Windows 11', os.arch: 'amd64', os.version: '10.0', java.version: '17.0.14'
Driver info: org.openqa.selenium.chrome.ChromeDriver
Command: [6039c4bbe7c5afba3d17a3bd4d41646c, getAlertText {}]
Capabilities {acceptInsecureCerts: false, browserName: chrome, browserVersion: 134.0.6998.89, chrome: {chromedriverVersion: 134.0.6998.165 (fd886e2cb29..., userDataDir: C:\Users\madhu\AppData\Loca...}, fedcm:accounts: true, goog:chromeOptions: {debuggerAddress: localhost:53763}, networkConnectionEnabled: false, pageLoadStrategy: normal, platformName: windows, proxy: Proxy(), se:cdp: ws://localhost:53763/devtoo..., se:cdpVersion: 134.0.6998.89, setWindowRect: true, strictFileInteractability: false, timeouts: {implicit: 0, pageLoad: 300000, script: 30000}, unhandledPromptBehavior: dismiss and notify, webauthn:extension:credBlob: true, webauthn:extension:largeBlob: true, webauthn:extension:minPinLength: true, webauthn:extension:prf: true, webauthn:virtualAuthenticators: true}
Session ID: 6039c4bbe7c5afba3d17a3bd4d41646c
at org.openqa.selenium.remote.ErrorCodec.decode(ErrorCodec.java:167)
at org.openqa.selenium.remote.codec.w3c.W3CHttpResponseCodec.decode(W3CHttpResponseCodec.java:138)
at org.openqa.selenium.remote.codec.w3c.W3CHttpResponseCodec.decode(W3CHttpResponseCodec.java:50)
at org.openqa.selenium.remote.HttpCommandExecutor.execute(HttpCommandExecutor.java:190)
at org.openqa.selenium.remote.service.DriverCommandExecutor.invokeExecute(DriverCommandExecutor.java:216)
at org.openqa.selenium.remote.service.DriverCommandExecutor.execute(DriverCommandExecutor.java:174)
at org.openqa.selenium.remote.RemoteWebDriver.execute(RemoteWebDriver.java:518)
at org.openqa.selenium.remote.RemoteWebDriver.execute(RemoteWebDriver.java:591)
at org.openqa.selenium.remote.RemoteWebDriver.execute(RemoteWebDriver.java:595)
at org.openqa.selenium.remote.RemoteWebDriver$RemoteTargetLocator.alert(RemoteWebDriver.java:1163)
at pages.SignUpPage.getAlertText(SignUpPage.java:45)
at tests.SignUpTest.testSignUppageMultipleData(SignUpTest.java:63)
at java.base/java.util.ArrayList.forEach(ArrayList.java:1511)
... Removed 32 stack frames]]>
    </failure>
  </testcase> <!-- testSignUppageMultipleData -->
  <testcase classname="tests.SignUpTest" name="testSignUppageMultipleData" time="0.758">
    <failure type="org.openqa.selenium.NoAlertPresentException" message="no such alert
  (Session info: chrome=134.0.6998.89)
Build info: version: &amp;apos;4.21.0&amp;apos;, revision: &amp;apos;79ed462ef4&amp;apos;
System info: os.name: &amp;apos;Windows 11&amp;apos;, os.arch: &amp;apos;amd64&amp;apos;, os.version: &amp;apos;10.0&amp;apos;, java.version: &amp;apos;17.0.14&amp;apos;
Driver info: org.openqa.selenium.chrome.ChromeDriver
Command: [4e77b5dbe36f74a0014e3ce75dfdba12, getAlertText {}]
Capabilities {acceptInsecureCerts: false, browserName: chrome, browserVersion: 134.0.6998.89, chrome: {chromedriverVersion: 134.0.6998.165 (fd886e2cb29..., userDataDir: C:\Users\madhu\AppData\Loca...}, fedcm:accounts: true, goog:chromeOptions: {debuggerAddress: localhost:53785}, networkConnectionEnabled: false, pageLoadStrategy: normal, platformName: windows, proxy: Proxy(), se:cdp: ws://localhost:53785/devtoo..., se:cdpVersion: 134.0.6998.89, setWindowRect: true, strictFileInteractability: false, timeouts: {implicit: 0, pageLoad: 300000, script: 30000}, unhandledPromptBehavior: dismiss and notify, webauthn:extension:credBlob: true, webauthn:extension:largeBlob: true, webauthn:extension:minPinLength: true, webauthn:extension:prf: true, webauthn:virtualAuthenticators: true}
Session ID: 4e77b5dbe36f74a0014e3ce75dfdba12">
      <![CDATA[org.openqa.selenium.NoAlertPresentException: no such alert
  (Session info: chrome=134.0.6998.89)
Build info: version: '4.21.0', revision: '79ed462ef4'
System info: os.name: 'Windows 11', os.arch: 'amd64', os.version: '10.0', java.version: '17.0.14'
Driver info: org.openqa.selenium.chrome.ChromeDriver
Command: [4e77b5dbe36f74a0014e3ce75dfdba12, getAlertText {}]
Capabilities {acceptInsecureCerts: false, browserName: chrome, browserVersion: 134.0.6998.89, chrome: {chromedriverVersion: 134.0.6998.165 (fd886e2cb29..., userDataDir: C:\Users\madhu\AppData\Loca...}, fedcm:accounts: true, goog:chromeOptions: {debuggerAddress: localhost:53785}, networkConnectionEnabled: false, pageLoadStrategy: normal, platformName: windows, proxy: Proxy(), se:cdp: ws://localhost:53785/devtoo..., se:cdpVersion: 134.0.6998.89, setWindowRect: true, strictFileInteractability: false, timeouts: {implicit: 0, pageLoad: 300000, script: 30000}, unhandledPromptBehavior: dismiss and notify, webauthn:extension:credBlob: true, webauthn:extension:largeBlob: true, webauthn:extension:minPinLength: true, webauthn:extension:prf: true, webauthn:virtualAuthenticators: true}
Session ID: 4e77b5dbe36f74a0014e3ce75dfdba12
at org.openqa.selenium.remote.ErrorCodec.decode(ErrorCodec.java:167)
at org.openqa.selenium.remote.codec.w3c.W3CHttpResponseCodec.decode(W3CHttpResponseCodec.java:138)
at org.openqa.selenium.remote.codec.w3c.W3CHttpResponseCodec.decode(W3CHttpResponseCodec.java:50)
at org.openqa.selenium.remote.HttpCommandExecutor.execute(HttpCommandExecutor.java:190)
at org.openqa.selenium.remote.service.DriverCommandExecutor.invokeExecute(DriverCommandExecutor.java:216)
at org.openqa.selenium.remote.service.DriverCommandExecutor.execute(DriverCommandExecutor.java:174)
at org.openqa.selenium.remote.RemoteWebDriver.execute(RemoteWebDriver.java:518)
at org.openqa.selenium.remote.RemoteWebDriver.execute(RemoteWebDriver.java:591)
at org.openqa.selenium.remote.RemoteWebDriver.execute(RemoteWebDriver.java:595)
at org.openqa.selenium.remote.RemoteWebDriver$RemoteTargetLocator.alert(RemoteWebDriver.java:1163)
at pages.SignUpPage.getAlertText(SignUpPage.java:45)
at tests.SignUpTest.testSignUppageMultipleData(SignUpTest.java:63)
at java.base/java.util.ArrayList.forEach(ArrayList.java:1511)
... Removed 32 stack frames]]>
    </failure>
  </testcase> <!-- testSignUppageMultipleData -->
  <testcase classname="tests.SignUpTest" name="testSignUppageMultipleData" time="1.017">
    <failure type="org.openqa.selenium.NoAlertPresentException" message="no such alert
  (Session info: chrome=134.0.6998.89)
Build info: version: &amp;apos;4.21.0&amp;apos;, revision: &amp;apos;79ed462ef4&amp;apos;
System info: os.name: &amp;apos;Windows 11&amp;apos;, os.arch: &amp;apos;amd64&amp;apos;, os.version: &amp;apos;10.0&amp;apos;, java.version: &amp;apos;17.0.14&amp;apos;
Driver info: org.openqa.selenium.chrome.ChromeDriver
Command: [83d0c06850804098c841ab5aaca187a1, getAlertText {}]
Capabilities {acceptInsecureCerts: false, browserName: chrome, browserVersion: 134.0.6998.89, chrome: {chromedriverVersion: 134.0.6998.165 (fd886e2cb29..., userDataDir: C:\Users\madhu\AppData\Loca...}, fedcm:accounts: true, goog:chromeOptions: {debuggerAddress: localhost:53809}, networkConnectionEnabled: false, pageLoadStrategy: normal, platformName: windows, proxy: Proxy(), se:cdp: ws://localhost:53809/devtoo..., se:cdpVersion: 134.0.6998.89, setWindowRect: true, strictFileInteractability: false, timeouts: {implicit: 0, pageLoad: 300000, script: 30000}, unhandledPromptBehavior: dismiss and notify, webauthn:extension:credBlob: true, webauthn:extension:largeBlob: true, webauthn:extension:minPinLength: true, webauthn:extension:prf: true, webauthn:virtualAuthenticators: true}
Session ID: 83d0c06850804098c841ab5aaca187a1">
      <![CDATA[org.openqa.selenium.NoAlertPresentException: no such alert
  (Session info: chrome=134.0.6998.89)
Build info: version: '4.21.0', revision: '79ed462ef4'
System info: os.name: 'Windows 11', os.arch: 'amd64', os.version: '10.0', java.version: '17.0.14'
Driver info: org.openqa.selenium.chrome.ChromeDriver
Command: [83d0c06850804098c841ab5aaca187a1, getAlertText {}]
Capabilities {acceptInsecureCerts: false, browserName: chrome, browserVersion: 134.0.6998.89, chrome: {chromedriverVersion: 134.0.6998.165 (fd886e2cb29..., userDataDir: C:\Users\madhu\AppData\Loca...}, fedcm:accounts: true, goog:chromeOptions: {debuggerAddress: localhost:53809}, networkConnectionEnabled: false, pageLoadStrategy: normal, platformName: windows, proxy: Proxy(), se:cdp: ws://localhost:53809/devtoo..., se:cdpVersion: 134.0.6998.89, setWindowRect: true, strictFileInteractability: false, timeouts: {implicit: 0, pageLoad: 300000, script: 30000}, unhandledPromptBehavior: dismiss and notify, webauthn:extension:credBlob: true, webauthn:extension:largeBlob: true, webauthn:extension:minPinLength: true, webauthn:extension:prf: true, webauthn:virtualAuthenticators: true}
Session ID: 83d0c06850804098c841ab5aaca187a1
at org.openqa.selenium.remote.ErrorCodec.decode(ErrorCodec.java:167)
at org.openqa.selenium.remote.codec.w3c.W3CHttpResponseCodec.decode(W3CHttpResponseCodec.java:138)
at org.openqa.selenium.remote.codec.w3c.W3CHttpResponseCodec.decode(W3CHttpResponseCodec.java:50)
at org.openqa.selenium.remote.HttpCommandExecutor.execute(HttpCommandExecutor.java:190)
at org.openqa.selenium.remote.service.DriverCommandExecutor.invokeExecute(DriverCommandExecutor.java:216)
at org.openqa.selenium.remote.service.DriverCommandExecutor.execute(DriverCommandExecutor.java:174)
at org.openqa.selenium.remote.RemoteWebDriver.execute(RemoteWebDriver.java:518)
at org.openqa.selenium.remote.RemoteWebDriver.execute(RemoteWebDriver.java:591)
at org.openqa.selenium.remote.RemoteWebDriver.execute(RemoteWebDriver.java:595)
at org.openqa.selenium.remote.RemoteWebDriver$RemoteTargetLocator.alert(RemoteWebDriver.java:1163)
at pages.SignUpPage.getAlertText(SignUpPage.java:45)
at tests.SignUpTest.testSignUppageMultipleData(SignUpTest.java:63)
at java.base/java.util.ArrayList.forEach(ArrayList.java:1511)
... Removed 32 stack frames]]>
    </failure>
  </testcase> <!-- testSignUppageMultipleData -->
  <testcase classname="tests.LoginTest" name="testLogin" time="0.982">
    <failure type="org.openqa.selenium.NoAlertPresentException" message="no such alert
  (Session info: chrome=134.0.6998.89)
Build info: version: &amp;apos;4.21.0&amp;apos;, revision: &amp;apos;79ed462ef4&amp;apos;
System info: os.name: &amp;apos;Windows 11&amp;apos;, os.arch: &amp;apos;amd64&amp;apos;, os.version: &amp;apos;10.0&amp;apos;, java.version: &amp;apos;17.0.14&amp;apos;
Driver info: org.openqa.selenium.chrome.ChromeDriver
Command: [6784aae51d0c47a88f8340197cc8ca1d, getAlertText {}]
Capabilities {acceptInsecureCerts: false, browserName: chrome, browserVersion: 134.0.6998.89, chrome: {chromedriverVersion: 134.0.6998.165 (fd886e2cb29..., userDataDir: C:\Users\madhu\AppData\Loca...}, fedcm:accounts: true, goog:chromeOptions: {debuggerAddress: localhost:53834}, networkConnectionEnabled: false, pageLoadStrategy: normal, platformName: windows, proxy: Proxy(), se:cdp: ws://localhost:53834/devtoo..., se:cdpVersion: 134.0.6998.89, setWindowRect: true, strictFileInteractability: false, timeouts: {implicit: 0, pageLoad: 300000, script: 30000}, unhandledPromptBehavior: dismiss and notify, webauthn:extension:credBlob: true, webauthn:extension:largeBlob: true, webauthn:extension:minPinLength: true, webauthn:extension:prf: true, webauthn:virtualAuthenticators: true}
Session ID: 6784aae51d0c47a88f8340197cc8ca1d">
      <![CDATA[org.openqa.selenium.NoAlertPresentException: no such alert
  (Session info: chrome=134.0.6998.89)
Build info: version: '4.21.0', revision: '79ed462ef4'
System info: os.name: 'Windows 11', os.arch: 'amd64', os.version: '10.0', java.version: '17.0.14'
Driver info: org.openqa.selenium.chrome.ChromeDriver
Command: [6784aae51d0c47a88f8340197cc8ca1d, getAlertText {}]
Capabilities {acceptInsecureCerts: false, browserName: chrome, browserVersion: 134.0.6998.89, chrome: {chromedriverVersion: 134.0.6998.165 (fd886e2cb29..., userDataDir: C:\Users\madhu\AppData\Loca...}, fedcm:accounts: true, goog:chromeOptions: {debuggerAddress: localhost:53834}, networkConnectionEnabled: false, pageLoadStrategy: normal, platformName: windows, proxy: Proxy(), se:cdp: ws://localhost:53834/devtoo..., se:cdpVersion: 134.0.6998.89, setWindowRect: true, strictFileInteractability: false, timeouts: {implicit: 0, pageLoad: 300000, script: 30000}, unhandledPromptBehavior: dismiss and notify, webauthn:extension:credBlob: true, webauthn:extension:largeBlob: true, webauthn:extension:minPinLength: true, webauthn:extension:prf: true, webauthn:virtualAuthenticators: true}
Session ID: 6784aae51d0c47a88f8340197cc8ca1d
at org.openqa.selenium.remote.ErrorCodec.decode(ErrorCodec.java:167)
at org.openqa.selenium.remote.codec.w3c.W3CHttpResponseCodec.decode(W3CHttpResponseCodec.java:138)
at org.openqa.selenium.remote.codec.w3c.W3CHttpResponseCodec.decode(W3CHttpResponseCodec.java:50)
at org.openqa.selenium.remote.HttpCommandExecutor.execute(HttpCommandExecutor.java:190)
at org.openqa.selenium.remote.service.DriverCommandExecutor.invokeExecute(DriverCommandExecutor.java:216)
at org.openqa.selenium.remote.service.DriverCommandExecutor.execute(DriverCommandExecutor.java:174)
at org.openqa.selenium.remote.RemoteWebDriver.execute(RemoteWebDriver.java:518)
at org.openqa.selenium.remote.RemoteWebDriver.execute(RemoteWebDriver.java:591)
at org.openqa.selenium.remote.RemoteWebDriver.execute(RemoteWebDriver.java:595)
at org.openqa.selenium.remote.RemoteWebDriver$RemoteTargetLocator.alert(RemoteWebDriver.java:1163)
at pages.LoginPage.getAlertMessage(LoginPage.java:61)
at tests.LoginTest.testLogin(LoginTest.java:34)
at java.base/java.util.ArrayList.forEach(ArrayList.java:1511)
... Removed 32 stack frames]]>
    </failure>
  </testcase> <!-- testLogin -->
  <testcase classname="tests.LoginTest" name="testLogin" time="0.0">
    <skipped/>
  </testcase> <!-- testLogin -->
  <testcase classname="tests.LoginTest" name="testLogin" time="0.0">
    <skipped/>
  </testcase> <!-- testLogin -->
  <testcase classname="tests.LoginTest" name="testLogin" time="0.0">
    <skipped/>
  </testcase> <!-- testLogin -->
  <testcase classname="tests.LoginTest" name="testLogin" time="0.0">
    <skipped/>
  </testcase> <!-- testLogin -->
  <testcase classname="tests.LoginTest" name="testLogin" time="0.0">
    <skipped/>
  </testcase> <!-- testLogin -->
  <testcase classname="tests.LoginTest" name="testLogin" time="0.0">
    <skipped/>
  </testcase> <!-- testLogin -->
  <testcase classname="tests.HomePageTest" name="testWelcomeUsernameDisplayed" time="0.021">
    <failure type="java.lang.NullPointerException" message="Cannot invoke &amp;quot;pages.HomePage.isWelcomeUserdisplayed()&amp;quot; because &amp;quot;this.homePage&amp;quot; is null">
      <![CDATA[java.lang.NullPointerException: Cannot invoke "pages.HomePage.isWelcomeUserdisplayed()" because "this.homePage" is null
at tests.HomePageTest.testWelcomeUsernameDisplayed(HomePageTest.java:32)
at java.base/java.util.ArrayList.forEach(ArrayList.java:1511)
... Removed 27 stack frames]]>
    </failure>
  </testcase> <!-- testWelcomeUsernameDisplayed -->
  <testcase classname="tests.HomePageTest" name="testHomePageElements" time="0.0">
    <skipped/>
  </testcase> <!-- testHomePageElements -->
  <testcase classname="tests.CartTest" name="testAddToCart" time="2.628"/>
  <testcase classname="tests.CartTest" name="removeItemFromCart" time="0.0">
    <skipped/>
  </testcase> <!-- removeItemFromCart -->
  <testcase classname="tests.CartTest" name="clearCartItem" time="0.0">
    <skipped/>
  </testcase> <!-- clearCartItem -->
  <testcase classname="tests.CartTest" name="totalPriceCalculation" time="0.0">
    <skipped/>
  </testcase> <!-- totalPriceCalculation -->
  <testcase classname="tests.CartTest" name="proceedWithoutItems" time="0.0">
    <skipped/>
  </testcase> <!-- proceedWithoutItems -->
  <testcase classname="tests.ProductPageTest" name="testProductDetails" time="2.169">
    <failure type="java.lang.NullPointerException" message="Cannot invoke &amp;quot;com.aventstack.extentreports.ExtentTest.pass(String)&amp;quot; because &amp;quot;this.test&amp;quot; is null">
      <![CDATA[java.lang.NullPointerException: Cannot invoke "com.aventstack.extentreports.ExtentTest.pass(String)" because "this.test" is null
at tests.ProductPageTest.testProductDetails(ProductPageTest.java:27)
at java.base/java.util.ArrayList.forEach(ArrayList.java:1511)
... Removed 27 stack frames]]>
    </failure>
  </testcase> <!-- testProductDetails -->
  <testcase classname="tests.CheckoutTest" name="placeOrderModalOpens" time="2.026">
    <failure type="org.openqa.selenium.NoAlertPresentException" message="no such alert
  (Session info: chrome=134.0.6998.89)
Build info: version: &amp;apos;4.21.0&amp;apos;, revision: &amp;apos;79ed462ef4&amp;apos;
System info: os.name: &amp;apos;Windows 11&amp;apos;, os.arch: &amp;apos;amd64&amp;apos;, os.version: &amp;apos;10.0&amp;apos;, java.version: &amp;apos;17.0.14&amp;apos;
Driver info: org.openqa.selenium.chrome.ChromeDriver
Command: [c4349ae653ca8e9c461dd1c59a4840ad, getAlertText {}]
Capabilities {acceptInsecureCerts: false, browserName: chrome, browserVersion: 134.0.6998.89, chrome: {chromedriverVersion: 134.0.6998.165 (fd886e2cb29..., userDataDir: C:\Users\madhu\AppData\Loca...}, fedcm:accounts: true, goog:chromeOptions: {debuggerAddress: localhost:53925}, networkConnectionEnabled: false, pageLoadStrategy: normal, platformName: windows, proxy: Proxy(), se:cdp: ws://localhost:53925/devtoo..., se:cdpVersion: 134.0.6998.89, setWindowRect: true, strictFileInteractability: false, timeouts: {implicit: 0, pageLoad: 300000, script: 30000}, unhandledPromptBehavior: dismiss and notify, webauthn:extension:credBlob: true, webauthn:extension:largeBlob: true, webauthn:extension:minPinLength: true, webauthn:extension:prf: true, webauthn:virtualAuthenticators: true}
Session ID: c4349ae653ca8e9c461dd1c59a4840ad">
      <![CDATA[org.openqa.selenium.NoAlertPresentException: no such alert
  (Session info: chrome=134.0.6998.89)
Build info: version: '4.21.0', revision: '79ed462ef4'
System info: os.name: 'Windows 11', os.arch: 'amd64', os.version: '10.0', java.version: '17.0.14'
Driver info: org.openqa.selenium.chrome.ChromeDriver
Command: [c4349ae653ca8e9c461dd1c59a4840ad, getAlertText {}]
Capabilities {acceptInsecureCerts: false, browserName: chrome, browserVersion: 134.0.6998.89, chrome: {chromedriverVersion: 134.0.6998.165 (fd886e2cb29..., userDataDir: C:\Users\madhu\AppData\Loca...}, fedcm:accounts: true, goog:chromeOptions: {debuggerAddress: localhost:53925}, networkConnectionEnabled: false, pageLoadStrategy: normal, platformName: windows, proxy: Proxy(), se:cdp: ws://localhost:53925/devtoo..., se:cdpVersion: 134.0.6998.89, setWindowRect: true, strictFileInteractability: false, timeouts: {implicit: 0, pageLoad: 300000, script: 30000}, unhandledPromptBehavior: dismiss and notify, webauthn:extension:credBlob: true, webauthn:extension:largeBlob: true, webauthn:extension:minPinLength: true, webauthn:extension:prf: true, webauthn:virtualAuthenticators: true}
Session ID: c4349ae653ca8e9c461dd1c59a4840ad
at org.openqa.selenium.remote.ErrorCodec.decode(ErrorCodec.java:167)
at org.openqa.selenium.remote.codec.w3c.W3CHttpResponseCodec.decode(W3CHttpResponseCodec.java:138)
at org.openqa.selenium.remote.codec.w3c.W3CHttpResponseCodec.decode(W3CHttpResponseCodec.java:50)
at org.openqa.selenium.remote.HttpCommandExecutor.execute(HttpCommandExecutor.java:190)
at org.openqa.selenium.remote.service.DriverCommandExecutor.invokeExecute(DriverCommandExecutor.java:216)
at org.openqa.selenium.remote.service.DriverCommandExecutor.execute(DriverCommandExecutor.java:174)
at org.openqa.selenium.remote.RemoteWebDriver.execute(RemoteWebDriver.java:518)
at org.openqa.selenium.remote.RemoteWebDriver.execute(RemoteWebDriver.java:591)
at org.openqa.selenium.remote.RemoteWebDriver.execute(RemoteWebDriver.java:595)
at org.openqa.selenium.remote.RemoteWebDriver$RemoteTargetLocator.alert(RemoteWebDriver.java:1163)
at tests.CheckoutTest.placeOrderModalOpens(CheckoutTest.java:28)
at java.base/java.util.ArrayList.forEach(ArrayList.java:1511)
... Removed 32 stack frames]]>
    </failure>
  </testcase> <!-- placeOrderModalOpens -->
  <testcase classname="tests.CheckoutTest" name="checkOutFieldPresent" time="0.0">
    <skipped/>
  </testcase> <!-- checkOutFieldPresent -->
  <testcase classname="tests.CheckoutTest" name="successfullPurchase" time="0.0">
    <skipped/>
  </testcase> <!-- successfullPurchase -->
  <testcase classname="tests.CheckoutTest" name="emptyFieldPurchase" time="0.0">
    <skipped/>
  </testcase> <!-- emptyFieldPurchase -->
  <testcase classname="tests.CheckoutTest" name="invalidCardDetails" time="0.0">
    <skipped/>
  </testcase> <!-- invalidCardDetails -->
  <testcase classname="tests.CheckoutTest" name="testCheckoutWithoutAddingItemsFails" time="0.0">
    <skipped/>
  </testcase> <!-- testCheckoutWithoutAddingItemsFails -->
  <testcase classname="tests.LogoutTest" name="logoutBtnVisible" time="0.002">
    <failure type="java.lang.NullPointerException" message="Cannot invoke &amp;quot;org.openqa.selenium.SearchContext.findElement(org.openqa.selenium.By)&amp;quot; because &amp;quot;this.searchContext&amp;quot; is null">
      <![CDATA[java.lang.NullPointerException: Cannot invoke "org.openqa.selenium.SearchContext.findElement(org.openqa.selenium.By)" because "this.searchContext" is null
at org.openqa.selenium.support.pagefactory.DefaultElementLocator.findElement(DefaultElementLocator.java:68)
at org.openqa.selenium.support.pagefactory.internal.LocatingElementHandler.invoke(LocatingElementHandler.java:38)
at jdk.proxy2/jdk.proxy2.$Proxy19.click(Unknown Source)
at pages.LoginPage.clickLoginButton(LoginPage.java:35)
at tests.LogoutTest.logoutBtnVisible(LogoutTest.java:26)
at java.base/java.util.ArrayList.forEach(ArrayList.java:1511)
... Removed 27 stack frames]]>
    </failure>
  </testcase> <!-- logoutBtnVisible -->
  <testcase classname="tests.LogoutTest" name="validLogout" time="0.0">
    <skipped/>
  </testcase> <!-- validLogout -->
  <testcase classname="tests.LogoutTest" name="accessCartMenu" time="0.0">
    <skipped/>
  </testcase> <!-- accessCartMenu -->
  <testcase classname="tests.LogoutTest" name="sessionclearAfterLogout" time="0.0">
    <skipped/>
  </testcase> <!-- sessionclearAfterLogout -->
  <testcase classname="tests.LogoutTest" name="LogoutwithoutLogin" time="0.0">
    <skipped/>
  </testcase> <!-- LogoutwithoutLogin -->
  <testcase classname="tests.LogoutTest" name="testMultipleLogouts" time="0.0">
    <skipped/>
  </testcase> <!-- testMultipleLogouts -->
</testsuite> <!-- Test -->
