<!DOCTYPE html PUBLIC "-//W3C//DTD XHTML 1.1//EN" "https://www.w3.org/TR/xhtml11/DTD/xhtml11.dtd">
<html xmlns="https://www.w3.org/1999/xhtml">
<head>
<meta http-equiv="content-type" content="text/html; charset=UTF-8"/>
<title>TestNG Report</title>
<style type="text/css">table {margin-bottom:10px;border-collapse:collapse;empty-cells:show}th,td {border:1px solid #009;padding:.25em .5em}th {vertical-align:bottom}td {vertical-align:top}table a {font-weight:bold}.stripe td {background-color: #E6EBF9}.num {text-align:right}.passedodd td {background-color: #3F3}.passedeven td {background-color: #0A0}.skippedodd td {background-color: #DDD}.skippedeven td {background-color: #CCC}.failedodd td,.attn {background-color: #F33}.failedeven td,.stripe .attn {background-color: #D00}.stacktrace {white-space:pre;font-family:monospace}.totop {font-size:85%;text-align:center;border-bottom:2px solid #000}.invisible {display:none}</style>
</head>
<body>
<table>
<tr><th>Test</th><th># Passed</th><th># Skipped</th><th># Retried</th><th># Failed</th><th>Time (ms)</th><th>Included Groups</th><th>Excluded Groups</th></tr>
<tr><th colspan="8">Mini-Project 1</th></tr>
<tr><td><a href="#t0">Test</a></td><td class="num">39</td><td class="num">0</td><td class="num">0</td><td class="num attn">10</td><td class="num">877,698</td><td></td><td></td></tr>
</table>
<table id='summary'><thead><tr><th>Class</th><th>Method</th><th>Start</th><th>Time (ms)</th></tr></thead><tbody><tr><th colspan="4">Mini-Project 1</th></tr></tbody><tbody id="t0"><tr><th colspan="4">Test &#8212; failed</th></tr><tr class="failedeven"><td rowspan="2">tests.CartTest</td><td><a href="#m0">proceedWithoutItems</a></td><td rowspan="1">1744831215845</td><td rowspan="1">13943</td></tr><tr class="failedeven"><td><a href="#m1">testAddToCartWithoutLogin</a></td><td rowspan="1">1744831233655</td><td rowspan="1">4213</td></tr><tr class="failedodd"><td rowspan="1">tests.CheckoutTest</td><td><a href="#m2">testCheckoutWithoutAddingItemsFails</a></td><td rowspan="1">1744831553247</td><td rowspan="1">7093</td></tr><tr class="failedeven"><td rowspan="2">tests.LoginTest</td><td><a href="#m3">testLogin</a></td><td rowspan="1">1744830935566</td><td rowspan="1">6807</td></tr><tr class="failedeven"><td><a href="#m4">verifySignupModalOpens</a></td><td rowspan="1">1744830870662</td><td rowspan="1">285</td></tr><tr class="failedodd"><td rowspan="2">tests.ProductPageTest</td><td><a href="#m5">testAddToCartWithoutLogin</a></td><td rowspan="1">1744831024102</td><td rowspan="1">3439</td></tr><tr class="failedodd"><td><a href="#m6">testProductDetails</a></td><td rowspan="1">1744830996672</td><td rowspan="1">17729</td></tr><tr class="failedeven"><td rowspan="3">tests.SignUpTest</td><td><a href="#m7">testSignUppageMultipleData</a></td><td rowspan="3">1744830842361</td><td rowspan="3">2002</td></tr><tr class="failedeven"><td><a href="#m8">testSignUppageMultipleData</a></td></tr><tr class="failedeven"><td><a href="#m9">testSignUppageMultipleData</a></td></tr><tr><th colspan="4">Test &#8212; passed</th></tr><tr class="passedeven"><td rowspan="4">tests.CartTest</td><td><a href="#m10">clearCartItem</a></td><td rowspan="1">1744831130518</td><td rowspan="1">40602</td></tr><tr class="passedeven"><td><a href="#m11">removeItemFromCart</a></td><td rowspan="1">1744831067776</td><td rowspan="1">58536</td></tr><tr class="passedeven"><td><a href="#m12">testAddToCart</a></td><td rowspan="1">1744831050510</td><td rowspan="1">12497</td></tr><tr class="passedeven"><td><a href="#m13">totalPriceCalculation</a></td><td rowspan="1">1744831175264</td><td rowspan="1">36185</td></tr><tr class="passedodd"><td rowspan="9">tests.CheckoutTest</td><td><a href="#m14">checkOutFieldPresent</a></td><td rowspan="1">1744831266205</td><td rowspan="1">23344</td></tr><tr class="passedodd"><td><a href="#m15">confirmPurchaseTest</a></td><td rowspan="6">1744831435589</td><td rowspan="6">23942</td></tr><tr class="passedodd"><td><a href="#m16">confirmPurchaseTest</a></td></tr><tr class="passedodd"><td><a href="#m17">confirmPurchaseTest</a></td></tr><tr class="passedodd"><td><a href="#m18">confirmPurchaseTest</a></td></tr><tr class="passedodd"><td><a href="#m19">confirmPurchaseTest</a></td></tr><tr class="passedodd"><td><a href="#m20">confirmPurchaseTest</a></td></tr><tr class="passedodd"><td><a href="#m21">emptyFieldPurchase</a></td><td rowspan="1">1744831501395</td><td rowspan="1">47880</td></tr><tr class="passedodd"><td><a href="#m22">placeOrderModalOpens</a></td><td rowspan="1">1744831242295</td><td rowspan="1">19946</td></tr><tr class="passedeven"><td rowspan="4">tests.HomePageTest</td><td><a href="#m23">printAllHomePageTexts</a></td><td rowspan="1">1744830985021</td><td rowspan="1">7413</td></tr><tr class="passedeven"><td><a href="#m24">testHomePageElements</a></td><td rowspan="1">1744830958876</td><td rowspan="1">15981</td></tr><tr class="passedeven"><td><a href="#m25">testWelcomeTextMismatch</a></td><td rowspan="1">1744830979137</td><td rowspan="1">1164</td></tr><tr class="passedeven"><td><a href="#m26">testWelcomeUsernameDisplayed</a></td><td rowspan="1">1744830946349</td><td rowspan="1">8050</td></tr><tr class="passedodd"><td rowspan="7">tests.LoginTest</td><td><a href="#m27">testLogin</a></td><td rowspan="6">1744830893480</td><td rowspan="6">6072</td></tr><tr class="passedodd"><td><a href="#m28">testLogin</a></td></tr><tr class="passedodd"><td><a href="#m29">testLogin</a></td></tr><tr class="passedodd"><td><a href="#m30">testLogin</a></td></tr><tr class="passedodd"><td><a href="#m31">testLogin</a></td></tr><tr class="passedodd"><td><a href="#m32">testLogin</a></td></tr><tr class="passedodd"><td><a href="#m33">verifyLoginButtonVisibile</a></td><td rowspan="1">1744830865925</td><td rowspan="1">125</td></tr><tr class="passedeven"><td rowspan="6">tests.LogoutTest</td><td><a href="#m34">LogoutwithoutLogin</a></td><td rowspan="1">1744831651390</td><td rowspan="1">74</td></tr><tr class="passedeven"><td><a href="#m35">accessCartMenu</a></td><td rowspan="1">1744831620207</td><td rowspan="1">13448</td></tr><tr class="passedeven"><td><a href="#m36">logoutBtnVisible</a></td><td rowspan="1">1744831564419</td><td rowspan="1">10839</td></tr><tr class="passedeven"><td><a href="#m37">sessionclearAfterLogout</a></td><td rowspan="1">1744831639506</td><td rowspan="1">7269</td></tr><tr class="passedeven"><td><a href="#m38">testMultipleLogouts</a></td><td rowspan="1">1744831655912</td><td rowspan="1">18091</td></tr><tr class="passedeven"><td><a href="#m39">validLogout</a></td><td rowspan="1">1744831579917</td><td rowspan="1">11297</td></tr><tr class="passedodd"><td rowspan="3">tests.ProductPageTest</td><td><a href="#m40">testAddToCartAfterLogin</a></td><td rowspan="1">1744831031584</td><td rowspan="1">9001</td></tr><tr class="passedodd"><td><a href="#m41">testProductDetailsDisplayed</a></td><td rowspan="1">1744831018444</td><td rowspan="1">1392</td></tr><tr class="passedodd"><td><a href="#m42">verifyBackToHomeFunctionality</a></td><td rowspan="1">1744831044930</td><td rowspan="1">1557</td></tr><tr class="passedeven"><td rowspan="6">tests.SignUpTest</td><td><a href="#m43">testSignUppageMultipleData</a></td><td rowspan="4">1744830836810</td><td rowspan="4">1355</td></tr><tr class="passedeven"><td><a href="#m44">testSignUppageMultipleData</a></td></tr><tr class="passedeven"><td><a href="#m45">testSignUppageMultipleData</a></td></tr><tr class="passedeven"><td><a href="#m46">testSignUppageMultipleData</a></td></tr><tr class="passedeven"><td><a href="#m47">verifySignupButtonVisibility</a></td><td rowspan="1">1744830803328</td><td rowspan="1">5091</td></tr><tr class="passedeven"><td><a href="#m48">verifySignupModalOpens</a></td><td rowspan="1">1744830813500</td><td rowspan="1">5318</td></tr></tbody>
</table>
<h2>Test</h2><h3 id="m0">tests.CartTest#proceedWithoutItems</h3><table class="result"><tr><th>Exception</th></tr><tr><td><div class="stacktrace">java.lang.ClassCastException: class jdk.proxy2.$Proxy19 cannot be cast to class org.openqa.selenium.By (jdk.proxy2.$Proxy19 is in module jdk.proxy2 of loader &apos;app&apos;; org.openqa.selenium.By is in unnamed module of loader &apos;app&apos;)
	at pages.CartPage.isPlaceOrderEnabled(CartPage.java:79)
	at tests.CartTest.proceedWithoutItems(CartTest.java:183)
	at java.base/java.util.ArrayList.forEach(ArrayList.java:1511)
... Removed 27 stack frames</div></td></tr></table><p class="totop"><a href="#summary">back to summary</a></p>
<h3 id="m1">tests.CartTest#testAddToCartWithoutLogin</h3><table class="result"><tr><th>Exception</th></tr><tr><td><div class="stacktrace">java.lang.AssertionError: Expected login alert expected [true] but found [false]
	at tests.CartTest.testAddToCartWithoutLogin(CartTest.java:201)
	at java.base/java.util.ArrayList.forEach(ArrayList.java:1511)
... Removed 30 stack frames</div></td></tr></table><p class="totop"><a href="#summary">back to summary</a></p>
<h3 id="m2">tests.CheckoutTest#testCheckoutWithoutAddingItemsFails</h3><table class="result"><tr><th>Exception</th></tr><tr><td><div class="stacktrace">org.openqa.selenium.StaleElementReferenceException: stale element reference: stale element not found
  (Session info: chrome=134.0.6998.89)
For documentation on this error, please visit: https://www.selenium.dev/documentation/webdriver/troubleshooting/errors#stale-element-reference-exception
Build info: version: &apos;4.21.0&apos;, revision: &apos;79ed462ef4&apos;
System info: os.name: &apos;Windows 11&apos;, os.arch: &apos;amd64&apos;, os.version: &apos;10.0&apos;, java.version: &apos;17.0.14&apos;
Driver info: org.openqa.selenium.chrome.ChromeDriver
Command: [1b8911c3be1063baceb4bfcca8de90ef, clickElement {id=f.A8A10EE0D881FD05C5AAB65DFB277BB2.d.E159456AD008E366CB1FB404C9C231BA.e.98}]
Capabilities {acceptInsecureCerts: false, browserName: chrome, browserVersion: 134.0.6998.89, chrome: {chromedriverVersion: 134.0.6998.165 (fd886e2cb29..., userDataDir: C:\Users\madhu\AppData\Loca...}, fedcm:accounts: true, goog:chromeOptions: {debuggerAddress: localhost:60322}, networkConnectionEnabled: false, pageLoadStrategy: normal, platformName: windows, proxy: Proxy(), se:cdp: ws://localhost:60322/devtoo..., se:cdpVersion: 134.0.6998.89, setWindowRect: true, strictFileInteractability: false, timeouts: {implicit: 0, pageLoad: 300000, script: 30000}, unhandledPromptBehavior: dismiss and notify, webauthn:extension:credBlob: true, webauthn:extension:largeBlob: true, webauthn:extension:minPinLength: true, webauthn:extension:prf: true, webauthn:virtualAuthenticators: true}
Element: [[ChromeDriver: chrome on windows (1b8911c3be1063baceb4bfcca8de90ef)] -&gt; id: cartur]
Session ID: 1b8911c3be1063baceb4bfcca8de90ef
	at org.openqa.selenium.remote.ErrorCodec.decode(ErrorCodec.java:167)
	at org.openqa.selenium.remote.codec.w3c.W3CHttpResponseCodec.decode(W3CHttpResponseCodec.java:138)
	at org.openqa.selenium.remote.codec.w3c.W3CHttpResponseCodec.decode(W3CHttpResponseCodec.java:50)
	at org.openqa.selenium.remote.HttpCommandExecutor.execute(HttpCommandExecutor.java:190)
	at org.openqa.selenium.remote.service.DriverCommandExecutor.invokeExecute(DriverCommandExecutor.java:216)
	at org.openqa.selenium.remote.service.DriverCommandExecutor.execute(DriverCommandExecutor.java:174)
	at org.openqa.selenium.remote.RemoteWebDriver.execute(RemoteWebDriver.java:518)
	at org.openqa.selenium.remote.RemoteWebElement.execute(RemoteWebElement.java:223)
	at org.openqa.selenium.remote.RemoteWebElement.click(RemoteWebElement.java:76)
	at org.openqa.selenium.support.pagefactory.internal.LocatingElementHandler.invoke(LocatingElementHandler.java:51)
	at jdk.proxy2/jdk.proxy2.$Proxy19.click(Unknown Source)
	at pages.CartPage.goToCartButton(CartPage.java:54)
	at tests.CheckoutTest.testCheckoutWithoutAddingItemsFails(CheckoutTest.java:178)
	at java.base/java.util.ArrayList.forEach(ArrayList.java:1511)
... Removed 35 stack frames</div></td></tr></table><p class="totop"><a href="#summary">back to summary</a></p>
<h3 id="m3">tests.LoginTest#testLogin</h3><table class="result"><tr class="param"><th>Parameter #1</th><th>Parameter #2</th><th>Parameter #3</th></tr><tr class="param stripe"><td>MadhuVMadhuV MadhuV MadhuV MadhuV MadhuV MadhuV MadhuV MadhuV MadhuV MadhuV MadhuV MadhuV MadhuV MadhuV  </td><td>Madhu@123</td><td>User does not exist.</td></tr><tr><th colspan="3">Exception</th></tr><tr><td colspan="3"><div class="stacktrace">java.lang.AssertionError: Alert message doesn&apos;t match expected. expected [true] but found [false]
	at tests.LoginTest.testLogin(LoginTest.java:74)
	at java.base/java.util.ArrayList.forEach(ArrayList.java:1511)
... Removed 30 stack frames</div></td></tr></table><p class="totop"><a href="#summary">back to summary</a></p>
<h3 id="m4">tests.LoginTest#verifySignupModalOpens</h3><table class="result"><tr><th>Exception</th></tr><tr><td><div class="stacktrace">java.lang.AssertionError: Login modal did not open. expected [true] but found [false]
	at tests.LoginTest.verifySignupModalOpens(LoginTest.java:50)
	at java.base/java.util.ArrayList.forEach(ArrayList.java:1511)
... Removed 30 stack frames</div></td></tr></table><p class="totop"><a href="#summary">back to summary</a></p>
<h3 id="m5">tests.ProductPageTest#testAddToCartWithoutLogin</h3><table class="result"><tr><th>Exception</th></tr><tr><td><div class="stacktrace">java.lang.AssertionError: Alert for unauthenticated add to cart not shown expected [true] but found [false]
	at tests.ProductPageTest.testAddToCartWithoutLogin(ProductPageTest.java:96)
	at java.base/java.util.ArrayList.forEach(ArrayList.java:1511)
... Removed 30 stack frames</div></td></tr></table><p class="totop"><a href="#summary">back to summary</a></p>
<h3 id="m6">tests.ProductPageTest#testProductDetails</h3><table class="result"><tr><th>Exception</th></tr><tr><td><div class="stacktrace">java.lang.AssertionError: Product Description does not match expected [Product description
The Samsung Galaxy S6 is powered by 1.5GHz octa-core Samsung Exynos 7420 processor and it comes with 3GB of RAM. The phone packs 32GB of internal storage cannot be expanded.] but found [true]
	at tests.ProductPageTest.testProductDetails(ProductPageTest.java:65)
	at java.base/java.util.ArrayList.forEach(ArrayList.java:1511)
... Removed 31 stack frames</div></td></tr></table><p class="totop"><a href="#summary">back to summary</a></p>
<h3 id="m7">tests.SignUpTest#testSignUppageMultipleData</h3><table class="result"><tr class="param"><th>Parameter #1</th><th>Parameter #2</th><th>Parameter #3</th></tr><tr class="param stripe"><td>@madhu*&amp;%</td><td>Madhu@123</td><td>Special Character Invalid</td></tr><tr><th colspan="3">Exception</th></tr><tr><td colspan="3"><div class="stacktrace">java.lang.AssertionError: Signup test failed! expected [Special Character Invalid] but found [This user already exist.]
	at tests.SignUpTest.testSignUppageMultipleData(SignUpTest.java:73)
	at java.base/java.util.ArrayList.forEach(ArrayList.java:1511)
... Removed 32 stack frames</div></td></tr></table><p class="totop"><a href="#summary">back to summary</a></p>
<h3 id="m8">tests.SignUpTest#testSignUppageMultipleData</h3><table class="result"><tr class="param"><th>Parameter #1</th><th>Parameter #2</th><th>Parameter #3</th></tr><tr class="param stripe"><td>Madhu_with_very_long_Mitha _exceeding_limit</td><td>Madhu2345</td><td>Sign up successful.</td></tr><tr><th colspan="3">Exception</th></tr><tr><td colspan="3"><div class="stacktrace">java.lang.AssertionError: Signup test failed! expected [Sign up successful.] but found [This user already exist.]
	at tests.SignUpTest.testSignUppageMultipleData(SignUpTest.java:73)
	at java.base/java.util.ArrayList.forEach(ArrayList.java:1511)
... Removed 32 stack frames</div></td></tr></table><p class="totop"><a href="#summary">back to summary</a></p>
<h3 id="m9">tests.SignUpTest#testSignUppageMultipleData</h3><table class="result"><tr class="param"><th>Parameter #1</th><th>Parameter #2</th><th>Parameter #3</th></tr><tr class="param stripe"><td>Madhu Mami V</td><td>Madhu@123</td><td>Sign up successful.</td></tr><tr><th colspan="3">Exception</th></tr><tr><td colspan="3"><div class="stacktrace">java.lang.AssertionError: Signup test failed! expected [Sign up successful.] but found [This user already exist.]
	at tests.SignUpTest.testSignUppageMultipleData(SignUpTest.java:73)
	at java.base/java.util.ArrayList.forEach(ArrayList.java:1511)
... Removed 32 stack frames</div></td></tr></table><p class="totop"><a href="#summary">back to summary</a></p>
<h3 id="m10">tests.CartTest#clearCartItem</h3><table class="result"><tr><th class="invisible"/></tr></table><p class="totop"><a href="#summary">back to summary</a></p>
<h3 id="m11">tests.CartTest#removeItemFromCart</h3><table class="result"><tr><th class="invisible"/></tr></table><p class="totop"><a href="#summary">back to summary</a></p>
<h3 id="m12">tests.CartTest#testAddToCart</h3><table class="result"><tr><th class="invisible"/></tr></table><p class="totop"><a href="#summary">back to summary</a></p>
<h3 id="m13">tests.CartTest#totalPriceCalculation</h3><table class="result"><tr><th class="invisible"/></tr></table><p class="totop"><a href="#summary">back to summary</a></p>
<h3 id="m14">tests.CheckoutTest#checkOutFieldPresent</h3><table class="result"><tr><th class="invisible"/></tr></table><p class="totop"><a href="#summary">back to summary</a></p>
<h3 id="m15">tests.CheckoutTest#confirmPurchaseTest</h3><table class="result"><tr class="param"><th>Parameter #1</th><th>Parameter #2</th><th>Parameter #3</th><th>Parameter #4</th><th>Parameter #5</th><th>Parameter #6</th><th>Parameter #7</th></tr><tr class="param stripe"><td>Madhu Mitha</td><td>India</td><td>Chennai</td><td>abcd123</td><td>4</td><td>2025</td><td>success</td></tr></table><p class="totop"><a href="#summary">back to summary</a></p>
<h3 id="m16">tests.CheckoutTest#confirmPurchaseTest</h3><table class="result"><tr class="param"><th>Parameter #1</th><th>Parameter #2</th><th>Parameter #3</th><th>Parameter #4</th><th>Parameter #5</th><th>Parameter #6</th><th>Parameter #7</th></tr><tr class="param stripe"><td>Madhu</td><td>USA</td><td>Boston</td><td>6118111191111110</td><td>12</td><td>2025</td><td>success</td></tr></table><p class="totop"><a href="#summary">back to summary</a></p>
<h3 id="m17">tests.CheckoutTest#confirmPurchaseTest</h3><table class="result"><tr class="param"><th>Parameter #1</th><th>Parameter #2</th><th>Parameter #3</th><th>Parameter #4</th><th>Parameter #5</th><th>Parameter #6</th><th>Parameter #7</th></tr><tr class="param stripe"><td>Mokthika</td><td>India</td><td></td><td>123456789012</td><td></td><td></td><td>success</td></tr></table><p class="totop"><a href="#summary">back to summary</a></p>
<h3 id="m18">tests.CheckoutTest#confirmPurchaseTest</h3><table class="result"><tr class="param"><th>Parameter #1</th><th>Parameter #2</th><th>Parameter #3</th><th>Parameter #4</th><th>Parameter #5</th><th>Parameter #6</th><th>Parameter #7</th></tr><tr class="param stripe"><td>Mitha</td><td>UK</td><td>London</td><td>5500000000000000</td><td>8</td><td>2023</td><td>success</td></tr></table><p class="totop"><a href="#summary">back to summary</a></p>
<h3 id="m19">tests.CheckoutTest#confirmPurchaseTest</h3><table class="result"><tr class="param"><th>Parameter #1</th><th>Parameter #2</th><th>Parameter #3</th><th>Parameter #4</th><th>Parameter #5</th><th>Parameter #6</th><th>Parameter #7</th></tr><tr class="param stripe"><td></td><td>India</td><td>Chennai</td><td>1234570000000000</td><td>4</td><td>2025</td><td>Please fill out Name and Creditcard.</td></tr></table><p class="totop"><a href="#summary">back to summary</a></p>
<h3 id="m20">tests.CheckoutTest#confirmPurchaseTest</h3><table class="result"><tr class="param"><th>Parameter #1</th><th>Parameter #2</th><th>Parameter #3</th><th>Parameter #4</th><th>Parameter #5</th><th>Parameter #6</th><th>Parameter #7</th></tr><tr class="param stripe"><td></td><td></td><td></td><td></td><td></td><td></td><td>Please fill out Name and Creditcard.</td></tr></table><p class="totop"><a href="#summary">back to summary</a></p>
<h3 id="m21">tests.CheckoutTest#emptyFieldPurchase</h3><table class="result"><tr><th class="invisible"/></tr></table><p class="totop"><a href="#summary">back to summary</a></p>
<h3 id="m22">tests.CheckoutTest#placeOrderModalOpens</h3><table class="result"><tr><th class="invisible"/></tr></table><p class="totop"><a href="#summary">back to summary</a></p>
<h3 id="m23">tests.HomePageTest#printAllHomePageTexts</h3><table class="result"><tr><th class="invisible"/></tr></table><p class="totop"><a href="#summary">back to summary</a></p>
<h3 id="m24">tests.HomePageTest#testHomePageElements</h3><table class="result"><tr><th class="invisible"/></tr></table><p class="totop"><a href="#summary">back to summary</a></p>
<h3 id="m25">tests.HomePageTest#testWelcomeTextMismatch</h3><table class="result"><tr><th class="invisible"/></tr></table><p class="totop"><a href="#summary">back to summary</a></p>
<h3 id="m26">tests.HomePageTest#testWelcomeUsernameDisplayed</h3><table class="result"><tr><th class="invisible"/></tr></table><p class="totop"><a href="#summary">back to summary</a></p>
<h3 id="m27">tests.LoginTest#testLogin</h3><table class="result"><tr class="param"><th>Parameter #1</th><th>Parameter #2</th><th>Parameter #3</th></tr><tr class="param stripe"><td></td><td>Madhu@123</td><td>Please fill out Username and Password.</td></tr></table><p class="totop"><a href="#summary">back to summary</a></p>
<h3 id="m28">tests.LoginTest#testLogin</h3><table class="result"><tr class="param"><th>Parameter #1</th><th>Parameter #2</th><th>Parameter #3</th></tr><tr class="param stripe"><td>MadhuV</td><td>wrongPass</td><td>Wrong password.</td></tr></table><p class="totop"><a href="#summary">back to summary</a></p>
<h3 id="m29">tests.LoginTest#testLogin</h3><table class="result"><tr class="param"><th>Parameter #1</th><th>Parameter #2</th><th>Parameter #3</th></tr><tr class="param stripe"><td>MadhuV</td><td>Madhu@123</td><td>success</td></tr></table><p class="totop"><a href="#summary">back to summary</a></p>
<h3 id="m30">tests.LoginTest#testLogin</h3><table class="result"><tr class="param"><th>Parameter #1</th><th>Parameter #2</th><th>Parameter #3</th></tr><tr class="param stripe"><td></td><td></td><td>Please fill out Username and Password.</td></tr></table><p class="totop"><a href="#summary">back to summary</a></p>
<h3 id="m31">tests.LoginTest#testLogin</h3><table class="result"><tr class="param"><th>Parameter #1</th><th>Parameter #2</th><th>Parameter #3</th></tr><tr class="param stripe"><td>invaliMadhu</td><td>Madhu@123</td><td>User does not exist.</td></tr></table><p class="totop"><a href="#summary">back to summary</a></p>
<h3 id="m32">tests.LoginTest#testLogin</h3><table class="result"><tr class="param"><th>Parameter #1</th><th>Parameter #2</th><th>Parameter #3</th></tr><tr class="param stripe"><td>&apos; OR &apos;1&apos;=&apos;1</td><td>&apos; OR &apos;1&apos;=&apos;1</td><td>Wrong password.</td></tr></table><p class="totop"><a href="#summary">back to summary</a></p>
<h3 id="m33">tests.LoginTest#verifyLoginButtonVisibile</h3><table class="result"><tr><th class="invisible"/></tr></table><p class="totop"><a href="#summary">back to summary</a></p>
<h3 id="m34">tests.LogoutTest#LogoutwithoutLogin</h3><table class="result"><tr><th class="invisible"/></tr></table><p class="totop"><a href="#summary">back to summary</a></p>
<h3 id="m35">tests.LogoutTest#accessCartMenu</h3><table class="result"><tr><th class="invisible"/></tr></table><p class="totop"><a href="#summary">back to summary</a></p>
<h3 id="m36">tests.LogoutTest#logoutBtnVisible</h3><table class="result"><tr><th class="invisible"/></tr></table><p class="totop"><a href="#summary">back to summary</a></p>
<h3 id="m37">tests.LogoutTest#sessionclearAfterLogout</h3><table class="result"><tr><th class="invisible"/></tr></table><p class="totop"><a href="#summary">back to summary</a></p>
<h3 id="m38">tests.LogoutTest#testMultipleLogouts</h3><table class="result"><tr><th class="invisible"/></tr></table><p class="totop"><a href="#summary">back to summary</a></p>
<h3 id="m39">tests.LogoutTest#validLogout</h3><table class="result"><tr><th class="invisible"/></tr></table><p class="totop"><a href="#summary">back to summary</a></p>
<h3 id="m40">tests.ProductPageTest#testAddToCartAfterLogin</h3><table class="result"><tr><th class="invisible"/></tr></table><p class="totop"><a href="#summary">back to summary</a></p>
<h3 id="m41">tests.ProductPageTest#testProductDetailsDisplayed</h3><table class="result"><tr><th class="invisible"/></tr></table><p class="totop"><a href="#summary">back to summary</a></p>
<h3 id="m42">tests.ProductPageTest#verifyBackToHomeFunctionality</h3><table class="result"><tr><th class="invisible"/></tr></table><p class="totop"><a href="#summary">back to summary</a></p>
<h3 id="m43">tests.SignUpTest#testSignUppageMultipleData</h3><table class="result"><tr class="param"><th>Parameter #1</th><th>Parameter #2</th><th>Parameter #3</th></tr><tr class="param stripe"><td></td><td></td><td>Please fill out Username and Password.</td></tr></table><p class="totop"><a href="#summary">back to summary</a></p>
<h3 id="m44">tests.SignUpTest#testSignUppageMultipleData</h3><table class="result"><tr class="param"><th>Parameter #1</th><th>Parameter #2</th><th>Parameter #3</th></tr><tr class="param stripe"><td>Madhumitha</td><td>Madhu@1234</td><td>This user already exist.</td></tr></table><p class="totop"><a href="#summary">back to summary</a></p>
<h3 id="m45">tests.SignUpTest#testSignUppageMultipleData</h3><table class="result"><tr class="param"><th>Parameter #1</th><th>Parameter #2</th><th>Parameter #3</th></tr><tr class="param stripe"><td></td><td>Pass#234</td><td>Please fill out Username and Password.</td></tr></table><p class="totop"><a href="#summary">back to summary</a></p>
<h3 id="m46">tests.SignUpTest#testSignUppageMultipleData</h3><table class="result"><tr class="param"><th>Parameter #1</th><th>Parameter #2</th><th>Parameter #3</th></tr><tr class="param stripe"><td>Madhu</td><td></td><td>Please fill out Username and Password.</td></tr></table><p class="totop"><a href="#summary">back to summary</a></p>
<h3 id="m47">tests.SignUpTest#verifySignupButtonVisibility</h3><table class="result"><tr><th class="invisible"/></tr></table><p class="totop"><a href="#summary">back to summary</a></p>
<h3 id="m48">tests.SignUpTest#verifySignupModalOpens</h3><table class="result"><tr><th class="invisible"/></tr></table><p class="totop"><a href="#summary">back to summary</a></p>
</body>
</html>
