<?xml version="1.0" encoding="UTF-8"?>
<testng-results ignored="0" total="49" passed="39" failed="10" skipped="0">
  <reporter-output>
  </reporter-output>
  <suite started-at="2025-04-17T00:43:17 IST" name="Mini-Project 1" finished-at="2025-04-17T00:57:54 IST" duration-ms="877698">
    <groups>
    </groups>
    <test started-at="2025-04-17T00:43:17 IST" name="Test" finished-at="2025-04-17T00:57:54 IST" duration-ms="877698">
      <class name="tests.LoginTest">
        <test-method is-config="true" signature="setup()[pri:0, instance:tests.LoginTest@6f53b8a]" started-at="2025-04-17T00:43:17 IST" name="setup" finished-at="2025-04-17T00:43:17 IST" duration-ms="1" status="PASS">
          <reporter-output>
          </reporter-output>
        </test-method> <!-- setup -->
        <test-method is-config="true" signature="testDetails()[pri:0, instance:tests.LoginTest@6f53b8a]" started-at="2025-04-17T00:44:22 IST" name="testDetails" finished-at="2025-04-17T00:44:22 IST" duration-ms="1" status="PASS">
          <reporter-output>
          </reporter-output>
        </test-method> <!-- testDetails -->
        <test-method is-config="true" signature="launchingBrowserandLoadingURL(java.lang.String)[pri:0, instance:tests.LoginTest@6f53b8a]" started-at="2025-04-17T00:44:22 IST" name="launchingBrowserandLoadingURL" finished-at="2025-04-17T00:44:25 IST" duration-ms="3260" status="PASS">
          <params>
            <param index="0">
              <value>
                <![CDATA[chrome]]>
              </value>
            </param>
          </params>
          <reporter-output>
          </reporter-output>
        </test-method> <!-- launchingBrowserandLoadingURL -->
        <test-method signature="verifyLoginButtonVisibile()[pri:1, instance:tests.LoginTest@6f53b8a]" started-at="2025-04-17T00:44:25 IST" name="verifyLoginButtonVisibile" finished-at="2025-04-17T00:44:26 IST" duration-ms="125" status="PASS">
          <reporter-output>
          </reporter-output>
        </test-method> <!-- verifyLoginButtonVisibile -->
        <test-method is-config="true" signature="browserquit()[pri:0, instance:tests.LoginTest@6f53b8a]" started-at="2025-04-17T00:44:26 IST" name="browserquit" finished-at="2025-04-17T00:44:26 IST" duration-ms="380" status="PASS">
          <reporter-output>
          </reporter-output>
        </test-method> <!-- browserquit -->
        <test-method is-config="true" signature="launchingBrowserandLoadingURL(java.lang.String)[pri:0, instance:tests.LoginTest@6f53b8a]" started-at="2025-04-17T00:44:26 IST" name="launchingBrowserandLoadingURL" finished-at="2025-04-17T00:44:30 IST" duration-ms="3869" status="PASS">
          <params>
            <param index="0">
              <value>
                <![CDATA[chrome]]>
              </value>
            </param>
          </params>
          <reporter-output>
          </reporter-output>
        </test-method> <!-- launchingBrowserandLoadingURL -->
        <test-method signature="verifySignupModalOpens()[pri:2, instance:tests.LoginTest@6f53b8a]" started-at="2025-04-17T00:44:30 IST" name="verifySignupModalOpens" finished-at="2025-04-17T00:44:30 IST" duration-ms="285" status="FAIL">
          <exception class="java.lang.AssertionError">
            <message>
              <![CDATA[Login modal did not open. expected [true] but found [false]]]>
            </message>
            <full-stacktrace>
              <![CDATA[java.lang.AssertionError: Login modal did not open. expected [true] but found [false]
at org.testng.Assert.fail(Assert.java:111)
at org.testng.Assert.failNotEquals(Assert.java:1578)
at org.testng.Assert.assertTrue(Assert.java:57)
at tests.LoginTest.verifySignupModalOpens(LoginTest.java:50)
at java.base/jdk.internal.reflect.NativeMethodAccessorImpl.invoke0(Native Method)
at java.base/jdk.internal.reflect.NativeMethodAccessorImpl.invoke(NativeMethodAccessorImpl.java:77)
at java.base/jdk.internal.reflect.DelegatingMethodAccessorImpl.invoke(DelegatingMethodAccessorImpl.java:43)
at java.base/java.lang.reflect.Method.invoke(Method.java:569)
at org.testng.internal.invokers.MethodInvocationHelper.invokeMethod(MethodInvocationHelper.java:139)
at org.testng.internal.invokers.TestInvoker.invokeMethod(TestInvoker.java:664)
at org.testng.internal.invokers.TestInvoker.invokeTestMethod(TestInvoker.java:228)
at org.testng.internal.invokers.MethodRunner.runInSequence(MethodRunner.java:63)
at org.testng.internal.invokers.TestInvoker$MethodInvocationAgent.invoke(TestInvoker.java:961)
at org.testng.internal.invokers.TestInvoker.invokeTestMethods(TestInvoker.java:201)
at org.testng.internal.invokers.TestMethodWorker.invokeTestMethods(TestMethodWorker.java:148)
at org.testng.internal.invokers.TestMethodWorker.run(TestMethodWorker.java:128)
at java.base/java.util.ArrayList.forEach(ArrayList.java:1511)
at org.testng.TestRunner.privateRun(TestRunner.java:819)
at org.testng.TestRunner.run(TestRunner.java:619)
at org.testng.SuiteRunner.runTest(SuiteRunner.java:443)
at org.testng.SuiteRunner.runSequentially(SuiteRunner.java:437)
at org.testng.SuiteRunner.privateRun(SuiteRunner.java:397)
at org.testng.SuiteRunner.run(SuiteRunner.java:336)
at org.testng.SuiteRunnerWorker.runSuite(SuiteRunnerWorker.java:52)
at org.testng.SuiteRunnerWorker.run(SuiteRunnerWorker.java:95)
at org.testng.TestNG.runSuitesSequentially(TestNG.java:1301)
at org.testng.TestNG.runSuitesLocally(TestNG.java:1228)
at org.testng.TestNG.runSuites(TestNG.java:1134)
at org.testng.TestNG.run(TestNG.java:1101)
at org.testng.remote.AbstractRemoteTestNG.run(AbstractRemoteTestNG.java:115)
at org.testng.remote.RemoteTestNG.initAndRun(RemoteTestNG.java:293)
at org.testng.remote.RemoteTestNG.main(RemoteTestNG.java:91)
]]>
            </full-stacktrace>
          </exception> <!-- java.lang.AssertionError -->
          <reporter-output>
          </reporter-output>
        </test-method> <!-- verifySignupModalOpens -->
        <test-method is-config="true" signature="browserquit()[pri:0, instance:tests.LoginTest@6f53b8a]" started-at="2025-04-17T00:44:31 IST" name="browserquit" finished-at="2025-04-17T00:44:32 IST" duration-ms="502" status="PASS">
          <reporter-output>
          </reporter-output>
        </test-method> <!-- browserquit -->
        <test-method is-config="true" signature="launchingBrowserandLoadingURL(java.lang.String)[pri:0, instance:tests.LoginTest@6f53b8a]" started-at="2025-04-17T00:44:32 IST" name="launchingBrowserandLoadingURL" finished-at="2025-04-17T00:44:35 IST" duration-ms="3417" status="PASS">
          <params>
            <param index="0">
              <value>
                <![CDATA[chrome]]>
              </value>
            </param>
          </params>
          <reporter-output>
          </reporter-output>
        </test-method> <!-- launchingBrowserandLoadingURL -->
        <test-method signature="testLogin(java.lang.String,java.lang.String,java.lang.String)[pri:3, instance:tests.LoginTest@6f53b8a]" started-at="2025-04-17T00:44:35 IST" name="testLogin" data-provider="loginData" finished-at="2025-04-17T00:44:38 IST" duration-ms="2708" status="PASS">
          <params>
            <param index="0">
              <value>
                <![CDATA[MadhuV]]>
              </value>
            </param>
            <param index="1">
              <value>
                <![CDATA[Madhu@123]]>
              </value>
            </param>
            <param index="2">
              <value>
                <![CDATA[success]]>
              </value>
            </param>
          </params>
          <reporter-output>
          </reporter-output>
        </test-method> <!-- testLogin -->
        <test-method is-config="true" signature="browserquit()[pri:0, instance:tests.LoginTest@6f53b8a]" started-at="2025-04-17T00:44:38 IST" name="browserquit" finished-at="2025-04-17T00:44:39 IST" duration-ms="372" status="PASS">
          <reporter-output>
          </reporter-output>
        </test-method> <!-- browserquit -->
        <test-method is-config="true" signature="launchingBrowserandLoadingURL(java.lang.String)[pri:0, instance:tests.LoginTest@6f53b8a]" started-at="2025-04-17T00:44:39 IST" name="launchingBrowserandLoadingURL" finished-at="2025-04-17T00:44:42 IST" duration-ms="3206" status="PASS">
          <params>
            <param index="0">
              <value>
                <![CDATA[chrome]]>
              </value>
            </param>
          </params>
          <reporter-output>
          </reporter-output>
        </test-method> <!-- launchingBrowserandLoadingURL -->
        <test-method signature="testLogin(java.lang.String,java.lang.String,java.lang.String)[pri:3, instance:tests.LoginTest@6f53b8a]" started-at="2025-04-17T00:44:42 IST" name="testLogin" data-provider="loginData" finished-at="2025-04-17T00:44:49 IST" duration-ms="7155" status="PASS">
          <params>
            <param index="0">
              <value>
                <![CDATA[invaliMadhu]]>
              </value>
            </param>
            <param index="1">
              <value>
                <![CDATA[Madhu@123]]>
              </value>
            </param>
            <param index="2">
              <value>
                <![CDATA[User does not exist.]]>
              </value>
            </param>
          </params>
          <reporter-output>
          </reporter-output>
        </test-method> <!-- testLogin -->
        <test-method is-config="true" signature="browserquit()[pri:0, instance:tests.LoginTest@6f53b8a]" started-at="2025-04-17T00:44:49 IST" name="browserquit" finished-at="2025-04-17T00:44:49 IST" duration-ms="330" status="PASS">
          <reporter-output>
          </reporter-output>
        </test-method> <!-- browserquit -->
        <test-method is-config="true" signature="launchingBrowserandLoadingURL(java.lang.String)[pri:0, instance:tests.LoginTest@6f53b8a]" started-at="2025-04-17T00:44:49 IST" name="launchingBrowserandLoadingURL" finished-at="2025-04-17T00:44:53 IST" duration-ms="3569" status="PASS">
          <params>
            <param index="0">
              <value>
                <![CDATA[chrome]]>
              </value>
            </param>
          </params>
          <reporter-output>
          </reporter-output>
        </test-method> <!-- launchingBrowserandLoadingURL -->
        <test-method signature="testLogin(java.lang.String,java.lang.String,java.lang.String)[pri:3, instance:tests.LoginTest@6f53b8a]" started-at="2025-04-17T00:44:53 IST" name="testLogin" data-provider="loginData" finished-at="2025-04-17T00:44:59 IST" duration-ms="6072" status="PASS">
          <params>
            <param index="0">
              <value>
                <![CDATA[]]>
              </value>
            </param>
            <param index="1">
              <value>
                <![CDATA[Madhu@123]]>
              </value>
            </param>
            <param index="2">
              <value>
                <![CDATA[Please fill out Username and Password.]]>
              </value>
            </param>
          </params>
          <reporter-output>
          </reporter-output>
        </test-method> <!-- testLogin -->
        <test-method is-config="true" signature="browserquit()[pri:0, instance:tests.LoginTest@6f53b8a]" started-at="2025-04-17T00:44:59 IST" name="browserquit" finished-at="2025-04-17T00:45:00 IST" duration-ms="385" status="PASS">
          <reporter-output>
          </reporter-output>
        </test-method> <!-- browserquit -->
        <test-method is-config="true" signature="launchingBrowserandLoadingURL(java.lang.String)[pri:0, instance:tests.LoginTest@6f53b8a]" started-at="2025-04-17T00:45:00 IST" name="launchingBrowserandLoadingURL" finished-at="2025-04-17T00:45:03 IST" duration-ms="3673" status="PASS">
          <params>
            <param index="0">
              <value>
                <![CDATA[chrome]]>
              </value>
            </param>
          </params>
          <reporter-output>
          </reporter-output>
        </test-method> <!-- launchingBrowserandLoadingURL -->
        <test-method signature="testLogin(java.lang.String,java.lang.String,java.lang.String)[pri:3, instance:tests.LoginTest@6f53b8a]" started-at="2025-04-17T00:45:03 IST" name="testLogin" data-provider="loginData" finished-at="2025-04-17T00:45:09 IST" duration-ms="6155" status="PASS">
          <params>
            <param index="0">
              <value>
                <![CDATA[]]>
              </value>
            </param>
            <param index="1">
              <value>
                <![CDATA[]]>
              </value>
            </param>
            <param index="2">
              <value>
                <![CDATA[Please fill out Username and Password.]]>
              </value>
            </param>
          </params>
          <reporter-output>
          </reporter-output>
        </test-method> <!-- testLogin -->
        <test-method is-config="true" signature="browserquit()[pri:0, instance:tests.LoginTest@6f53b8a]" started-at="2025-04-17T00:45:10 IST" name="browserquit" finished-at="2025-04-17T00:45:10 IST" duration-ms="379" status="PASS">
          <reporter-output>
          </reporter-output>
        </test-method> <!-- browserquit -->
        <test-method is-config="true" signature="launchingBrowserandLoadingURL(java.lang.String)[pri:0, instance:tests.LoginTest@6f53b8a]" started-at="2025-04-17T00:45:10 IST" name="launchingBrowserandLoadingURL" finished-at="2025-04-17T00:45:14 IST" duration-ms="3672" status="PASS">
          <params>
            <param index="0">
              <value>
                <![CDATA[chrome]]>
              </value>
            </param>
          </params>
          <reporter-output>
          </reporter-output>
        </test-method> <!-- launchingBrowserandLoadingURL -->
        <test-method signature="testLogin(java.lang.String,java.lang.String,java.lang.String)[pri:3, instance:tests.LoginTest@6f53b8a]" started-at="2025-04-17T00:45:14 IST" name="testLogin" data-provider="loginData" finished-at="2025-04-17T00:45:20 IST" duration-ms="6563" status="PASS">
          <params>
            <param index="0">
              <value>
                <![CDATA[MadhuV]]>
              </value>
            </param>
            <param index="1">
              <value>
                <![CDATA[wrongPass]]>
              </value>
            </param>
            <param index="2">
              <value>
                <![CDATA[Wrong password.]]>
              </value>
            </param>
          </params>
          <reporter-output>
          </reporter-output>
        </test-method> <!-- testLogin -->
        <test-method is-config="true" signature="browserquit()[pri:0, instance:tests.LoginTest@6f53b8a]" started-at="2025-04-17T00:45:21 IST" name="browserquit" finished-at="2025-04-17T00:45:21 IST" duration-ms="321" status="PASS">
          <reporter-output>
          </reporter-output>
        </test-method> <!-- browserquit -->
        <test-method is-config="true" signature="launchingBrowserandLoadingURL(java.lang.String)[pri:0, instance:tests.LoginTest@6f53b8a]" started-at="2025-04-17T00:45:21 IST" name="launchingBrowserandLoadingURL" finished-at="2025-04-17T00:45:24 IST" duration-ms="3581" status="PASS">
          <params>
            <param index="0">
              <value>
                <![CDATA[chrome]]>
              </value>
            </param>
          </params>
          <reporter-output>
          </reporter-output>
        </test-method> <!-- launchingBrowserandLoadingURL -->
        <test-method signature="testLogin(java.lang.String,java.lang.String,java.lang.String)[pri:3, instance:tests.LoginTest@6f53b8a]" started-at="2025-04-17T00:45:24 IST" name="testLogin" data-provider="loginData" finished-at="2025-04-17T00:45:31 IST" duration-ms="6623" status="PASS">
          <params>
            <param index="0">
              <value>
                <![CDATA[' OR '1'='1]]>
              </value>
            </param>
            <param index="1">
              <value>
                <![CDATA[' OR '1'='1]]>
              </value>
            </param>
            <param index="2">
              <value>
                <![CDATA[Wrong password.]]>
              </value>
            </param>
          </params>
          <reporter-output>
          </reporter-output>
        </test-method> <!-- testLogin -->
        <test-method is-config="true" signature="browserquit()[pri:0, instance:tests.LoginTest@6f53b8a]" started-at="2025-04-17T00:45:31 IST" name="browserquit" finished-at="2025-04-17T00:45:32 IST" duration-ms="345" status="PASS">
          <reporter-output>
          </reporter-output>
        </test-method> <!-- browserquit -->
        <test-method is-config="true" signature="launchingBrowserandLoadingURL(java.lang.String)[pri:0, instance:tests.LoginTest@6f53b8a]" started-at="2025-04-17T00:45:32 IST" name="launchingBrowserandLoadingURL" finished-at="2025-04-17T00:45:35 IST" duration-ms="3394" status="PASS">
          <params>
            <param index="0">
              <value>
                <![CDATA[chrome]]>
              </value>
            </param>
          </params>
          <reporter-output>
          </reporter-output>
        </test-method> <!-- launchingBrowserandLoadingURL -->
        <test-method signature="testLogin(java.lang.String,java.lang.String,java.lang.String)[pri:3, instance:tests.LoginTest@6f53b8a]" started-at="2025-04-17T00:45:35 IST" name="testLogin" data-provider="loginData" finished-at="2025-04-17T00:45:42 IST" duration-ms="6807" status="FAIL">
          <params>
            <param index="0">
              <value>
                <![CDATA[MadhuVMadhuV MadhuV MadhuV MadhuV MadhuV MadhuV MadhuV MadhuV MadhuV MadhuV MadhuV MadhuV MadhuV MadhuV  ]]>
              </value>
            </param>
            <param index="1">
              <value>
                <![CDATA[Madhu@123]]>
              </value>
            </param>
            <param index="2">
              <value>
                <![CDATA[User does not exist.]]>
              </value>
            </param>
          </params>
          <exception class="java.lang.AssertionError">
            <message>
              <![CDATA[Alert message doesn't match expected. expected [true] but found [false]]]>
            </message>
            <full-stacktrace>
              <![CDATA[java.lang.AssertionError: Alert message doesn't match expected. expected [true] but found [false]
at org.testng.Assert.fail(Assert.java:111)
at org.testng.Assert.failNotEquals(Assert.java:1578)
at org.testng.Assert.assertTrue(Assert.java:57)
at tests.LoginTest.testLogin(LoginTest.java:74)
at java.base/jdk.internal.reflect.NativeMethodAccessorImpl.invoke0(Native Method)
at java.base/jdk.internal.reflect.NativeMethodAccessorImpl.invoke(NativeMethodAccessorImpl.java:77)
at java.base/jdk.internal.reflect.DelegatingMethodAccessorImpl.invoke(DelegatingMethodAccessorImpl.java:43)
at java.base/java.lang.reflect.Method.invoke(Method.java:569)
at org.testng.internal.invokers.MethodInvocationHelper.invokeMethod(MethodInvocationHelper.java:139)
at org.testng.internal.invokers.TestInvoker.invokeMethod(TestInvoker.java:664)
at org.testng.internal.invokers.TestInvoker.invokeTestMethod(TestInvoker.java:228)
at org.testng.internal.invokers.MethodRunner.runInSequence(MethodRunner.java:63)
at org.testng.internal.invokers.TestInvoker$MethodInvocationAgent.invoke(TestInvoker.java:961)
at org.testng.internal.invokers.TestInvoker.invokeTestMethods(TestInvoker.java:201)
at org.testng.internal.invokers.TestMethodWorker.invokeTestMethods(TestMethodWorker.java:148)
at org.testng.internal.invokers.TestMethodWorker.run(TestMethodWorker.java:128)
at java.base/java.util.ArrayList.forEach(ArrayList.java:1511)
at org.testng.TestRunner.privateRun(TestRunner.java:819)
at org.testng.TestRunner.run(TestRunner.java:619)
at org.testng.SuiteRunner.runTest(SuiteRunner.java:443)
at org.testng.SuiteRunner.runSequentially(SuiteRunner.java:437)
at org.testng.SuiteRunner.privateRun(SuiteRunner.java:397)
at org.testng.SuiteRunner.run(SuiteRunner.java:336)
at org.testng.SuiteRunnerWorker.runSuite(SuiteRunnerWorker.java:52)
at org.testng.SuiteRunnerWorker.run(SuiteRunnerWorker.java:95)
at org.testng.TestNG.runSuitesSequentially(TestNG.java:1301)
at org.testng.TestNG.runSuitesLocally(TestNG.java:1228)
at org.testng.TestNG.runSuites(TestNG.java:1134)
at org.testng.TestNG.run(TestNG.java:1101)
at org.testng.remote.AbstractRemoteTestNG.run(AbstractRemoteTestNG.java:115)
at org.testng.remote.RemoteTestNG.initAndRun(RemoteTestNG.java:293)
at org.testng.remote.RemoteTestNG.main(RemoteTestNG.java:91)
]]>
            </full-stacktrace>
          </exception> <!-- java.lang.AssertionError -->
          <reporter-output>
          </reporter-output>
        </test-method> <!-- testLogin -->
        <test-method is-config="true" signature="browserquit()[pri:0, instance:tests.LoginTest@6f53b8a]" started-at="2025-04-17T00:45:42 IST" name="browserquit" finished-at="2025-04-17T00:45:43 IST" duration-ms="402" status="PASS">
          <reporter-output>
          </reporter-output>
        </test-method> <!-- browserquit -->
      </class> <!-- tests.LoginTest -->
      <class name="tests.SignUpTest">
        <test-method is-config="true" signature="setupReport()[pri:0, instance:tests.SignUpTest@70cf32e3]" started-at="2025-04-17T00:43:16 IST" name="setupReport" finished-at="2025-04-17T00:43:17 IST" duration-ms="739" status="PASS">
          <reporter-output>
          </reporter-output>
        </test-method> <!-- setupReport -->
        <test-method is-config="true" signature="setup()[pri:0, instance:tests.SignUpTest@70cf32e3]" started-at="2025-04-17T00:43:17 IST" name="setup" finished-at="2025-04-17T00:43:17 IST" duration-ms="1" status="PASS">
          <reporter-output>
          </reporter-output>
        </test-method> <!-- setup -->
        <test-method is-config="true" signature="testDetails()[pri:0, instance:tests.SignUpTest@70cf32e3]" started-at="2025-04-17T00:43:17 IST" name="testDetails" finished-at="2025-04-17T00:43:17 IST" duration-ms="32" status="PASS">
          <reporter-output>
          </reporter-output>
        </test-method> <!-- testDetails -->
        <test-method is-config="true" signature="launchingBrowserandLoadingURL(java.lang.String)[pri:0, instance:tests.SignUpTest@70cf32e3]" started-at="2025-04-17T00:43:17 IST" name="launchingBrowserandLoadingURL" finished-at="2025-04-17T00:43:23 IST" duration-ms="6148" status="PASS">
          <params>
            <param index="0">
              <value>
                <![CDATA[chrome]]>
              </value>
            </param>
          </params>
          <reporter-output>
          </reporter-output>
        </test-method> <!-- launchingBrowserandLoadingURL -->
        <test-method signature="verifySignupButtonVisibility()[pri:1, instance:tests.SignUpTest@70cf32e3]" started-at="2025-04-17T00:43:23 IST" name="verifySignupButtonVisibility" finished-at="2025-04-17T00:43:28 IST" duration-ms="5091" status="PASS">
          <reporter-output>
          </reporter-output>
        </test-method> <!-- verifySignupButtonVisibility -->
        <test-method is-config="true" signature="browserquit()[pri:0, instance:tests.SignUpTest@70cf32e3]" started-at="2025-04-17T00:43:28 IST" name="browserquit" finished-at="2025-04-17T00:43:29 IST" duration-ms="693" status="PASS">
          <reporter-output>
          </reporter-output>
        </test-method> <!-- browserquit -->
        <test-method is-config="true" signature="launchingBrowserandLoadingURL(java.lang.String)[pri:0, instance:tests.SignUpTest@70cf32e3]" started-at="2025-04-17T00:43:29 IST" name="launchingBrowserandLoadingURL" finished-at="2025-04-17T00:43:33 IST" duration-ms="3986" status="PASS">
          <params>
            <param index="0">
              <value>
                <![CDATA[chrome]]>
              </value>
            </param>
          </params>
          <reporter-output>
          </reporter-output>
        </test-method> <!-- launchingBrowserandLoadingURL -->
        <test-method signature="verifySignupModalOpens()[pri:2, instance:tests.SignUpTest@70cf32e3]" started-at="2025-04-17T00:43:33 IST" name="verifySignupModalOpens" finished-at="2025-04-17T00:43:38 IST" duration-ms="5318" status="PASS">
          <reporter-output>
          </reporter-output>
        </test-method> <!-- verifySignupModalOpens -->
        <test-method is-config="true" signature="browserquit()[pri:0, instance:tests.SignUpTest@70cf32e3]" started-at="2025-04-17T00:43:39 IST" name="browserquit" finished-at="2025-04-17T00:43:39 IST" duration-ms="398" status="PASS">
          <reporter-output>
          </reporter-output>
        </test-method> <!-- browserquit -->
        <test-method is-config="true" signature="launchingBrowserandLoadingURL(java.lang.String)[pri:0, instance:tests.SignUpTest@70cf32e3]" started-at="2025-04-17T00:43:41 IST" name="launchingBrowserandLoadingURL" finished-at="2025-04-17T00:43:45 IST" duration-ms="3389" status="PASS">
          <params>
            <param index="0">
              <value>
                <![CDATA[chrome]]>
              </value>
            </param>
          </params>
          <reporter-output>
          </reporter-output>
        </test-method> <!-- launchingBrowserandLoadingURL -->
        <test-method signature="testSignUppageMultipleData(java.lang.String,java.lang.String,java.lang.String)[pri:3, instance:tests.SignUpTest@70cf32e3]" started-at="2025-04-17T00:43:45 IST" name="testSignUppageMultipleData" data-provider="signupData" finished-at="2025-04-17T00:43:46 IST" duration-ms="1601" status="FAIL">
          <params>
            <param index="0">
              <value>
                <![CDATA[Madhu Mami V]]>
              </value>
            </param>
            <param index="1">
              <value>
                <![CDATA[Madhu@123]]>
              </value>
            </param>
            <param index="2">
              <value>
                <![CDATA[Sign up successful.]]>
              </value>
            </param>
          </params>
          <exception class="java.lang.AssertionError">
            <message>
              <![CDATA[Signup test failed! expected [Sign up successful.] but found [This user already exist.]]]>
            </message>
            <full-stacktrace>
              <![CDATA[java.lang.AssertionError: Signup test failed! expected [Sign up successful.] but found [This user already exist.]
at org.testng.Assert.fail(Assert.java:111)
at org.testng.Assert.failNotEquals(Assert.java:1578)
at org.testng.Assert.assertEqualsImpl(Assert.java:150)
at org.testng.Assert.assertEquals(Assert.java:132)
at org.testng.Assert.assertEquals(Assert.java:656)
at tests.SignUpTest.testSignUppageMultipleData(SignUpTest.java:73)
at java.base/jdk.internal.reflect.NativeMethodAccessorImpl.invoke0(Native Method)
at java.base/jdk.internal.reflect.NativeMethodAccessorImpl.invoke(NativeMethodAccessorImpl.java:77)
at java.base/jdk.internal.reflect.DelegatingMethodAccessorImpl.invoke(DelegatingMethodAccessorImpl.java:43)
at java.base/java.lang.reflect.Method.invoke(Method.java:569)
at org.testng.internal.invokers.MethodInvocationHelper.invokeMethod(MethodInvocationHelper.java:139)
at org.testng.internal.invokers.TestInvoker.invokeMethod(TestInvoker.java:664)
at org.testng.internal.invokers.TestInvoker.invokeTestMethod(TestInvoker.java:228)
at org.testng.internal.invokers.MethodRunner.runInSequence(MethodRunner.java:63)
at org.testng.internal.invokers.TestInvoker$MethodInvocationAgent.invoke(TestInvoker.java:961)
at org.testng.internal.invokers.TestInvoker.invokeTestMethods(TestInvoker.java:201)
at org.testng.internal.invokers.TestMethodWorker.invokeTestMethods(TestMethodWorker.java:148)
at org.testng.internal.invokers.TestMethodWorker.run(TestMethodWorker.java:128)
at java.base/java.util.ArrayList.forEach(ArrayList.java:1511)
at org.testng.TestRunner.privateRun(TestRunner.java:819)
at org.testng.TestRunner.run(TestRunner.java:619)
at org.testng.SuiteRunner.runTest(SuiteRunner.java:443)
at org.testng.SuiteRunner.runSequentially(SuiteRunner.java:437)
at org.testng.SuiteRunner.privateRun(SuiteRunner.java:397)
at org.testng.SuiteRunner.run(SuiteRunner.java:336)
at org.testng.SuiteRunnerWorker.runSuite(SuiteRunnerWorker.java:52)
at org.testng.SuiteRunnerWorker.run(SuiteRunnerWorker.java:95)
at org.testng.TestNG.runSuitesSequentially(TestNG.java:1301)
at org.testng.TestNG.runSuitesLocally(TestNG.java:1228)
at org.testng.TestNG.runSuites(TestNG.java:1134)
at org.testng.TestNG.run(TestNG.java:1101)
at org.testng.remote.AbstractRemoteTestNG.run(AbstractRemoteTestNG.java:115)
at org.testng.remote.RemoteTestNG.initAndRun(RemoteTestNG.java:293)
at org.testng.remote.RemoteTestNG.main(RemoteTestNG.java:91)
]]>
            </full-stacktrace>
          </exception> <!-- java.lang.AssertionError -->
          <reporter-output>
          </reporter-output>
        </test-method> <!-- testSignUppageMultipleData -->
        <test-method is-config="true" signature="browserquit()[pri:0, instance:tests.SignUpTest@70cf32e3]" started-at="2025-04-17T00:43:47 IST" name="browserquit" finished-at="2025-04-17T00:43:47 IST" duration-ms="390" status="PASS">
          <reporter-output>
          </reporter-output>
        </test-method> <!-- browserquit -->
        <test-method is-config="true" signature="launchingBrowserandLoadingURL(java.lang.String)[pri:0, instance:tests.SignUpTest@70cf32e3]" started-at="2025-04-17T00:43:47 IST" name="launchingBrowserandLoadingURL" finished-at="2025-04-17T00:43:51 IST" duration-ms="3596" status="PASS">
          <params>
            <param index="0">
              <value>
                <![CDATA[chrome]]>
              </value>
            </param>
          </params>
          <reporter-output>
          </reporter-output>
        </test-method> <!-- launchingBrowserandLoadingURL -->
        <test-method signature="testSignUppageMultipleData(java.lang.String,java.lang.String,java.lang.String)[pri:3, instance:tests.SignUpTest@70cf32e3]" started-at="2025-04-17T00:43:51 IST" name="testSignUppageMultipleData" data-provider="signupData" finished-at="2025-04-17T00:43:52 IST" duration-ms="1405" status="PASS">
          <params>
            <param index="0">
              <value>
                <![CDATA[Madhumitha]]>
              </value>
            </param>
            <param index="1">
              <value>
                <![CDATA[Madhu@1234]]>
              </value>
            </param>
            <param index="2">
              <value>
                <![CDATA[This user already exist.]]>
              </value>
            </param>
          </params>
          <reporter-output>
          </reporter-output>
        </test-method> <!-- testSignUppageMultipleData -->
        <test-method is-config="true" signature="browserquit()[pri:0, instance:tests.SignUpTest@70cf32e3]" started-at="2025-04-17T00:43:53 IST" name="browserquit" finished-at="2025-04-17T00:43:53 IST" duration-ms="393" status="PASS">
          <reporter-output>
          </reporter-output>
        </test-method> <!-- browserquit -->
        <test-method is-config="true" signature="launchingBrowserandLoadingURL(java.lang.String)[pri:0, instance:tests.SignUpTest@70cf32e3]" started-at="2025-04-17T00:43:53 IST" name="launchingBrowserandLoadingURL" finished-at="2025-04-17T00:43:56 IST" duration-ms="3383" status="PASS">
          <params>
            <param index="0">
              <value>
                <![CDATA[chrome]]>
              </value>
            </param>
          </params>
          <reporter-output>
          </reporter-output>
        </test-method> <!-- launchingBrowserandLoadingURL -->
        <test-method signature="testSignUppageMultipleData(java.lang.String,java.lang.String,java.lang.String)[pri:3, instance:tests.SignUpTest@70cf32e3]" started-at="2025-04-17T00:43:56 IST" name="testSignUppageMultipleData" data-provider="signupData" finished-at="2025-04-17T00:43:58 IST" duration-ms="1355" status="PASS">
          <params>
            <param index="0">
              <value>
                <![CDATA[]]>
              </value>
            </param>
            <param index="1">
              <value>
                <![CDATA[]]>
              </value>
            </param>
            <param index="2">
              <value>
                <![CDATA[Please fill out Username and Password.]]>
              </value>
            </param>
          </params>
          <reporter-output>
          </reporter-output>
        </test-method> <!-- testSignUppageMultipleData -->
        <test-method is-config="true" signature="browserquit()[pri:0, instance:tests.SignUpTest@70cf32e3]" started-at="2025-04-17T00:43:58 IST" name="browserquit" finished-at="2025-04-17T00:43:59 IST" duration-ms="580" status="PASS">
          <reporter-output>
          </reporter-output>
        </test-method> <!-- browserquit -->
        <test-method is-config="true" signature="launchingBrowserandLoadingURL(java.lang.String)[pri:0, instance:tests.SignUpTest@70cf32e3]" started-at="2025-04-17T00:43:59 IST" name="launchingBrowserandLoadingURL" finished-at="2025-04-17T00:44:02 IST" duration-ms="3262" status="PASS">
          <params>
            <param index="0">
              <value>
                <![CDATA[chrome]]>
              </value>
            </param>
          </params>
          <reporter-output>
          </reporter-output>
        </test-method> <!-- launchingBrowserandLoadingURL -->
        <test-method signature="testSignUppageMultipleData(java.lang.String,java.lang.String,java.lang.String)[pri:3, instance:tests.SignUpTest@70cf32e3]" started-at="2025-04-17T00:44:02 IST" name="testSignUppageMultipleData" data-provider="signupData" finished-at="2025-04-17T00:44:04 IST" duration-ms="2002" status="FAIL">
          <params>
            <param index="0">
              <value>
                <![CDATA[@madhu*&%]]>
              </value>
            </param>
            <param index="1">
              <value>
                <![CDATA[Madhu@123]]>
              </value>
            </param>
            <param index="2">
              <value>
                <![CDATA[Special Character Invalid]]>
              </value>
            </param>
          </params>
          <exception class="java.lang.AssertionError">
            <message>
              <![CDATA[Signup test failed! expected [Special Character Invalid] but found [This user already exist.]]]>
            </message>
            <full-stacktrace>
              <![CDATA[java.lang.AssertionError: Signup test failed! expected [Special Character Invalid] but found [This user already exist.]
at org.testng.Assert.fail(Assert.java:111)
at org.testng.Assert.failNotEquals(Assert.java:1578)
at org.testng.Assert.assertEqualsImpl(Assert.java:150)
at org.testng.Assert.assertEquals(Assert.java:132)
at org.testng.Assert.assertEquals(Assert.java:656)
at tests.SignUpTest.testSignUppageMultipleData(SignUpTest.java:73)
at java.base/jdk.internal.reflect.NativeMethodAccessorImpl.invoke0(Native Method)
at java.base/jdk.internal.reflect.NativeMethodAccessorImpl.invoke(NativeMethodAccessorImpl.java:77)
at java.base/jdk.internal.reflect.DelegatingMethodAccessorImpl.invoke(DelegatingMethodAccessorImpl.java:43)
at java.base/java.lang.reflect.Method.invoke(Method.java:569)
at org.testng.internal.invokers.MethodInvocationHelper.invokeMethod(MethodInvocationHelper.java:139)
at org.testng.internal.invokers.TestInvoker.invokeMethod(TestInvoker.java:664)
at org.testng.internal.invokers.TestInvoker.invokeTestMethod(TestInvoker.java:228)
at org.testng.internal.invokers.MethodRunner.runInSequence(MethodRunner.java:63)
at org.testng.internal.invokers.TestInvoker$MethodInvocationAgent.invoke(TestInvoker.java:961)
at org.testng.internal.invokers.TestInvoker.invokeTestMethods(TestInvoker.java:201)
at org.testng.internal.invokers.TestMethodWorker.invokeTestMethods(TestMethodWorker.java:148)
at org.testng.internal.invokers.TestMethodWorker.run(TestMethodWorker.java:128)
at java.base/java.util.ArrayList.forEach(ArrayList.java:1511)
at org.testng.TestRunner.privateRun(TestRunner.java:819)
at org.testng.TestRunner.run(TestRunner.java:619)
at org.testng.SuiteRunner.runTest(SuiteRunner.java:443)
at org.testng.SuiteRunner.runSequentially(SuiteRunner.java:437)
at org.testng.SuiteRunner.privateRun(SuiteRunner.java:397)
at org.testng.SuiteRunner.run(SuiteRunner.java:336)
at org.testng.SuiteRunnerWorker.runSuite(SuiteRunnerWorker.java:52)
at org.testng.SuiteRunnerWorker.run(SuiteRunnerWorker.java:95)
at org.testng.TestNG.runSuitesSequentially(TestNG.java:1301)
at org.testng.TestNG.runSuitesLocally(TestNG.java:1228)
at org.testng.TestNG.runSuites(TestNG.java:1134)
at org.testng.TestNG.run(TestNG.java:1101)
at org.testng.remote.AbstractRemoteTestNG.run(AbstractRemoteTestNG.java:115)
at org.testng.remote.RemoteTestNG.initAndRun(RemoteTestNG.java:293)
at org.testng.remote.RemoteTestNG.main(RemoteTestNG.java:91)
]]>
            </full-stacktrace>
          </exception> <!-- java.lang.AssertionError -->
          <reporter-output>
          </reporter-output>
        </test-method> <!-- testSignUppageMultipleData -->
        <test-method is-config="true" signature="browserquit()[pri:0, instance:tests.SignUpTest@70cf32e3]" started-at="2025-04-17T00:44:04 IST" name="browserquit" finished-at="2025-04-17T00:44:05 IST" duration-ms="370" status="PASS">
          <reporter-output>
          </reporter-output>
        </test-method> <!-- browserquit -->
        <test-method is-config="true" signature="launchingBrowserandLoadingURL(java.lang.String)[pri:0, instance:tests.SignUpTest@70cf32e3]" started-at="2025-04-17T00:44:05 IST" name="launchingBrowserandLoadingURL" finished-at="2025-04-17T00:44:08 IST" duration-ms="3344" status="PASS">
          <params>
            <param index="0">
              <value>
                <![CDATA[chrome]]>
              </value>
            </param>
          </params>
          <reporter-output>
          </reporter-output>
        </test-method> <!-- launchingBrowserandLoadingURL -->
        <test-method signature="testSignUppageMultipleData(java.lang.String,java.lang.String,java.lang.String)[pri:3, instance:tests.SignUpTest@70cf32e3]" started-at="2025-04-17T00:44:08 IST" name="testSignUppageMultipleData" data-provider="signupData" finished-at="2025-04-17T00:44:09 IST" duration-ms="1300" status="PASS">
          <params>
            <param index="0">
              <value>
                <![CDATA[Madhu]]>
              </value>
            </param>
            <param index="1">
              <value>
                <![CDATA[]]>
              </value>
            </param>
            <param index="2">
              <value>
                <![CDATA[Please fill out Username and Password.]]>
              </value>
            </param>
          </params>
          <reporter-output>
          </reporter-output>
        </test-method> <!-- testSignUppageMultipleData -->
        <test-method is-config="true" signature="browserquit()[pri:0, instance:tests.SignUpTest@70cf32e3]" started-at="2025-04-17T00:44:10 IST" name="browserquit" finished-at="2025-04-17T00:44:10 IST" duration-ms="452" status="PASS">
          <reporter-output>
          </reporter-output>
        </test-method> <!-- browserquit -->
        <test-method is-config="true" signature="launchingBrowserandLoadingURL(java.lang.String)[pri:0, instance:tests.SignUpTest@70cf32e3]" started-at="2025-04-17T00:44:10 IST" name="launchingBrowserandLoadingURL" finished-at="2025-04-17T00:44:14 IST" duration-ms="3670" status="PASS">
          <params>
            <param index="0">
              <value>
                <![CDATA[chrome]]>
              </value>
            </param>
          </params>
          <reporter-output>
          </reporter-output>
        </test-method> <!-- launchingBrowserandLoadingURL -->
        <test-method signature="testSignUppageMultipleData(java.lang.String,java.lang.String,java.lang.String)[pri:3, instance:tests.SignUpTest@70cf32e3]" started-at="2025-04-17T00:44:14 IST" name="testSignUppageMultipleData" data-provider="signupData" finished-at="2025-04-17T00:44:16 IST" duration-ms="2029" status="FAIL">
          <params>
            <param index="0">
              <value>
                <![CDATA[Madhu_with_very_long_Mitha _exceeding_limit]]>
              </value>
            </param>
            <param index="1">
              <value>
                <![CDATA[Madhu2345]]>
              </value>
            </param>
            <param index="2">
              <value>
                <![CDATA[Sign up successful.]]>
              </value>
            </param>
          </params>
          <exception class="java.lang.AssertionError">
            <message>
              <![CDATA[Signup test failed! expected [Sign up successful.] but found [This user already exist.]]]>
            </message>
            <full-stacktrace>
              <![CDATA[java.lang.AssertionError: Signup test failed! expected [Sign up successful.] but found [This user already exist.]
at org.testng.Assert.fail(Assert.java:111)
at org.testng.Assert.failNotEquals(Assert.java:1578)
at org.testng.Assert.assertEqualsImpl(Assert.java:150)
at org.testng.Assert.assertEquals(Assert.java:132)
at org.testng.Assert.assertEquals(Assert.java:656)
at tests.SignUpTest.testSignUppageMultipleData(SignUpTest.java:73)
at java.base/jdk.internal.reflect.NativeMethodAccessorImpl.invoke0(Native Method)
at java.base/jdk.internal.reflect.NativeMethodAccessorImpl.invoke(NativeMethodAccessorImpl.java:77)
at java.base/jdk.internal.reflect.DelegatingMethodAccessorImpl.invoke(DelegatingMethodAccessorImpl.java:43)
at java.base/java.lang.reflect.Method.invoke(Method.java:569)
at org.testng.internal.invokers.MethodInvocationHelper.invokeMethod(MethodInvocationHelper.java:139)
at org.testng.internal.invokers.TestInvoker.invokeMethod(TestInvoker.java:664)
at org.testng.internal.invokers.TestInvoker.invokeTestMethod(TestInvoker.java:228)
at org.testng.internal.invokers.MethodRunner.runInSequence(MethodRunner.java:63)
at org.testng.internal.invokers.TestInvoker$MethodInvocationAgent.invoke(TestInvoker.java:961)
at org.testng.internal.invokers.TestInvoker.invokeTestMethods(TestInvoker.java:201)
at org.testng.internal.invokers.TestMethodWorker.invokeTestMethods(TestMethodWorker.java:148)
at org.testng.internal.invokers.TestMethodWorker.run(TestMethodWorker.java:128)
at java.base/java.util.ArrayList.forEach(ArrayList.java:1511)
at org.testng.TestRunner.privateRun(TestRunner.java:819)
at org.testng.TestRunner.run(TestRunner.java:619)
at org.testng.SuiteRunner.runTest(SuiteRunner.java:443)
at org.testng.SuiteRunner.runSequentially(SuiteRunner.java:437)
at org.testng.SuiteRunner.privateRun(SuiteRunner.java:397)
at org.testng.SuiteRunner.run(SuiteRunner.java:336)
at org.testng.SuiteRunnerWorker.runSuite(SuiteRunnerWorker.java:52)
at org.testng.SuiteRunnerWorker.run(SuiteRunnerWorker.java:95)
at org.testng.TestNG.runSuitesSequentially(TestNG.java:1301)
at org.testng.TestNG.runSuitesLocally(TestNG.java:1228)
at org.testng.TestNG.runSuites(TestNG.java:1134)
at org.testng.TestNG.run(TestNG.java:1101)
at org.testng.remote.AbstractRemoteTestNG.run(AbstractRemoteTestNG.java:115)
at org.testng.remote.RemoteTestNG.initAndRun(RemoteTestNG.java:293)
at org.testng.remote.RemoteTestNG.main(RemoteTestNG.java:91)
]]>
            </full-stacktrace>
          </exception> <!-- java.lang.AssertionError -->
          <reporter-output>
          </reporter-output>
        </test-method> <!-- testSignUppageMultipleData -->
        <test-method is-config="true" signature="browserquit()[pri:0, instance:tests.SignUpTest@70cf32e3]" started-at="2025-04-17T00:44:16 IST" name="browserquit" finished-at="2025-04-17T00:44:16 IST" duration-ms="365" status="PASS">
          <reporter-output>
          </reporter-output>
        </test-method> <!-- browserquit -->
        <test-method is-config="true" signature="launchingBrowserandLoadingURL(java.lang.String)[pri:0, instance:tests.SignUpTest@70cf32e3]" started-at="2025-04-17T00:44:16 IST" name="launchingBrowserandLoadingURL" finished-at="2025-04-17T00:44:20 IST" duration-ms="3542" status="PASS">
          <params>
            <param index="0">
              <value>
                <![CDATA[chrome]]>
              </value>
            </param>
          </params>
          <reporter-output>
          </reporter-output>
        </test-method> <!-- launchingBrowserandLoadingURL -->
        <test-method signature="testSignUppageMultipleData(java.lang.String,java.lang.String,java.lang.String)[pri:3, instance:tests.SignUpTest@70cf32e3]" started-at="2025-04-17T00:44:20 IST" name="testSignUppageMultipleData" data-provider="signupData" finished-at="2025-04-17T00:44:21 IST" duration-ms="1519" status="PASS">
          <params>
            <param index="0">
              <value>
                <![CDATA[]]>
              </value>
            </param>
            <param index="1">
              <value>
                <![CDATA[Pass#234]]>
              </value>
            </param>
            <param index="2">
              <value>
                <![CDATA[Please fill out Username and Password.]]>
              </value>
            </param>
          </params>
          <reporter-output>
          </reporter-output>
        </test-method> <!-- testSignUppageMultipleData -->
        <test-method is-config="true" signature="browserquit()[pri:0, instance:tests.SignUpTest@70cf32e3]" started-at="2025-04-17T00:44:22 IST" name="browserquit" finished-at="2025-04-17T00:44:22 IST" duration-ms="405" status="PASS">
          <reporter-output>
          </reporter-output>
        </test-method> <!-- browserquit -->
        <test-method is-config="true" signature="reportClose()[pri:0, instance:tests.SignUpTest@70cf32e3]" started-at="2025-04-17T00:57:54 IST" name="reportClose" finished-at="2025-04-17T00:57:55 IST" duration-ms="957" status="PASS">
          <reporter-output>
          </reporter-output>
        </test-method> <!-- reportClose -->
      </class> <!-- tests.SignUpTest -->
      <class name="tests.HomePageTest">
        <test-method is-config="true" signature="setup()[pri:0, instance:tests.HomePageTest@5c80cf32]" started-at="2025-04-17T00:43:17 IST" name="setup" finished-at="2025-04-17T00:43:17 IST" duration-ms="0" status="PASS">
          <reporter-output>
          </reporter-output>
        </test-method> <!-- setup -->
        <test-method is-config="true" signature="testDetails()[pri:0, instance:tests.HomePageTest@5c80cf32]" started-at="2025-04-17T00:45:43 IST" name="testDetails" finished-at="2025-04-17T00:45:43 IST" duration-ms="1" status="PASS">
          <reporter-output>
          </reporter-output>
        </test-method> <!-- testDetails -->
        <test-method is-config="true" signature="launchingBrowserandLoadingURL(java.lang.String)[pri:0, instance:tests.HomePageTest@5c80cf32]" started-at="2025-04-17T00:45:43 IST" name="launchingBrowserandLoadingURL" finished-at="2025-04-17T00:45:46 IST" duration-ms="3341" status="PASS">
          <params>
            <param index="0">
              <value>
                <![CDATA[chrome]]>
              </value>
            </param>
          </params>
          <reporter-output>
          </reporter-output>
        </test-method> <!-- launchingBrowserandLoadingURL -->
        <test-method signature="testWelcomeUsernameDisplayed()[pri:1, instance:tests.HomePageTest@5c80cf32]" started-at="2025-04-17T00:45:46 IST" name="testWelcomeUsernameDisplayed" finished-at="2025-04-17T00:45:54 IST" duration-ms="8050" status="PASS">
          <reporter-output>
          </reporter-output>
        </test-method> <!-- testWelcomeUsernameDisplayed -->
        <test-method is-config="true" signature="browserquit()[pri:0, instance:tests.HomePageTest@5c80cf32]" started-at="2025-04-17T00:45:54 IST" name="browserquit" finished-at="2025-04-17T00:45:55 IST" duration-ms="404" status="PASS">
          <reporter-output>
          </reporter-output>
        </test-method> <!-- browserquit -->
        <test-method is-config="true" signature="launchingBrowserandLoadingURL(java.lang.String)[pri:0, instance:tests.HomePageTest@5c80cf32]" started-at="2025-04-17T00:45:55 IST" name="launchingBrowserandLoadingURL" finished-at="2025-04-17T00:45:58 IST" duration-ms="3782" status="PASS">
          <params>
            <param index="0">
              <value>
                <![CDATA[chrome]]>
              </value>
            </param>
          </params>
          <reporter-output>
          </reporter-output>
        </test-method> <!-- launchingBrowserandLoadingURL -->
        <test-method signature="testHomePageElements()[pri:2, instance:tests.HomePageTest@5c80cf32]" started-at="2025-04-17T00:45:58 IST" name="testHomePageElements" finished-at="2025-04-17T00:46:14 IST" duration-ms="15981" status="PASS">
          <reporter-output>
          </reporter-output>
        </test-method> <!-- testHomePageElements -->
        <test-method is-config="true" signature="browserquit()[pri:0, instance:tests.HomePageTest@5c80cf32]" started-at="2025-04-17T00:46:15 IST" name="browserquit" finished-at="2025-04-17T00:46:15 IST" duration-ms="376" status="PASS">
          <reporter-output>
          </reporter-output>
        </test-method> <!-- browserquit -->
        <test-method is-config="true" signature="launchingBrowserandLoadingURL(java.lang.String)[pri:0, instance:tests.HomePageTest@5c80cf32]" started-at="2025-04-17T00:46:15 IST" name="launchingBrowserandLoadingURL" finished-at="2025-04-17T00:46:19 IST" duration-ms="3583" status="PASS">
          <params>
            <param index="0">
              <value>
                <![CDATA[chrome]]>
              </value>
            </param>
          </params>
          <reporter-output>
          </reporter-output>
        </test-method> <!-- launchingBrowserandLoadingURL -->
        <test-method signature="testWelcomeTextMismatch()[pri:3, instance:tests.HomePageTest@5c80cf32]" started-at="2025-04-17T00:46:19 IST" name="testWelcomeTextMismatch" finished-at="2025-04-17T00:46:20 IST" duration-ms="1164" status="PASS">
          <reporter-output>
          </reporter-output>
        </test-method> <!-- testWelcomeTextMismatch -->
        <test-method is-config="true" signature="browserquit()[pri:0, instance:tests.HomePageTest@5c80cf32]" started-at="2025-04-17T00:46:20 IST" name="browserquit" finished-at="2025-04-17T00:46:21 IST" duration-ms="362" status="PASS">
          <reporter-output>
          </reporter-output>
        </test-method> <!-- browserquit -->
        <test-method is-config="true" signature="launchingBrowserandLoadingURL(java.lang.String)[pri:0, instance:tests.HomePageTest@5c80cf32]" started-at="2025-04-17T00:46:21 IST" name="launchingBrowserandLoadingURL" finished-at="2025-04-17T00:46:25 IST" duration-ms="3998" status="PASS">
          <params>
            <param index="0">
              <value>
                <![CDATA[chrome]]>
              </value>
            </param>
          </params>
          <reporter-output>
          </reporter-output>
        </test-method> <!-- launchingBrowserandLoadingURL -->
        <test-method signature="printAllHomePageTexts()[pri:4, instance:tests.HomePageTest@5c80cf32]" started-at="2025-04-17T00:46:25 IST" name="printAllHomePageTexts" finished-at="2025-04-17T00:46:32 IST" duration-ms="7413" status="PASS">
          <reporter-output>
          </reporter-output>
        </test-method> <!-- printAllHomePageTexts -->
        <test-method is-config="true" signature="browserquit()[pri:0, instance:tests.HomePageTest@5c80cf32]" started-at="2025-04-17T00:46:32 IST" name="browserquit" finished-at="2025-04-17T00:46:33 IST" duration-ms="382" status="PASS">
          <reporter-output>
          </reporter-output>
        </test-method> <!-- browserquit -->
      </class> <!-- tests.HomePageTest -->
      <class name="tests.CartTest">
        <test-method is-config="true" signature="setup()[pri:0, instance:tests.CartTest@6cc4cdb9]" started-at="2025-04-17T00:43:17 IST" name="setup" finished-at="2025-04-17T00:43:17 IST" duration-ms="1" status="PASS">
          <reporter-output>
          </reporter-output>
        </test-method> <!-- setup -->
        <test-method is-config="true" signature="testDetails()[pri:0, instance:tests.CartTest@6cc4cdb9]" started-at="2025-04-17T00:47:27 IST" name="testDetails" finished-at="2025-04-17T00:47:27 IST" duration-ms="1" status="PASS">
          <reporter-output>
          </reporter-output>
        </test-method> <!-- testDetails -->
        <test-method is-config="true" signature="launchingBrowserandLoadingURL(java.lang.String)[pri:0, instance:tests.CartTest@6cc4cdb9]" started-at="2025-04-17T00:47:27 IST" name="launchingBrowserandLoadingURL" finished-at="2025-04-17T00:47:30 IST" duration-ms="3274" status="PASS">
          <params>
            <param index="0">
              <value>
                <![CDATA[chrome]]>
              </value>
            </param>
          </params>
          <reporter-output>
          </reporter-output>
        </test-method> <!-- launchingBrowserandLoadingURL -->
        <test-method signature="testAddToCart()[pri:1, instance:tests.CartTest@6cc4cdb9]" started-at="2025-04-17T00:47:30 IST" name="testAddToCart" finished-at="2025-04-17T00:47:43 IST" duration-ms="12497" status="PASS">
          <reporter-output>
          </reporter-output>
        </test-method> <!-- testAddToCart -->
        <test-method is-config="true" signature="browserquit()[pri:0, instance:tests.CartTest@6cc4cdb9]" started-at="2025-04-17T00:47:43 IST" name="browserquit" finished-at="2025-04-17T00:47:44 IST" duration-ms="931" status="PASS">
          <reporter-output>
          </reporter-output>
        </test-method> <!-- browserquit -->
        <test-method is-config="true" signature="launchingBrowserandLoadingURL(java.lang.String)[pri:0, instance:tests.CartTest@6cc4cdb9]" started-at="2025-04-17T00:47:44 IST" name="launchingBrowserandLoadingURL" finished-at="2025-04-17T00:47:47 IST" duration-ms="3550" status="PASS">
          <params>
            <param index="0">
              <value>
                <![CDATA[chrome]]>
              </value>
            </param>
          </params>
          <reporter-output>
          </reporter-output>
        </test-method> <!-- launchingBrowserandLoadingURL -->
        <test-method signature="removeItemFromCart()[pri:2, instance:tests.CartTest@6cc4cdb9]" started-at="2025-04-17T00:47:47 IST" name="removeItemFromCart" finished-at="2025-04-17T00:48:46 IST" duration-ms="58536" status="PASS">
          <reporter-output>
          </reporter-output>
        </test-method> <!-- removeItemFromCart -->
        <test-method is-config="true" signature="browserquit()[pri:0, instance:tests.CartTest@6cc4cdb9]" started-at="2025-04-17T00:48:46 IST" name="browserquit" finished-at="2025-04-17T00:48:46 IST" duration-ms="393" status="PASS">
          <reporter-output>
          </reporter-output>
        </test-method> <!-- browserquit -->
        <test-method is-config="true" signature="launchingBrowserandLoadingURL(java.lang.String)[pri:0, instance:tests.CartTest@6cc4cdb9]" started-at="2025-04-17T00:48:46 IST" name="launchingBrowserandLoadingURL" finished-at="2025-04-17T00:48:50 IST" duration-ms="3536" status="PASS">
          <params>
            <param index="0">
              <value>
                <![CDATA[chrome]]>
              </value>
            </param>
          </params>
          <reporter-output>
          </reporter-output>
        </test-method> <!-- launchingBrowserandLoadingURL -->
        <test-method signature="clearCartItem()[pri:3, instance:tests.CartTest@6cc4cdb9]" started-at="2025-04-17T00:48:50 IST" name="clearCartItem" finished-at="2025-04-17T00:49:31 IST" duration-ms="40602" status="PASS">
          <reporter-output>
          </reporter-output>
        </test-method> <!-- clearCartItem -->
        <test-method is-config="true" signature="browserquit()[pri:0, instance:tests.CartTest@6cc4cdb9]" started-at="2025-04-17T00:49:31 IST" name="browserquit" finished-at="2025-04-17T00:49:31 IST" duration-ms="388" status="PASS">
          <reporter-output>
          </reporter-output>
        </test-method> <!-- browserquit -->
        <test-method is-config="true" signature="launchingBrowserandLoadingURL(java.lang.String)[pri:0, instance:tests.CartTest@6cc4cdb9]" started-at="2025-04-17T00:49:31 IST" name="launchingBrowserandLoadingURL" finished-at="2025-04-17T00:49:35 IST" duration-ms="3492" status="PASS">
          <params>
            <param index="0">
              <value>
                <![CDATA[chrome]]>
              </value>
            </param>
          </params>
          <reporter-output>
          </reporter-output>
        </test-method> <!-- launchingBrowserandLoadingURL -->
        <test-method signature="totalPriceCalculation()[pri:4, instance:tests.CartTest@6cc4cdb9]" started-at="2025-04-17T00:49:35 IST" name="totalPriceCalculation" finished-at="2025-04-17T00:50:11 IST" duration-ms="36185" status="PASS">
          <reporter-output>
          </reporter-output>
        </test-method> <!-- totalPriceCalculation -->
        <test-method is-config="true" signature="browserquit()[pri:0, instance:tests.CartTest@6cc4cdb9]" started-at="2025-04-17T00:50:11 IST" name="browserquit" finished-at="2025-04-17T00:50:12 IST" duration-ms="406" status="PASS">
          <reporter-output>
          </reporter-output>
        </test-method> <!-- browserquit -->
        <test-method is-config="true" signature="launchingBrowserandLoadingURL(java.lang.String)[pri:0, instance:tests.CartTest@6cc4cdb9]" started-at="2025-04-17T00:50:12 IST" name="launchingBrowserandLoadingURL" finished-at="2025-04-17T00:50:15 IST" duration-ms="3749" status="PASS">
          <params>
            <param index="0">
              <value>
                <![CDATA[chrome]]>
              </value>
            </param>
          </params>
          <reporter-output>
          </reporter-output>
        </test-method> <!-- launchingBrowserandLoadingURL -->
        <test-method signature="proceedWithoutItems()[pri:5, instance:tests.CartTest@6cc4cdb9]" started-at="2025-04-17T00:50:15 IST" name="proceedWithoutItems" finished-at="2025-04-17T00:50:29 IST" duration-ms="13943" status="FAIL">
          <exception class="java.lang.ClassCastException">
            <message>
              <![CDATA[class jdk.proxy2.$Proxy19 cannot be cast to class org.openqa.selenium.By (jdk.proxy2.$Proxy19 is in module jdk.proxy2 of loader 'app'; org.openqa.selenium.By is in unnamed module of loader 'app')]]>
            </message>
            <full-stacktrace>
              <![CDATA[java.lang.ClassCastException: class jdk.proxy2.$Proxy19 cannot be cast to class org.openqa.selenium.By (jdk.proxy2.$Proxy19 is in module jdk.proxy2 of loader 'app'; org.openqa.selenium.By is in unnamed module of loader 'app')
at pages.CartPage.isPlaceOrderEnabled(CartPage.java:79)
at tests.CartTest.proceedWithoutItems(CartTest.java:183)
at java.base/jdk.internal.reflect.NativeMethodAccessorImpl.invoke0(Native Method)
at java.base/jdk.internal.reflect.NativeMethodAccessorImpl.invoke(NativeMethodAccessorImpl.java:77)
at java.base/jdk.internal.reflect.DelegatingMethodAccessorImpl.invoke(DelegatingMethodAccessorImpl.java:43)
at java.base/java.lang.reflect.Method.invoke(Method.java:569)
at org.testng.internal.invokers.MethodInvocationHelper.invokeMethod(MethodInvocationHelper.java:139)
at org.testng.internal.invokers.TestInvoker.invokeMethod(TestInvoker.java:664)
at org.testng.internal.invokers.TestInvoker.invokeTestMethod(TestInvoker.java:228)
at org.testng.internal.invokers.MethodRunner.runInSequence(MethodRunner.java:63)
at org.testng.internal.invokers.TestInvoker$MethodInvocationAgent.invoke(TestInvoker.java:961)
at org.testng.internal.invokers.TestInvoker.invokeTestMethods(TestInvoker.java:201)
at org.testng.internal.invokers.TestMethodWorker.invokeTestMethods(TestMethodWorker.java:148)
at org.testng.internal.invokers.TestMethodWorker.run(TestMethodWorker.java:128)
at java.base/java.util.ArrayList.forEach(ArrayList.java:1511)
at org.testng.TestRunner.privateRun(TestRunner.java:819)
at org.testng.TestRunner.run(TestRunner.java:619)
at org.testng.SuiteRunner.runTest(SuiteRunner.java:443)
at org.testng.SuiteRunner.runSequentially(SuiteRunner.java:437)
at org.testng.SuiteRunner.privateRun(SuiteRunner.java:397)
at org.testng.SuiteRunner.run(SuiteRunner.java:336)
at org.testng.SuiteRunnerWorker.runSuite(SuiteRunnerWorker.java:52)
at org.testng.SuiteRunnerWorker.run(SuiteRunnerWorker.java:95)
at org.testng.TestNG.runSuitesSequentially(TestNG.java:1301)
at org.testng.TestNG.runSuitesLocally(TestNG.java:1228)
at org.testng.TestNG.runSuites(TestNG.java:1134)
at org.testng.TestNG.run(TestNG.java:1101)
at org.testng.remote.AbstractRemoteTestNG.run(AbstractRemoteTestNG.java:115)
at org.testng.remote.RemoteTestNG.initAndRun(RemoteTestNG.java:293)
at org.testng.remote.RemoteTestNG.main(RemoteTestNG.java:91)
]]>
            </full-stacktrace>
          </exception> <!-- java.lang.ClassCastException -->
          <reporter-output>
          </reporter-output>
        </test-method> <!-- proceedWithoutItems -->
        <test-method is-config="true" signature="browserquit()[pri:0, instance:tests.CartTest@6cc4cdb9]" started-at="2025-04-17T00:50:30 IST" name="browserquit" finished-at="2025-04-17T00:50:30 IST" duration-ms="360" status="PASS">
          <reporter-output>
          </reporter-output>
        </test-method> <!-- browserquit -->
        <test-method is-config="true" signature="launchingBrowserandLoadingURL(java.lang.String)[pri:0, instance:tests.CartTest@6cc4cdb9]" started-at="2025-04-17T00:50:30 IST" name="launchingBrowserandLoadingURL" finished-at="2025-04-17T00:50:33 IST" duration-ms="3224" status="PASS">
          <params>
            <param index="0">
              <value>
                <![CDATA[chrome]]>
              </value>
            </param>
          </params>
          <reporter-output>
          </reporter-output>
        </test-method> <!-- launchingBrowserandLoadingURL -->
        <test-method signature="testAddToCartWithoutLogin()[pri:6, instance:tests.CartTest@6cc4cdb9]" started-at="2025-04-17T00:50:33 IST" name="testAddToCartWithoutLogin" finished-at="2025-04-17T00:50:37 IST" duration-ms="4213" status="FAIL">
          <exception class="java.lang.AssertionError">
            <message>
              <![CDATA[Expected login alert expected [true] but found [false]]]>
            </message>
            <full-stacktrace>
              <![CDATA[java.lang.AssertionError: Expected login alert expected [true] but found [false]
at org.testng.Assert.fail(Assert.java:111)
at org.testng.Assert.failNotEquals(Assert.java:1578)
at org.testng.Assert.assertTrue(Assert.java:57)
at tests.CartTest.testAddToCartWithoutLogin(CartTest.java:201)
at java.base/jdk.internal.reflect.NativeMethodAccessorImpl.invoke0(Native Method)
at java.base/jdk.internal.reflect.NativeMethodAccessorImpl.invoke(NativeMethodAccessorImpl.java:77)
at java.base/jdk.internal.reflect.DelegatingMethodAccessorImpl.invoke(DelegatingMethodAccessorImpl.java:43)
at java.base/java.lang.reflect.Method.invoke(Method.java:569)
at org.testng.internal.invokers.MethodInvocationHelper.invokeMethod(MethodInvocationHelper.java:139)
at org.testng.internal.invokers.TestInvoker.invokeMethod(TestInvoker.java:664)
at org.testng.internal.invokers.TestInvoker.invokeTestMethod(TestInvoker.java:228)
at org.testng.internal.invokers.MethodRunner.runInSequence(MethodRunner.java:63)
at org.testng.internal.invokers.TestInvoker$MethodInvocationAgent.invoke(TestInvoker.java:961)
at org.testng.internal.invokers.TestInvoker.invokeTestMethods(TestInvoker.java:201)
at org.testng.internal.invokers.TestMethodWorker.invokeTestMethods(TestMethodWorker.java:148)
at org.testng.internal.invokers.TestMethodWorker.run(TestMethodWorker.java:128)
at java.base/java.util.ArrayList.forEach(ArrayList.java:1511)
at org.testng.TestRunner.privateRun(TestRunner.java:819)
at org.testng.TestRunner.run(TestRunner.java:619)
at org.testng.SuiteRunner.runTest(SuiteRunner.java:443)
at org.testng.SuiteRunner.runSequentially(SuiteRunner.java:437)
at org.testng.SuiteRunner.privateRun(SuiteRunner.java:397)
at org.testng.SuiteRunner.run(SuiteRunner.java:336)
at org.testng.SuiteRunnerWorker.runSuite(SuiteRunnerWorker.java:52)
at org.testng.SuiteRunnerWorker.run(SuiteRunnerWorker.java:95)
at org.testng.TestNG.runSuitesSequentially(TestNG.java:1301)
at org.testng.TestNG.runSuitesLocally(TestNG.java:1228)
at org.testng.TestNG.runSuites(TestNG.java:1134)
at org.testng.TestNG.run(TestNG.java:1101)
at org.testng.remote.AbstractRemoteTestNG.run(AbstractRemoteTestNG.java:115)
at org.testng.remote.RemoteTestNG.initAndRun(RemoteTestNG.java:293)
at org.testng.remote.RemoteTestNG.main(RemoteTestNG.java:91)
]]>
            </full-stacktrace>
          </exception> <!-- java.lang.AssertionError -->
          <reporter-output>
          </reporter-output>
        </test-method> <!-- testAddToCartWithoutLogin -->
        <test-method is-config="true" signature="browserquit()[pri:0, instance:tests.CartTest@6cc4cdb9]" started-at="2025-04-17T00:50:38 IST" name="browserquit" finished-at="2025-04-17T00:50:38 IST" duration-ms="355" status="PASS">
          <reporter-output>
          </reporter-output>
        </test-method> <!-- browserquit -->
      </class> <!-- tests.CartTest -->
      <class name="tests.CheckoutTest">
        <test-method is-config="true" signature="setup()[pri:0, instance:tests.CheckoutTest@28194a50]" started-at="2025-04-17T00:43:17 IST" name="setup" finished-at="2025-04-17T00:43:17 IST" duration-ms="0" status="PASS">
          <reporter-output>
          </reporter-output>
        </test-method> <!-- setup -->
        <test-method is-config="true" signature="testDetails()[pri:0, instance:tests.CheckoutTest@28194a50]" started-at="2025-04-17T00:50:38 IST" name="testDetails" finished-at="2025-04-17T00:50:38 IST" duration-ms="1" status="PASS">
          <reporter-output>
          </reporter-output>
        </test-method> <!-- testDetails -->
        <test-method is-config="true" signature="launchingBrowserandLoadingURL(java.lang.String)[pri:0, instance:tests.CheckoutTest@28194a50]" started-at="2025-04-17T00:50:38 IST" name="launchingBrowserandLoadingURL" finished-at="2025-04-17T00:50:42 IST" duration-ms="3687" status="PASS">
          <params>
            <param index="0">
              <value>
                <![CDATA[chrome]]>
              </value>
            </param>
          </params>
          <reporter-output>
          </reporter-output>
        </test-method> <!-- launchingBrowserandLoadingURL -->
        <test-method signature="placeOrderModalOpens()[pri:1, instance:tests.CheckoutTest@28194a50]" started-at="2025-04-17T00:50:42 IST" name="placeOrderModalOpens" finished-at="2025-04-17T00:51:02 IST" duration-ms="19946" status="PASS">
          <reporter-output>
          </reporter-output>
        </test-method> <!-- placeOrderModalOpens -->
        <test-method is-config="true" signature="browserquit()[pri:0, instance:tests.CheckoutTest@28194a50]" started-at="2025-04-17T00:51:02 IST" name="browserquit" finished-at="2025-04-17T00:51:02 IST" duration-ms="390" status="PASS">
          <reporter-output>
          </reporter-output>
        </test-method> <!-- browserquit -->
        <test-method is-config="true" signature="launchingBrowserandLoadingURL(java.lang.String)[pri:0, instance:tests.CheckoutTest@28194a50]" started-at="2025-04-17T00:51:02 IST" name="launchingBrowserandLoadingURL" finished-at="2025-04-17T00:51:06 IST" duration-ms="3358" status="PASS">
          <params>
            <param index="0">
              <value>
                <![CDATA[chrome]]>
              </value>
            </param>
          </params>
          <reporter-output>
          </reporter-output>
        </test-method> <!-- launchingBrowserandLoadingURL -->
        <test-method signature="checkOutFieldPresent()[pri:2, instance:tests.CheckoutTest@28194a50]" started-at="2025-04-17T00:51:06 IST" name="checkOutFieldPresent" finished-at="2025-04-17T00:51:29 IST" duration-ms="23344" status="PASS">
          <reporter-output>
          </reporter-output>
        </test-method> <!-- checkOutFieldPresent -->
        <test-method is-config="true" signature="browserquit()[pri:0, instance:tests.CheckoutTest@28194a50]" started-at="2025-04-17T00:51:29 IST" name="browserquit" finished-at="2025-04-17T00:51:30 IST" duration-ms="396" status="PASS">
          <reporter-output>
          </reporter-output>
        </test-method> <!-- browserquit -->
        <test-method is-config="true" signature="launchingBrowserandLoadingURL(java.lang.String)[pri:0, instance:tests.CheckoutTest@28194a50]" started-at="2025-04-17T00:51:30 IST" name="launchingBrowserandLoadingURL" finished-at="2025-04-17T00:51:34 IST" duration-ms="4296" status="PASS">
          <params>
            <param index="0">
              <value>
                <![CDATA[chrome]]>
              </value>
            </param>
          </params>
          <reporter-output>
          </reporter-output>
        </test-method> <!-- launchingBrowserandLoadingURL -->
        <test-method signature="confirmPurchaseTest(java.lang.String,java.lang.String,java.lang.String,java.lang.String,java.lang.String,java.lang.String,java.lang.String)[pri:3, instance:tests.CheckoutTest@28194a50]" started-at="2025-04-17T00:51:34 IST" name="confirmPurchaseTest" data-provider="CheckoutPage" finished-at="2025-04-17T00:51:59 IST" duration-ms="24653" status="PASS">
          <params>
            <param index="0">
              <value>
                <![CDATA[Madhu]]>
              </value>
            </param>
            <param index="1">
              <value>
                <![CDATA[USA]]>
              </value>
            </param>
            <param index="2">
              <value>
                <![CDATA[Boston]]>
              </value>
            </param>
            <param index="3">
              <value>
                <![CDATA[6118111191111110]]>
              </value>
            </param>
            <param index="4">
              <value>
                <![CDATA[12]]>
              </value>
            </param>
            <param index="5">
              <value>
                <![CDATA[2025]]>
              </value>
            </param>
            <param index="6">
              <value>
                <![CDATA[success]]>
              </value>
            </param>
          </params>
          <reporter-output>
          </reporter-output>
        </test-method> <!-- confirmPurchaseTest -->
        <test-method is-config="true" signature="browserquit()[pri:0, instance:tests.CheckoutTest@28194a50]" started-at="2025-04-17T00:51:59 IST" name="browserquit" finished-at="2025-04-17T00:52:00 IST" duration-ms="392" status="PASS">
          <reporter-output>
          </reporter-output>
        </test-method> <!-- browserquit -->
        <test-method is-config="true" signature="launchingBrowserandLoadingURL(java.lang.String)[pri:0, instance:tests.CheckoutTest@28194a50]" started-at="2025-04-17T00:52:00 IST" name="launchingBrowserandLoadingURL" finished-at="2025-04-17T00:52:03 IST" duration-ms="3608" status="PASS">
          <params>
            <param index="0">
              <value>
                <![CDATA[chrome]]>
              </value>
            </param>
          </params>
          <reporter-output>
          </reporter-output>
        </test-method> <!-- launchingBrowserandLoadingURL -->
        <test-method signature="confirmPurchaseTest(java.lang.String,java.lang.String,java.lang.String,java.lang.String,java.lang.String,java.lang.String,java.lang.String)[pri:3, instance:tests.CheckoutTest@28194a50]" started-at="2025-04-17T00:52:03 IST" name="confirmPurchaseTest" data-provider="CheckoutPage" finished-at="2025-04-17T00:52:28 IST" duration-ms="24981" status="PASS">
          <params>
            <param index="0">
              <value>
                <![CDATA[Mitha]]>
              </value>
            </param>
            <param index="1">
              <value>
                <![CDATA[UK]]>
              </value>
            </param>
            <param index="2">
              <value>
                <![CDATA[London]]>
              </value>
            </param>
            <param index="3">
              <value>
                <![CDATA[5500000000000000]]>
              </value>
            </param>
            <param index="4">
              <value>
                <![CDATA[8]]>
              </value>
            </param>
            <param index="5">
              <value>
                <![CDATA[2023]]>
              </value>
            </param>
            <param index="6">
              <value>
                <![CDATA[success]]>
              </value>
            </param>
          </params>
          <reporter-output>
          </reporter-output>
        </test-method> <!-- confirmPurchaseTest -->
        <test-method is-config="true" signature="browserquit()[pri:0, instance:tests.CheckoutTest@28194a50]" started-at="2025-04-17T00:52:29 IST" name="browserquit" finished-at="2025-04-17T00:52:29 IST" duration-ms="653" status="PASS">
          <reporter-output>
          </reporter-output>
        </test-method> <!-- browserquit -->
        <test-method is-config="true" signature="launchingBrowserandLoadingURL(java.lang.String)[pri:0, instance:tests.CheckoutTest@28194a50]" started-at="2025-04-17T00:52:29 IST" name="launchingBrowserandLoadingURL" finished-at="2025-04-17T00:52:34 IST" duration-ms="4323" status="PASS">
          <params>
            <param index="0">
              <value>
                <![CDATA[chrome]]>
              </value>
            </param>
          </params>
          <reporter-output>
          </reporter-output>
        </test-method> <!-- launchingBrowserandLoadingURL -->
        <test-method signature="confirmPurchaseTest(java.lang.String,java.lang.String,java.lang.String,java.lang.String,java.lang.String,java.lang.String,java.lang.String)[pri:3, instance:tests.CheckoutTest@28194a50]" started-at="2025-04-17T00:52:34 IST" name="confirmPurchaseTest" data-provider="CheckoutPage" finished-at="2025-04-17T00:52:58 IST" duration-ms="24443" status="PASS">
          <params>
            <param index="0">
              <value>
                <![CDATA[]]>
              </value>
            </param>
            <param index="1">
              <value>
                <![CDATA[]]>
              </value>
            </param>
            <param index="2">
              <value>
                <![CDATA[]]>
              </value>
            </param>
            <param index="3">
              <value>
                <![CDATA[]]>
              </value>
            </param>
            <param index="4">
              <value>
                <![CDATA[]]>
              </value>
            </param>
            <param index="5">
              <value>
                <![CDATA[]]>
              </value>
            </param>
            <param index="6">
              <value>
                <![CDATA[Please fill out Name and Creditcard.]]>
              </value>
            </param>
          </params>
          <reporter-output>
          </reporter-output>
        </test-method> <!-- confirmPurchaseTest -->
        <test-method is-config="true" signature="browserquit()[pri:0, instance:tests.CheckoutTest@28194a50]" started-at="2025-04-17T00:52:58 IST" name="browserquit" finished-at="2025-04-17T00:52:59 IST" duration-ms="417" status="PASS">
          <reporter-output>
          </reporter-output>
        </test-method> <!-- browserquit -->
        <test-method is-config="true" signature="launchingBrowserandLoadingURL(java.lang.String)[pri:0, instance:tests.CheckoutTest@28194a50]" started-at="2025-04-17T00:52:59 IST" name="launchingBrowserandLoadingURL" finished-at="2025-04-17T00:53:17 IST" duration-ms="17654" status="PASS">
          <params>
            <param index="0">
              <value>
                <![CDATA[chrome]]>
              </value>
            </param>
          </params>
          <reporter-output>
          </reporter-output>
        </test-method> <!-- launchingBrowserandLoadingURL -->
        <test-method signature="confirmPurchaseTest(java.lang.String,java.lang.String,java.lang.String,java.lang.String,java.lang.String,java.lang.String,java.lang.String)[pri:3, instance:tests.CheckoutTest@28194a50]" started-at="2025-04-17T00:53:17 IST" name="confirmPurchaseTest" data-provider="CheckoutPage" finished-at="2025-04-17T00:53:50 IST" duration-ms="33022" status="PASS">
          <params>
            <param index="0">
              <value>
                <![CDATA[Mokthika]]>
              </value>
            </param>
            <param index="1">
              <value>
                <![CDATA[India]]>
              </value>
            </param>
            <param index="2">
              <value>
                <![CDATA[]]>
              </value>
            </param>
            <param index="3">
              <value>
                <![CDATA[123456789012]]>
              </value>
            </param>
            <param index="4">
              <value>
                <![CDATA[]]>
              </value>
            </param>
            <param index="5">
              <value>
                <![CDATA[]]>
              </value>
            </param>
            <param index="6">
              <value>
                <![CDATA[success]]>
              </value>
            </param>
          </params>
          <reporter-output>
          </reporter-output>
        </test-method> <!-- confirmPurchaseTest -->
        <test-method is-config="true" signature="browserquit()[pri:0, instance:tests.CheckoutTest@28194a50]" started-at="2025-04-17T00:53:50 IST" name="browserquit" finished-at="2025-04-17T00:53:50 IST" duration-ms="410" status="PASS">
          <reporter-output>
          </reporter-output>
        </test-method> <!-- browserquit -->
        <test-method is-config="true" signature="launchingBrowserandLoadingURL(java.lang.String)[pri:0, instance:tests.CheckoutTest@28194a50]" started-at="2025-04-17T00:53:50 IST" name="launchingBrowserandLoadingURL" finished-at="2025-04-17T00:53:55 IST" duration-ms="4805" status="PASS">
          <params>
            <param index="0">
              <value>
                <![CDATA[chrome]]>
              </value>
            </param>
          </params>
          <reporter-output>
          </reporter-output>
        </test-method> <!-- launchingBrowserandLoadingURL -->
        <test-method signature="confirmPurchaseTest(java.lang.String,java.lang.String,java.lang.String,java.lang.String,java.lang.String,java.lang.String,java.lang.String)[pri:3, instance:tests.CheckoutTest@28194a50]" started-at="2025-04-17T00:53:55 IST" name="confirmPurchaseTest" data-provider="CheckoutPage" finished-at="2025-04-17T00:54:19 IST" duration-ms="23942" status="PASS">
          <params>
            <param index="0">
              <value>
                <![CDATA[Madhu Mitha]]>
              </value>
            </param>
            <param index="1">
              <value>
                <![CDATA[India]]>
              </value>
            </param>
            <param index="2">
              <value>
                <![CDATA[Chennai]]>
              </value>
            </param>
            <param index="3">
              <value>
                <![CDATA[abcd123]]>
              </value>
            </param>
            <param index="4">
              <value>
                <![CDATA[4]]>
              </value>
            </param>
            <param index="5">
              <value>
                <![CDATA[2025]]>
              </value>
            </param>
            <param index="6">
              <value>
                <![CDATA[success]]>
              </value>
            </param>
          </params>
          <reporter-output>
          </reporter-output>
        </test-method> <!-- confirmPurchaseTest -->
        <test-method is-config="true" signature="browserquit()[pri:0, instance:tests.CheckoutTest@28194a50]" started-at="2025-04-17T00:54:19 IST" name="browserquit" finished-at="2025-04-17T00:54:20 IST" duration-ms="369" status="PASS">
          <reporter-output>
          </reporter-output>
        </test-method> <!-- browserquit -->
        <test-method is-config="true" signature="launchingBrowserandLoadingURL(java.lang.String)[pri:0, instance:tests.CheckoutTest@28194a50]" started-at="2025-04-17T00:54:20 IST" name="launchingBrowserandLoadingURL" finished-at="2025-04-17T00:54:23 IST" duration-ms="3439" status="PASS">
          <params>
            <param index="0">
              <value>
                <![CDATA[chrome]]>
              </value>
            </param>
          </params>
          <reporter-output>
          </reporter-output>
        </test-method> <!-- launchingBrowserandLoadingURL -->
        <test-method signature="confirmPurchaseTest(java.lang.String,java.lang.String,java.lang.String,java.lang.String,java.lang.String,java.lang.String,java.lang.String)[pri:3, instance:tests.CheckoutTest@28194a50]" started-at="2025-04-17T00:54:23 IST" name="confirmPurchaseTest" data-provider="CheckoutPage" finished-at="2025-04-17T00:54:46 IST" duration-ms="22920" status="PASS">
          <params>
            <param index="0">
              <value>
                <![CDATA[]]>
              </value>
            </param>
            <param index="1">
              <value>
                <![CDATA[India]]>
              </value>
            </param>
            <param index="2">
              <value>
                <![CDATA[Chennai]]>
              </value>
            </param>
            <param index="3">
              <value>
                <![CDATA[1234570000000000]]>
              </value>
            </param>
            <param index="4">
              <value>
                <![CDATA[4]]>
              </value>
            </param>
            <param index="5">
              <value>
                <![CDATA[2025]]>
              </value>
            </param>
            <param index="6">
              <value>
                <![CDATA[Please fill out Name and Creditcard.]]>
              </value>
            </param>
          </params>
          <reporter-output>
          </reporter-output>
        </test-method> <!-- confirmPurchaseTest -->
        <test-method is-config="true" signature="browserquit()[pri:0, instance:tests.CheckoutTest@28194a50]" started-at="2025-04-17T00:54:46 IST" name="browserquit" finished-at="2025-04-17T00:54:47 IST" duration-ms="404" status="PASS">
          <reporter-output>
          </reporter-output>
        </test-method> <!-- browserquit -->
        <test-method is-config="true" signature="launchingBrowserandLoadingURL(java.lang.String)[pri:0, instance:tests.CheckoutTest@28194a50]" started-at="2025-04-17T00:54:47 IST" name="launchingBrowserandLoadingURL" finished-at="2025-04-17T00:55:01 IST" duration-ms="14060" status="PASS">
          <params>
            <param index="0">
              <value>
                <![CDATA[chrome]]>
              </value>
            </param>
          </params>
          <reporter-output>
          </reporter-output>
        </test-method> <!-- launchingBrowserandLoadingURL -->
        <test-method signature="emptyFieldPurchase()[pri:4, instance:tests.CheckoutTest@28194a50]" started-at="2025-04-17T00:55:01 IST" name="emptyFieldPurchase" finished-at="2025-04-17T00:55:49 IST" duration-ms="47880" status="PASS">
          <reporter-output>
          </reporter-output>
        </test-method> <!-- emptyFieldPurchase -->
        <test-method is-config="true" signature="browserquit()[pri:0, instance:tests.CheckoutTest@28194a50]" started-at="2025-04-17T00:55:49 IST" name="browserquit" finished-at="2025-04-17T00:55:50 IST" duration-ms="385" status="PASS">
          <reporter-output>
          </reporter-output>
        </test-method> <!-- browserquit -->
        <test-method is-config="true" signature="launchingBrowserandLoadingURL(java.lang.String)[pri:0, instance:tests.CheckoutTest@28194a50]" started-at="2025-04-17T00:55:50 IST" name="launchingBrowserandLoadingURL" finished-at="2025-04-17T00:55:53 IST" duration-ms="3192" status="PASS">
          <params>
            <param index="0">
              <value>
                <![CDATA[chrome]]>
              </value>
            </param>
          </params>
          <reporter-output>
          </reporter-output>
        </test-method> <!-- launchingBrowserandLoadingURL -->
        <test-method signature="testCheckoutWithoutAddingItemsFails()[pri:6, instance:tests.CheckoutTest@28194a50]" started-at="2025-04-17T00:55:53 IST" name="testCheckoutWithoutAddingItemsFails" finished-at="2025-04-17T00:56:00 IST" duration-ms="7093" status="FAIL">
          <exception class="org.openqa.selenium.StaleElementReferenceException">
            <message>
              <![CDATA[stale element reference: stale element not found
  (Session info: chrome=134.0.6998.89)
For documentation on this error, please visit: https://www.selenium.dev/documentation/webdriver/troubleshooting/errors#stale-element-reference-exception
Build info: version: '4.21.0', revision: '79ed462ef4'
System info: os.name: 'Windows 11', os.arch: 'amd64', os.version: '10.0', java.version: '17.0.14'
Driver info: org.openqa.selenium.chrome.ChromeDriver
Command: [1b8911c3be1063baceb4bfcca8de90ef, clickElement {id=f.A8A10EE0D881FD05C5AAB65DFB277BB2.d.E159456AD008E366CB1FB404C9C231BA.e.98}]
Capabilities {acceptInsecureCerts: false, browserName: chrome, browserVersion: 134.0.6998.89, chrome: {chromedriverVersion: 134.0.6998.165 (fd886e2cb29..., userDataDir: C:\Users\madhu\AppData\Loca...}, fedcm:accounts: true, goog:chromeOptions: {debuggerAddress: localhost:60322}, networkConnectionEnabled: false, pageLoadStrategy: normal, platformName: windows, proxy: Proxy(), se:cdp: ws://localhost:60322/devtoo..., se:cdpVersion: 134.0.6998.89, setWindowRect: true, strictFileInteractability: false, timeouts: {implicit: 0, pageLoad: 300000, script: 30000}, unhandledPromptBehavior: dismiss and notify, webauthn:extension:credBlob: true, webauthn:extension:largeBlob: true, webauthn:extension:minPinLength: true, webauthn:extension:prf: true, webauthn:virtualAuthenticators: true}
Element: [[ChromeDriver: chrome on windows (1b8911c3be1063baceb4bfcca8de90ef)] -> id: cartur]
Session ID: 1b8911c3be1063baceb4bfcca8de90ef]]>
            </message>
            <full-stacktrace>
              <![CDATA[org.openqa.selenium.StaleElementReferenceException: stale element reference: stale element not found
  (Session info: chrome=134.0.6998.89)
For documentation on this error, please visit: https://www.selenium.dev/documentation/webdriver/troubleshooting/errors#stale-element-reference-exception
Build info: version: '4.21.0', revision: '79ed462ef4'
System info: os.name: 'Windows 11', os.arch: 'amd64', os.version: '10.0', java.version: '17.0.14'
Driver info: org.openqa.selenium.chrome.ChromeDriver
Command: [1b8911c3be1063baceb4bfcca8de90ef, clickElement {id=f.A8A10EE0D881FD05C5AAB65DFB277BB2.d.E159456AD008E366CB1FB404C9C231BA.e.98}]
Capabilities {acceptInsecureCerts: false, browserName: chrome, browserVersion: 134.0.6998.89, chrome: {chromedriverVersion: 134.0.6998.165 (fd886e2cb29..., userDataDir: C:\Users\madhu\AppData\Loca...}, fedcm:accounts: true, goog:chromeOptions: {debuggerAddress: localhost:60322}, networkConnectionEnabled: false, pageLoadStrategy: normal, platformName: windows, proxy: Proxy(), se:cdp: ws://localhost:60322/devtoo..., se:cdpVersion: 134.0.6998.89, setWindowRect: true, strictFileInteractability: false, timeouts: {implicit: 0, pageLoad: 300000, script: 30000}, unhandledPromptBehavior: dismiss and notify, webauthn:extension:credBlob: true, webauthn:extension:largeBlob: true, webauthn:extension:minPinLength: true, webauthn:extension:prf: true, webauthn:virtualAuthenticators: true}
Element: [[ChromeDriver: chrome on windows (1b8911c3be1063baceb4bfcca8de90ef)] -> id: cartur]
Session ID: 1b8911c3be1063baceb4bfcca8de90ef
at java.base/jdk.internal.reflect.NativeConstructorAccessorImpl.newInstance0(Native Method)
at java.base/jdk.internal.reflect.NativeConstructorAccessorImpl.newInstance(NativeConstructorAccessorImpl.java:77)
at java.base/jdk.internal.reflect.DelegatingConstructorAccessorImpl.newInstance(DelegatingConstructorAccessorImpl.java:45)
at java.base/java.lang.reflect.Constructor.newInstanceWithCaller(Constructor.java:500)
at java.base/java.lang.reflect.Constructor.newInstance(Constructor.java:481)
at org.openqa.selenium.remote.ErrorCodec.decode(ErrorCodec.java:167)
at org.openqa.selenium.remote.codec.w3c.W3CHttpResponseCodec.decode(W3CHttpResponseCodec.java:138)
at org.openqa.selenium.remote.codec.w3c.W3CHttpResponseCodec.decode(W3CHttpResponseCodec.java:50)
at org.openqa.selenium.remote.HttpCommandExecutor.execute(HttpCommandExecutor.java:190)
at org.openqa.selenium.remote.service.DriverCommandExecutor.invokeExecute(DriverCommandExecutor.java:216)
at org.openqa.selenium.remote.service.DriverCommandExecutor.execute(DriverCommandExecutor.java:174)
at org.openqa.selenium.remote.RemoteWebDriver.execute(RemoteWebDriver.java:518)
at org.openqa.selenium.remote.RemoteWebElement.execute(RemoteWebElement.java:223)
at org.openqa.selenium.remote.RemoteWebElement.click(RemoteWebElement.java:76)
at jdk.internal.reflect.GeneratedMethodAccessor3.invoke(Unknown Source)
at java.base/jdk.internal.reflect.DelegatingMethodAccessorImpl.invoke(DelegatingMethodAccessorImpl.java:43)
at java.base/java.lang.reflect.Method.invoke(Method.java:569)
at org.openqa.selenium.support.pagefactory.internal.LocatingElementHandler.invoke(LocatingElementHandler.java:51)
at jdk.proxy2/jdk.proxy2.$Proxy19.click(Unknown Source)
at pages.CartPage.goToCartButton(CartPage.java:54)
at tests.CheckoutTest.testCheckoutWithoutAddingItemsFails(CheckoutTest.java:178)
at java.base/jdk.internal.reflect.NativeMethodAccessorImpl.invoke0(Native Method)
at java.base/jdk.internal.reflect.NativeMethodAccessorImpl.invoke(NativeMethodAccessorImpl.java:77)
at java.base/jdk.internal.reflect.DelegatingMethodAccessorImpl.invoke(DelegatingMethodAccessorImpl.java:43)
at java.base/java.lang.reflect.Method.invoke(Method.java:569)
at org.testng.internal.invokers.MethodInvocationHelper.invokeMethod(MethodInvocationHelper.java:139)
at org.testng.internal.invokers.TestInvoker.invokeMethod(TestInvoker.java:664)
at org.testng.internal.invokers.TestInvoker.invokeTestMethod(TestInvoker.java:228)
at org.testng.internal.invokers.MethodRunner.runInSequence(MethodRunner.java:63)
at org.testng.internal.invokers.TestInvoker$MethodInvocationAgent.invoke(TestInvoker.java:961)
at org.testng.internal.invokers.TestInvoker.invokeTestMethods(TestInvoker.java:201)
at org.testng.internal.invokers.TestMethodWorker.invokeTestMethods(TestMethodWorker.java:148)
at org.testng.internal.invokers.TestMethodWorker.run(TestMethodWorker.java:128)
at java.base/java.util.ArrayList.forEach(ArrayList.java:1511)
at org.testng.TestRunner.privateRun(TestRunner.java:819)
at org.testng.TestRunner.run(TestRunner.java:619)
at org.testng.SuiteRunner.runTest(SuiteRunner.java:443)
at org.testng.SuiteRunner.runSequentially(SuiteRunner.java:437)
at org.testng.SuiteRunner.privateRun(SuiteRunner.java:397)
at org.testng.SuiteRunner.run(SuiteRunner.java:336)
at org.testng.SuiteRunnerWorker.runSuite(SuiteRunnerWorker.java:52)
at org.testng.SuiteRunnerWorker.run(SuiteRunnerWorker.java:95)
at org.testng.TestNG.runSuitesSequentially(TestNG.java:1301)
at org.testng.TestNG.runSuitesLocally(TestNG.java:1228)
at org.testng.TestNG.runSuites(TestNG.java:1134)
at org.testng.TestNG.run(TestNG.java:1101)
at org.testng.remote.AbstractRemoteTestNG.run(AbstractRemoteTestNG.java:115)
at org.testng.remote.RemoteTestNG.initAndRun(RemoteTestNG.java:293)
at org.testng.remote.RemoteTestNG.main(RemoteTestNG.java:91)
]]>
            </full-stacktrace>
          </exception> <!-- org.openqa.selenium.StaleElementReferenceException -->
          <reporter-output>
          </reporter-output>
        </test-method> <!-- testCheckoutWithoutAddingItemsFails -->
        <test-method is-config="true" signature="browserquit()[pri:0, instance:tests.CheckoutTest@28194a50]" started-at="2025-04-17T00:56:00 IST" name="browserquit" finished-at="2025-04-17T00:56:01 IST" duration-ms="359" status="PASS">
          <reporter-output>
          </reporter-output>
        </test-method> <!-- browserquit -->
      </class> <!-- tests.CheckoutTest -->
      <class name="tests.ProductPageTest">
        <test-method is-config="true" signature="setup()[pri:0, instance:tests.ProductPageTest@6f01b95f]" started-at="2025-04-17T00:43:17 IST" name="setup" finished-at="2025-04-17T00:43:17 IST" duration-ms="1" status="PASS">
          <reporter-output>
          </reporter-output>
        </test-method> <!-- setup -->
        <test-method is-config="true" signature="testDetails()[pri:0, instance:tests.ProductPageTest@6f01b95f]" started-at="2025-04-17T00:46:33 IST" name="testDetails" finished-at="2025-04-17T00:46:33 IST" duration-ms="1" status="PASS">
          <reporter-output>
          </reporter-output>
        </test-method> <!-- testDetails -->
        <test-method is-config="true" signature="launchingBrowserandLoadingURL(java.lang.String)[pri:0, instance:tests.ProductPageTest@6f01b95f]" started-at="2025-04-17T00:46:33 IST" name="launchingBrowserandLoadingURL" finished-at="2025-04-17T00:46:36 IST" duration-ms="3531" status="PASS">
          <params>
            <param index="0">
              <value>
                <![CDATA[chrome]]>
              </value>
            </param>
          </params>
          <reporter-output>
          </reporter-output>
        </test-method> <!-- launchingBrowserandLoadingURL -->
        <test-method signature="testProductDetails()[pri:1, instance:tests.ProductPageTest@6f01b95f]" started-at="2025-04-17T00:46:36 IST" name="testProductDetails" finished-at="2025-04-17T00:46:54 IST" duration-ms="17729" status="FAIL">
          <exception class="java.lang.AssertionError">
            <message>
              <![CDATA[Product Description does not match expected [Product description
The Samsung Galaxy S6 is powered by 1.5GHz octa-core Samsung Exynos 7420 processor and it comes with 3GB of RAM. The phone packs 32GB of internal storage cannot be expanded.] but found [true]]]>
            </message>
            <full-stacktrace>
              <![CDATA[java.lang.AssertionError: Product Description does not match expected [Product description
The Samsung Galaxy S6 is powered by 1.5GHz octa-core Samsung Exynos 7420 processor and it comes with 3GB of RAM. The phone packs 32GB of internal storage cannot be expanded.] but found [true]
at org.testng.Assert.fail(Assert.java:111)
at org.testng.Assert.failNotEquals(Assert.java:1578)
at org.testng.Assert.assertEqualsImpl(Assert.java:150)
at org.testng.Assert.assertEquals(Assert.java:132)
at tests.ProductPageTest.testProductDetails(ProductPageTest.java:65)
at java.base/jdk.internal.reflect.NativeMethodAccessorImpl.invoke0(Native Method)
at java.base/jdk.internal.reflect.NativeMethodAccessorImpl.invoke(NativeMethodAccessorImpl.java:77)
at java.base/jdk.internal.reflect.DelegatingMethodAccessorImpl.invoke(DelegatingMethodAccessorImpl.java:43)
at java.base/java.lang.reflect.Method.invoke(Method.java:569)
at org.testng.internal.invokers.MethodInvocationHelper.invokeMethod(MethodInvocationHelper.java:139)
at org.testng.internal.invokers.TestInvoker.invokeMethod(TestInvoker.java:664)
at org.testng.internal.invokers.TestInvoker.invokeTestMethod(TestInvoker.java:228)
at org.testng.internal.invokers.MethodRunner.runInSequence(MethodRunner.java:63)
at org.testng.internal.invokers.TestInvoker$MethodInvocationAgent.invoke(TestInvoker.java:961)
at org.testng.internal.invokers.TestInvoker.invokeTestMethods(TestInvoker.java:201)
at org.testng.internal.invokers.TestMethodWorker.invokeTestMethods(TestMethodWorker.java:148)
at org.testng.internal.invokers.TestMethodWorker.run(TestMethodWorker.java:128)
at java.base/java.util.ArrayList.forEach(ArrayList.java:1511)
at org.testng.TestRunner.privateRun(TestRunner.java:819)
at org.testng.TestRunner.run(TestRunner.java:619)
at org.testng.SuiteRunner.runTest(SuiteRunner.java:443)
at org.testng.SuiteRunner.runSequentially(SuiteRunner.java:437)
at org.testng.SuiteRunner.privateRun(SuiteRunner.java:397)
at org.testng.SuiteRunner.run(SuiteRunner.java:336)
at org.testng.SuiteRunnerWorker.runSuite(SuiteRunnerWorker.java:52)
at org.testng.SuiteRunnerWorker.run(SuiteRunnerWorker.java:95)
at org.testng.TestNG.runSuitesSequentially(TestNG.java:1301)
at org.testng.TestNG.runSuitesLocally(TestNG.java:1228)
at org.testng.TestNG.runSuites(TestNG.java:1134)
at org.testng.TestNG.run(TestNG.java:1101)
at org.testng.remote.AbstractRemoteTestNG.run(AbstractRemoteTestNG.java:115)
at org.testng.remote.RemoteTestNG.initAndRun(RemoteTestNG.java:293)
at org.testng.remote.RemoteTestNG.main(RemoteTestNG.java:91)
]]>
            </full-stacktrace>
          </exception> <!-- java.lang.AssertionError -->
          <reporter-output>
          </reporter-output>
        </test-method> <!-- testProductDetails -->
        <test-method is-config="true" signature="browserquit()[pri:0, instance:tests.ProductPageTest@6f01b95f]" started-at="2025-04-17T00:46:54 IST" name="browserquit" finished-at="2025-04-17T00:46:55 IST" duration-ms="382" status="PASS">
          <reporter-output>
          </reporter-output>
        </test-method> <!-- browserquit -->
        <test-method is-config="true" signature="launchingBrowserandLoadingURL(java.lang.String)[pri:0, instance:tests.ProductPageTest@6f01b95f]" started-at="2025-04-17T00:46:55 IST" name="launchingBrowserandLoadingURL" finished-at="2025-04-17T00:46:58 IST" duration-ms="3378" status="PASS">
          <params>
            <param index="0">
              <value>
                <![CDATA[chrome]]>
              </value>
            </param>
          </params>
          <reporter-output>
          </reporter-output>
        </test-method> <!-- launchingBrowserandLoadingURL -->
        <test-method signature="testProductDetailsDisplayed()[pri:2, instance:tests.ProductPageTest@6f01b95f]" started-at="2025-04-17T00:46:58 IST" name="testProductDetailsDisplayed" finished-at="2025-04-17T00:46:59 IST" duration-ms="1392" status="PASS">
          <reporter-output>
          </reporter-output>
        </test-method> <!-- testProductDetailsDisplayed -->
        <test-method is-config="true" signature="browserquit()[pri:0, instance:tests.ProductPageTest@6f01b95f]" started-at="2025-04-17T00:47:00 IST" name="browserquit" finished-at="2025-04-17T00:47:00 IST" duration-ms="426" status="PASS">
          <reporter-output>
          </reporter-output>
        </test-method> <!-- browserquit -->
        <test-method is-config="true" signature="launchingBrowserandLoadingURL(java.lang.String)[pri:0, instance:tests.ProductPageTest@6f01b95f]" started-at="2025-04-17T00:47:00 IST" name="launchingBrowserandLoadingURL" finished-at="2025-04-17T00:47:04 IST" duration-ms="3550" status="PASS">
          <params>
            <param index="0">
              <value>
                <![CDATA[chrome]]>
              </value>
            </param>
          </params>
          <reporter-output>
          </reporter-output>
        </test-method> <!-- launchingBrowserandLoadingURL -->
        <test-method signature="testAddToCartWithoutLogin()[pri:3, instance:tests.ProductPageTest@6f01b95f]" started-at="2025-04-17T00:47:04 IST" name="testAddToCartWithoutLogin" finished-at="2025-04-17T00:47:07 IST" duration-ms="3439" status="FAIL">
          <exception class="java.lang.AssertionError">
            <message>
              <![CDATA[Alert for unauthenticated add to cart not shown expected [true] but found [false]]]>
            </message>
            <full-stacktrace>
              <![CDATA[java.lang.AssertionError: Alert for unauthenticated add to cart not shown expected [true] but found [false]
at org.testng.Assert.fail(Assert.java:111)
at org.testng.Assert.failNotEquals(Assert.java:1578)
at org.testng.Assert.assertTrue(Assert.java:57)
at tests.ProductPageTest.testAddToCartWithoutLogin(ProductPageTest.java:96)
at java.base/jdk.internal.reflect.NativeMethodAccessorImpl.invoke0(Native Method)
at java.base/jdk.internal.reflect.NativeMethodAccessorImpl.invoke(NativeMethodAccessorImpl.java:77)
at java.base/jdk.internal.reflect.DelegatingMethodAccessorImpl.invoke(DelegatingMethodAccessorImpl.java:43)
at java.base/java.lang.reflect.Method.invoke(Method.java:569)
at org.testng.internal.invokers.MethodInvocationHelper.invokeMethod(MethodInvocationHelper.java:139)
at org.testng.internal.invokers.TestInvoker.invokeMethod(TestInvoker.java:664)
at org.testng.internal.invokers.TestInvoker.invokeTestMethod(TestInvoker.java:228)
at org.testng.internal.invokers.MethodRunner.runInSequence(MethodRunner.java:63)
at org.testng.internal.invokers.TestInvoker$MethodInvocationAgent.invoke(TestInvoker.java:961)
at org.testng.internal.invokers.TestInvoker.invokeTestMethods(TestInvoker.java:201)
at org.testng.internal.invokers.TestMethodWorker.invokeTestMethods(TestMethodWorker.java:148)
at org.testng.internal.invokers.TestMethodWorker.run(TestMethodWorker.java:128)
at java.base/java.util.ArrayList.forEach(ArrayList.java:1511)
at org.testng.TestRunner.privateRun(TestRunner.java:819)
at org.testng.TestRunner.run(TestRunner.java:619)
at org.testng.SuiteRunner.runTest(SuiteRunner.java:443)
at org.testng.SuiteRunner.runSequentially(SuiteRunner.java:437)
at org.testng.SuiteRunner.privateRun(SuiteRunner.java:397)
at org.testng.SuiteRunner.run(SuiteRunner.java:336)
at org.testng.SuiteRunnerWorker.runSuite(SuiteRunnerWorker.java:52)
at org.testng.SuiteRunnerWorker.run(SuiteRunnerWorker.java:95)
at org.testng.TestNG.runSuitesSequentially(TestNG.java:1301)
at org.testng.TestNG.runSuitesLocally(TestNG.java:1228)
at org.testng.TestNG.runSuites(TestNG.java:1134)
at org.testng.TestNG.run(TestNG.java:1101)
at org.testng.remote.AbstractRemoteTestNG.run(AbstractRemoteTestNG.java:115)
at org.testng.remote.RemoteTestNG.initAndRun(RemoteTestNG.java:293)
at org.testng.remote.RemoteTestNG.main(RemoteTestNG.java:91)
]]>
            </full-stacktrace>
          </exception> <!-- java.lang.AssertionError -->
          <reporter-output>
          </reporter-output>
        </test-method> <!-- testAddToCartWithoutLogin -->
        <test-method is-config="true" signature="browserquit()[pri:0, instance:tests.ProductPageTest@6f01b95f]" started-at="2025-04-17T00:47:07 IST" name="browserquit" finished-at="2025-04-17T00:47:08 IST" duration-ms="331" status="PASS">
          <reporter-output>
          </reporter-output>
        </test-method> <!-- browserquit -->
        <test-method is-config="true" signature="launchingBrowserandLoadingURL(java.lang.String)[pri:0, instance:tests.ProductPageTest@6f01b95f]" started-at="2025-04-17T00:47:08 IST" name="launchingBrowserandLoadingURL" finished-at="2025-04-17T00:47:11 IST" duration-ms="3410" status="PASS">
          <params>
            <param index="0">
              <value>
                <![CDATA[chrome]]>
              </value>
            </param>
          </params>
          <reporter-output>
          </reporter-output>
        </test-method> <!-- launchingBrowserandLoadingURL -->
        <test-method signature="testAddToCartAfterLogin()[pri:4, instance:tests.ProductPageTest@6f01b95f]" started-at="2025-04-17T00:47:11 IST" name="testAddToCartAfterLogin" finished-at="2025-04-17T00:47:20 IST" duration-ms="9001" status="PASS">
          <reporter-output>
          </reporter-output>
        </test-method> <!-- testAddToCartAfterLogin -->
        <test-method is-config="true" signature="browserquit()[pri:0, instance:tests.ProductPageTest@6f01b95f]" started-at="2025-04-17T00:47:20 IST" name="browserquit" finished-at="2025-04-17T00:47:21 IST" duration-ms="524" status="PASS">
          <reporter-output>
          </reporter-output>
        </test-method> <!-- browserquit -->
        <test-method is-config="true" signature="launchingBrowserandLoadingURL(java.lang.String)[pri:0, instance:tests.ProductPageTest@6f01b95f]" started-at="2025-04-17T00:47:21 IST" name="launchingBrowserandLoadingURL" finished-at="2025-04-17T00:47:24 IST" duration-ms="3465" status="PASS">
          <params>
            <param index="0">
              <value>
                <![CDATA[chrome]]>
              </value>
            </param>
          </params>
          <reporter-output>
          </reporter-output>
        </test-method> <!-- launchingBrowserandLoadingURL -->
        <test-method signature="verifyBackToHomeFunctionality()[pri:4, instance:tests.ProductPageTest@6f01b95f]" started-at="2025-04-17T00:47:24 IST" name="verifyBackToHomeFunctionality" finished-at="2025-04-17T00:47:26 IST" duration-ms="1557" status="PASS">
          <reporter-output>
          </reporter-output>
        </test-method> <!-- verifyBackToHomeFunctionality -->
        <test-method is-config="true" signature="browserquit()[pri:0, instance:tests.ProductPageTest@6f01b95f]" started-at="2025-04-17T00:47:26 IST" name="browserquit" finished-at="2025-04-17T00:47:27 IST" duration-ms="441" status="PASS">
          <reporter-output>
          </reporter-output>
        </test-method> <!-- browserquit -->
      </class> <!-- tests.ProductPageTest -->
      <class name="tests.LogoutTest">
        <test-method is-config="true" signature="setup()[pri:0, instance:tests.LogoutTest@7f2cfe3f]" started-at="2025-04-17T00:43:17 IST" name="setup" finished-at="2025-04-17T00:43:17 IST" duration-ms="1" status="PASS">
          <reporter-output>
          </reporter-output>
        </test-method> <!-- setup -->
        <test-method is-config="true" signature="testDetails()[pri:0, instance:tests.LogoutTest@7f2cfe3f]" started-at="2025-04-17T00:56:01 IST" name="testDetails" finished-at="2025-04-17T00:56:01 IST" duration-ms="2" status="PASS">
          <reporter-output>
          </reporter-output>
        </test-method> <!-- testDetails -->
        <test-method is-config="true" signature="launchingBrowserandLoadingURL(java.lang.String)[pri:0, instance:tests.LogoutTest@7f2cfe3f]" started-at="2025-04-17T00:56:01 IST" name="launchingBrowserandLoadingURL" finished-at="2025-04-17T00:56:04 IST" duration-ms="3360" status="PASS">
          <params>
            <param index="0">
              <value>
                <![CDATA[chrome]]>
              </value>
            </param>
          </params>
          <reporter-output>
          </reporter-output>
        </test-method> <!-- launchingBrowserandLoadingURL -->
        <test-method signature="logoutBtnVisible()[pri:1, instance:tests.LogoutTest@7f2cfe3f]" started-at="2025-04-17T00:56:04 IST" name="logoutBtnVisible" finished-at="2025-04-17T00:56:15 IST" duration-ms="10839" status="PASS">
          <reporter-output>
          </reporter-output>
        </test-method> <!-- logoutBtnVisible -->
        <test-method is-config="true" signature="browserquit()[pri:0, instance:tests.LogoutTest@7f2cfe3f]" started-at="2025-04-17T00:56:15 IST" name="browserquit" finished-at="2025-04-17T00:56:16 IST" duration-ms="714" status="PASS">
          <reporter-output>
          </reporter-output>
        </test-method> <!-- browserquit -->
        <test-method is-config="true" signature="launchingBrowserandLoadingURL(java.lang.String)[pri:0, instance:tests.LogoutTest@7f2cfe3f]" started-at="2025-04-17T00:56:16 IST" name="launchingBrowserandLoadingURL" finished-at="2025-04-17T00:56:19 IST" duration-ms="3619" status="PASS">
          <params>
            <param index="0">
              <value>
                <![CDATA[chrome]]>
              </value>
            </param>
          </params>
          <reporter-output>
          </reporter-output>
        </test-method> <!-- launchingBrowserandLoadingURL -->
        <test-method signature="validLogout()[pri:2, instance:tests.LogoutTest@7f2cfe3f]" started-at="2025-04-17T00:56:19 IST" name="validLogout" finished-at="2025-04-17T00:56:31 IST" duration-ms="11297" status="PASS">
          <reporter-output>
          </reporter-output>
        </test-method> <!-- validLogout -->
        <test-method is-config="true" signature="browserquit()[pri:0, instance:tests.LogoutTest@7f2cfe3f]" started-at="2025-04-17T00:56:36 IST" name="browserquit" finished-at="2025-04-17T00:56:44 IST" duration-ms="7707" status="PASS">
          <reporter-output>
          </reporter-output>
        </test-method> <!-- browserquit -->
        <test-method is-config="true" signature="launchingBrowserandLoadingURL(java.lang.String)[pri:0, instance:tests.LogoutTest@7f2cfe3f]" started-at="2025-04-17T00:56:44 IST" name="launchingBrowserandLoadingURL" finished-at="2025-04-17T00:57:00 IST" duration-ms="16114" status="PASS">
          <params>
            <param index="0">
              <value>
                <![CDATA[chrome]]>
              </value>
            </param>
          </params>
          <reporter-output>
          </reporter-output>
        </test-method> <!-- launchingBrowserandLoadingURL -->
        <test-method signature="accessCartMenu()[pri:3, instance:tests.LogoutTest@7f2cfe3f]" started-at="2025-04-17T00:57:00 IST" name="accessCartMenu" finished-at="2025-04-17T00:57:13 IST" duration-ms="13448" status="PASS">
          <reporter-output>
          </reporter-output>
        </test-method> <!-- accessCartMenu -->
        <test-method is-config="true" signature="browserquit()[pri:0, instance:tests.LogoutTest@7f2cfe3f]" started-at="2025-04-17T00:57:14 IST" name="browserquit" finished-at="2025-04-17T00:57:14 IST" duration-ms="423" status="PASS">
          <reporter-output>
          </reporter-output>
        </test-method> <!-- browserquit -->
        <test-method is-config="true" signature="launchingBrowserandLoadingURL(java.lang.String)[pri:0, instance:tests.LogoutTest@7f2cfe3f]" started-at="2025-04-17T00:57:14 IST" name="launchingBrowserandLoadingURL" finished-at="2025-04-17T00:57:19 IST" duration-ms="5052" status="PASS">
          <params>
            <param index="0">
              <value>
                <![CDATA[chrome]]>
              </value>
            </param>
          </params>
          <reporter-output>
          </reporter-output>
        </test-method> <!-- launchingBrowserandLoadingURL -->
        <test-method signature="sessionclearAfterLogout()[pri:4, instance:tests.LogoutTest@7f2cfe3f]" started-at="2025-04-17T00:57:19 IST" name="sessionclearAfterLogout" finished-at="2025-04-17T00:57:26 IST" duration-ms="7269" status="PASS">
          <reporter-output>
          </reporter-output>
        </test-method> <!-- sessionclearAfterLogout -->
        <test-method is-config="true" signature="browserquit()[pri:0, instance:tests.LogoutTest@7f2cfe3f]" started-at="2025-04-17T00:57:27 IST" name="browserquit" finished-at="2025-04-17T00:57:28 IST" duration-ms="881" status="PASS">
          <reporter-output>
          </reporter-output>
        </test-method> <!-- browserquit -->
        <test-method is-config="true" signature="launchingBrowserandLoadingURL(java.lang.String)[pri:0, instance:tests.LogoutTest@7f2cfe3f]" started-at="2025-04-17T00:57:28 IST" name="launchingBrowserandLoadingURL" finished-at="2025-04-17T00:57:31 IST" duration-ms="3382" status="PASS">
          <params>
            <param index="0">
              <value>
                <![CDATA[chrome]]>
              </value>
            </param>
          </params>
          <reporter-output>
          </reporter-output>
        </test-method> <!-- launchingBrowserandLoadingURL -->
        <test-method signature="LogoutwithoutLogin()[pri:5, instance:tests.LogoutTest@7f2cfe3f]" started-at="2025-04-17T00:57:31 IST" name="LogoutwithoutLogin" finished-at="2025-04-17T00:57:31 IST" duration-ms="74" status="PASS">
          <reporter-output>
          </reporter-output>
        </test-method> <!-- LogoutwithoutLogin -->
        <test-method is-config="true" signature="browserquit()[pri:0, instance:tests.LogoutTest@7f2cfe3f]" started-at="2025-04-17T00:57:31 IST" name="browserquit" finished-at="2025-04-17T00:57:32 IST" duration-ms="439" status="PASS">
          <reporter-output>
          </reporter-output>
        </test-method> <!-- browserquit -->
        <test-method is-config="true" signature="launchingBrowserandLoadingURL(java.lang.String)[pri:0, instance:tests.LogoutTest@7f2cfe3f]" started-at="2025-04-17T00:57:32 IST" name="launchingBrowserandLoadingURL" finished-at="2025-04-17T00:57:35 IST" duration-ms="3519" status="PASS">
          <params>
            <param index="0">
              <value>
                <![CDATA[chrome]]>
              </value>
            </param>
          </params>
          <reporter-output>
          </reporter-output>
        </test-method> <!-- launchingBrowserandLoadingURL -->
        <test-method signature="testMultipleLogouts()[pri:6, instance:tests.LogoutTest@7f2cfe3f]" started-at="2025-04-17T00:57:35 IST" name="testMultipleLogouts" finished-at="2025-04-17T00:57:54 IST" duration-ms="18091" status="PASS">
          <reporter-output>
          </reporter-output>
        </test-method> <!-- testMultipleLogouts -->
        <test-method is-config="true" signature="browserquit()[pri:0, instance:tests.LogoutTest@7f2cfe3f]" started-at="2025-04-17T00:57:54 IST" name="browserquit" finished-at="2025-04-17T00:57:54 IST" duration-ms="387" status="PASS">
          <reporter-output>
          </reporter-output>
        </test-method> <!-- browserquit -->
      </class> <!-- tests.LogoutTest -->
    </test> <!-- Test -->
  </suite> <!-- Mini-Project 1 -->
</testng-results>
