<?xml version="1.0" encoding="UTF-8"?>
<!-- Generated by org.testng.reporters.JUnitXMLReporter -->
<testsuite ignored="12" hostname="LAPTOP-RAGTTIV5" failures="10" tests="49" name="Test" time="877.698" errors="0" timestamp="2025-04-17T00:57:54 IST">
  <testcase classname="tests.SignUpTest" name="verifySignupButtonVisibility" time="5.091"/>
  <testcase classname="tests.SignUpTest" name="verifySignupModalOpens" time="5.318"/>
  <testcase classname="tests.SignUpTest" name="testSignUppageMultipleData" time="1.601">
    <failure type="java.lang.AssertionError" message="Signup test failed! expected [Sign up successful.] but found [This user already exist.]">
      <![CDATA[java.lang.AssertionError: Signup test failed! expected [Sign up successful.] but found [This user already exist.]
at tests.SignUpTest.testSignUppageMultipleData(SignUpTest.java:73)
at java.base/java.util.ArrayList.forEach(ArrayList.java:1511)
... Removed 32 stack frames]]>
    </failure>
  </testcase> <!-- testSignUppageMultipleData -->
  <testcase classname="tests.SignUpTest" name="testSignUppageMultipleData" time="1.405"/>
  <testcase classname="tests.SignUpTest" name="testSignUppageMultipleData" time="1.355"/>
  <testcase classname="tests.SignUpTest" name="testSignUppageMultipleData" time="2.002">
    <failure type="java.lang.AssertionError" message="Signup test failed! expected [Special Character Invalid] but found [This user already exist.]">
      <![CDATA[java.lang.AssertionError: Signup test failed! expected [Special Character Invalid] but found [This user already exist.]
at tests.SignUpTest.testSignUppageMultipleData(SignUpTest.java:73)
at java.base/java.util.ArrayList.forEach(ArrayList.java:1511)
... Removed 32 stack frames]]>
    </failure>
  </testcase> <!-- testSignUppageMultipleData -->
  <testcase classname="tests.SignUpTest" name="testSignUppageMultipleData" time="1.3"/>
  <testcase classname="tests.SignUpTest" name="testSignUppageMultipleData" time="2.029">
    <failure type="java.lang.AssertionError" message="Signup test failed! expected [Sign up successful.] but found [This user already exist.]">
      <![CDATA[java.lang.AssertionError: Signup test failed! expected [Sign up successful.] but found [This user already exist.]
at tests.SignUpTest.testSignUppageMultipleData(SignUpTest.java:73)
at java.base/java.util.ArrayList.forEach(ArrayList.java:1511)
... Removed 32 stack frames]]>
    </failure>
  </testcase> <!-- testSignUppageMultipleData -->
  <testcase classname="tests.SignUpTest" name="testSignUppageMultipleData" time="1.519"/>
  <testcase classname="tests.LoginTest" name="verifyLoginButtonVisibile" time="0.125"/>
  <testcase classname="tests.LoginTest" name="verifySignupModalOpens" time="0.285">
    <failure type="java.lang.AssertionError" message="Login modal did not open. expected [true] but found [false]">
      <![CDATA[java.lang.AssertionError: Login modal did not open. expected [true] but found [false]
at tests.LoginTest.verifySignupModalOpens(LoginTest.java:50)
at java.base/java.util.ArrayList.forEach(ArrayList.java:1511)
... Removed 30 stack frames]]>
    </failure>
  </testcase> <!-- verifySignupModalOpens -->
  <testcase classname="tests.LoginTest" name="testLogin" time="2.708"/>
  <testcase classname="tests.LoginTest" name="testLogin" time="7.155"/>
  <testcase classname="tests.LoginTest" name="testLogin" time="6.072"/>
  <testcase classname="tests.LoginTest" name="testLogin" time="6.155"/>
  <testcase classname="tests.LoginTest" name="testLogin" time="6.563"/>
  <testcase classname="tests.LoginTest" name="testLogin" time="6.623"/>
  <testcase classname="tests.LoginTest" name="testLogin" time="6.807">
    <failure type="java.lang.AssertionError" message="Alert message doesn&amp;apos;t match expected. expected [true] but found [false]">
      <![CDATA[java.lang.AssertionError: Alert message doesn't match expected. expected [true] but found [false]
at tests.LoginTest.testLogin(LoginTest.java:74)
at java.base/java.util.ArrayList.forEach(ArrayList.java:1511)
... Removed 30 stack frames]]>
    </failure>
  </testcase> <!-- testLogin -->
  <testcase classname="tests.HomePageTest" name="testWelcomeUsernameDisplayed" time="8.05"/>
  <testcase classname="tests.HomePageTest" name="testHomePageElements" time="15.981"/>
  <testcase classname="tests.HomePageTest" name="testWelcomeTextMismatch" time="1.164"/>
  <testcase classname="tests.HomePageTest" name="printAllHomePageTexts" time="7.413"/>
  <testcase classname="tests.ProductPageTest" name="testProductDetails" time="17.729">
    <failure type="java.lang.AssertionError" message="Product Description does not match expected [Product description
The Samsung Galaxy S6 is powered by 1.5GHz octa-core Samsung Exynos 7420 processor and it comes with 3GB of RAM. The phone packs 32GB of internal storage cannot be expanded.] but found [true]">
      <![CDATA[java.lang.AssertionError: Product Description does not match expected [Product description
The Samsung Galaxy S6 is powered by 1.5GHz octa-core Samsung Exynos 7420 processor and it comes with 3GB of RAM. The phone packs 32GB of internal storage cannot be expanded.] but found [true]
at tests.ProductPageTest.testProductDetails(ProductPageTest.java:65)
at java.base/java.util.ArrayList.forEach(ArrayList.java:1511)
... Removed 31 stack frames]]>
    </failure>
  </testcase> <!-- testProductDetails -->
  <testcase classname="tests.ProductPageTest" name="testProductDetailsDisplayed" time="1.392"/>
  <testcase classname="tests.ProductPageTest" name="testAddToCartWithoutLogin" time="3.439">
    <failure type="java.lang.AssertionError" message="Alert for unauthenticated add to cart not shown expected [true] but found [false]">
      <![CDATA[java.lang.AssertionError: Alert for unauthenticated add to cart not shown expected [true] but found [false]
at tests.ProductPageTest.testAddToCartWithoutLogin(ProductPageTest.java:96)
at java.base/java.util.ArrayList.forEach(ArrayList.java:1511)
... Removed 30 stack frames]]>
    </failure>
  </testcase> <!-- testAddToCartWithoutLogin -->
  <testcase classname="tests.ProductPageTest" name="testAddToCartAfterLogin" time="9.001"/>
  <testcase classname="tests.ProductPageTest" name="verifyBackToHomeFunctionality" time="1.557"/>
  <testcase classname="tests.CartTest" name="testAddToCart" time="12.497"/>
  <testcase classname="tests.CartTest" name="removeItemFromCart" time="58.536"/>
  <testcase classname="tests.CartTest" name="clearCartItem" time="40.602"/>
  <testcase classname="tests.CartTest" name="totalPriceCalculation" time="36.185"/>
  <testcase classname="tests.CartTest" name="proceedWithoutItems" time="13.943">
    <failure type="java.lang.ClassCastException" message="class jdk.proxy2.$Proxy19 cannot be cast to class org.openqa.selenium.By (jdk.proxy2.$Proxy19 is in module jdk.proxy2 of loader &amp;apos;app&amp;apos;; org.openqa.selenium.By is in unnamed module of loader &amp;apos;app&amp;apos;)">
      <![CDATA[java.lang.ClassCastException: class jdk.proxy2.$Proxy19 cannot be cast to class org.openqa.selenium.By (jdk.proxy2.$Proxy19 is in module jdk.proxy2 of loader 'app'; org.openqa.selenium.By is in unnamed module of loader 'app')
at pages.CartPage.isPlaceOrderEnabled(CartPage.java:79)
at tests.CartTest.proceedWithoutItems(CartTest.java:183)
at java.base/java.util.ArrayList.forEach(ArrayList.java:1511)
... Removed 27 stack frames]]>
    </failure>
  </testcase> <!-- proceedWithoutItems -->
  <testcase classname="tests.CartTest" name="testAddToCartWithoutLogin" time="4.213">
    <failure type="java.lang.AssertionError" message="Expected login alert expected [true] but found [false]">
      <![CDATA[java.lang.AssertionError: Expected login alert expected [true] but found [false]
at tests.CartTest.testAddToCartWithoutLogin(CartTest.java:201)
at java.base/java.util.ArrayList.forEach(ArrayList.java:1511)
... Removed 30 stack frames]]>
    </failure>
  </testcase> <!-- testAddToCartWithoutLogin -->
  <testcase classname="tests.CheckoutTest" name="placeOrderModalOpens" time="19.946"/>
  <testcase classname="tests.CheckoutTest" name="checkOutFieldPresent" time="23.344"/>
  <testcase classname="tests.CheckoutTest" name="confirmPurchaseTest" time="24.653"/>
  <testcase classname="tests.CheckoutTest" name="confirmPurchaseTest" time="24.981"/>
  <testcase classname="tests.CheckoutTest" name="confirmPurchaseTest" time="24.443"/>
  <testcase classname="tests.CheckoutTest" name="confirmPurchaseTest" time="33.022"/>
  <testcase classname="tests.CheckoutTest" name="confirmPurchaseTest" time="23.942"/>
  <testcase classname="tests.CheckoutTest" name="confirmPurchaseTest" time="22.92"/>
  <testcase classname="tests.CheckoutTest" name="emptyFieldPurchase" time="47.88"/>
  <testcase classname="tests.CheckoutTest" name="testCheckoutWithoutAddingItemsFails" time="7.093">
    <failure type="org.openqa.selenium.StaleElementReferenceException" message="stale element reference: stale element not found
  (Session info: chrome=134.0.6998.89)
For documentation on this error, please visit: https://www.selenium.dev/documentation/webdriver/troubleshooting/errors#stale-element-reference-exception
Build info: version: &amp;apos;4.21.0&amp;apos;, revision: &amp;apos;79ed462ef4&amp;apos;
System info: os.name: &amp;apos;Windows 11&amp;apos;, os.arch: &amp;apos;amd64&amp;apos;, os.version: &amp;apos;10.0&amp;apos;, java.version: &amp;apos;17.0.14&amp;apos;
Driver info: org.openqa.selenium.chrome.ChromeDriver
Command: [1b8911c3be1063baceb4bfcca8de90ef, clickElement {id=f.A8A10EE0D881FD05C5AAB65DFB277BB2.d.E159456AD008E366CB1FB404C9C231BA.e.98}]
Capabilities {acceptInsecureCerts: false, browserName: chrome, browserVersion: 134.0.6998.89, chrome: {chromedriverVersion: 134.0.6998.165 (fd886e2cb29..., userDataDir: C:\Users\madhu\AppData\Loca...}, fedcm:accounts: true, goog:chromeOptions: {debuggerAddress: localhost:60322}, networkConnectionEnabled: false, pageLoadStrategy: normal, platformName: windows, proxy: Proxy(), se:cdp: ws://localhost:60322/devtoo..., se:cdpVersion: 134.0.6998.89, setWindowRect: true, strictFileInteractability: false, timeouts: {implicit: 0, pageLoad: 300000, script: 30000}, unhandledPromptBehavior: dismiss and notify, webauthn:extension:credBlob: true, webauthn:extension:largeBlob: true, webauthn:extension:minPinLength: true, webauthn:extension:prf: true, webauthn:virtualAuthenticators: true}
Element: [[ChromeDriver: chrome on windows (1b8911c3be1063baceb4bfcca8de90ef)] -&amp;gt; id: cartur]
Session ID: 1b8911c3be1063baceb4bfcca8de90ef">
      <![CDATA[org.openqa.selenium.StaleElementReferenceException: stale element reference: stale element not found
  (Session info: chrome=134.0.6998.89)
For documentation on this error, please visit: https://www.selenium.dev/documentation/webdriver/troubleshooting/errors#stale-element-reference-exception
Build info: version: '4.21.0', revision: '79ed462ef4'
System info: os.name: 'Windows 11', os.arch: 'amd64', os.version: '10.0', java.version: '17.0.14'
Driver info: org.openqa.selenium.chrome.ChromeDriver
Command: [1b8911c3be1063baceb4bfcca8de90ef, clickElement {id=f.A8A10EE0D881FD05C5AAB65DFB277BB2.d.E159456AD008E366CB1FB404C9C231BA.e.98}]
Capabilities {acceptInsecureCerts: false, browserName: chrome, browserVersion: 134.0.6998.89, chrome: {chromedriverVersion: 134.0.6998.165 (fd886e2cb29..., userDataDir: C:\Users\madhu\AppData\Loca...}, fedcm:accounts: true, goog:chromeOptions: {debuggerAddress: localhost:60322}, networkConnectionEnabled: false, pageLoadStrategy: normal, platformName: windows, proxy: Proxy(), se:cdp: ws://localhost:60322/devtoo..., se:cdpVersion: 134.0.6998.89, setWindowRect: true, strictFileInteractability: false, timeouts: {implicit: 0, pageLoad: 300000, script: 30000}, unhandledPromptBehavior: dismiss and notify, webauthn:extension:credBlob: true, webauthn:extension:largeBlob: true, webauthn:extension:minPinLength: true, webauthn:extension:prf: true, webauthn:virtualAuthenticators: true}
Element: [[ChromeDriver: chrome on windows (1b8911c3be1063baceb4bfcca8de90ef)] -> id: cartur]
Session ID: 1b8911c3be1063baceb4bfcca8de90ef
at org.openqa.selenium.remote.ErrorCodec.decode(ErrorCodec.java:167)
at org.openqa.selenium.remote.codec.w3c.W3CHttpResponseCodec.decode(W3CHttpResponseCodec.java:138)
at org.openqa.selenium.remote.codec.w3c.W3CHttpResponseCodec.decode(W3CHttpResponseCodec.java:50)
at org.openqa.selenium.remote.HttpCommandExecutor.execute(HttpCommandExecutor.java:190)
at org.openqa.selenium.remote.service.DriverCommandExecutor.invokeExecute(DriverCommandExecutor.java:216)
at org.openqa.selenium.remote.service.DriverCommandExecutor.execute(DriverCommandExecutor.java:174)
at org.openqa.selenium.remote.RemoteWebDriver.execute(RemoteWebDriver.java:518)
at org.openqa.selenium.remote.RemoteWebElement.execute(RemoteWebElement.java:223)
at org.openqa.selenium.remote.RemoteWebElement.click(RemoteWebElement.java:76)
at org.openqa.selenium.support.pagefactory.internal.LocatingElementHandler.invoke(LocatingElementHandler.java:51)
at jdk.proxy2/jdk.proxy2.$Proxy19.click(Unknown Source)
at pages.CartPage.goToCartButton(CartPage.java:54)
at tests.CheckoutTest.testCheckoutWithoutAddingItemsFails(CheckoutTest.java:178)
at java.base/java.util.ArrayList.forEach(ArrayList.java:1511)
... Removed 35 stack frames]]>
    </failure>
  </testcase> <!-- testCheckoutWithoutAddingItemsFails -->
  <testcase classname="tests.LogoutTest" name="logoutBtnVisible" time="10.839"/>
  <testcase classname="tests.LogoutTest" name="validLogout" time="11.297"/>
  <testcase classname="tests.LogoutTest" name="accessCartMenu" time="13.448"/>
  <testcase classname="tests.LogoutTest" name="sessionclearAfterLogout" time="7.269"/>
  <testcase classname="tests.LogoutTest" name="LogoutwithoutLogin" time="0.074"/>
  <testcase classname="tests.LogoutTest" name="testMultipleLogouts" time="18.091"/>
  <testcase classname="base.BaseTest" name="@BeforeSuite setupReport" time="0.0">
    <ignored/>
  </testcase> <!-- @BeforeSuite setupReport -->
  <testcase classname="base.BaseTest" name="@AfterSuite reportClose" time="0.0">
    <ignored/>
  </testcase> <!-- @AfterSuite reportClose -->
  <testcase classname="base.BaseTest" name="@BeforeSuite setupReport" time="0.0">
    <ignored/>
  </testcase> <!-- @BeforeSuite setupReport -->
  <testcase classname="base.BaseTest" name="@AfterSuite reportClose" time="0.0">
    <ignored/>
  </testcase> <!-- @AfterSuite reportClose -->
  <testcase classname="base.BaseTest" name="@AfterSuite reportClose" time="0.0">
    <ignored/>
  </testcase> <!-- @AfterSuite reportClose -->
  <testcase classname="base.BaseTest" name="@BeforeSuite setupReport" time="0.0">
    <ignored/>
  </testcase> <!-- @BeforeSuite setupReport -->
  <testcase classname="base.BaseTest" name="@BeforeSuite setupReport" time="0.0">
    <ignored/>
  </testcase> <!-- @BeforeSuite setupReport -->
  <testcase classname="base.BaseTest" name="@BeforeSuite setupReport" time="0.0">
    <ignored/>
  </testcase> <!-- @BeforeSuite setupReport -->
  <testcase classname="base.BaseTest" name="@AfterSuite reportClose" time="0.0">
    <ignored/>
  </testcase> <!-- @AfterSuite reportClose -->
  <testcase classname="base.BaseTest" name="@AfterSuite reportClose" time="0.0">
    <ignored/>
  </testcase> <!-- @AfterSuite reportClose -->
  <testcase classname="base.BaseTest" name="@BeforeSuite setupReport" time="0.0">
    <ignored/>
  </testcase> <!-- @BeforeSuite setupReport -->
  <testcase classname="base.BaseTest" name="@AfterSuite reportClose" time="0.0">
    <ignored/>
  </testcase> <!-- @AfterSuite reportClose -->
</testsuite> <!-- Test -->
